2020-11-12 21:45:46.555  INFO 3608 --- [main] com.alipay.sofa.common.log               : Sofa-Middleware-Log SLF4J : Actual logging.path is [ /Users/youxuehu/IdeaProjects/springboot-demo/sofa-boot-project/primary-sofa-boot-client/logs ]
2020-11-12 21:45:46.558  INFO 3608 --- [main] com.alipay.sofa.common.log               : Sofa-Middleware-Log SLF4J : Actual binding is of type [ com.alipay.sofa.infra Logback ]
2020-11-12 21:45:46.603  INFO 3608 --- [main] com.alipay.sofa.common.log               : Sofa-Middleware-Log SLF4J : Actual logging.path is [ /Users/youxuehu/IdeaProjects/springboot-demo/sofa-boot-project/primary-sofa-boot-client/logs ]
2020-11-12 21:45:46.604  INFO 3608 --- [main] com.alipay.sofa.common.log               : Sofa-Middleware-Log SLF4J : Actual logging.path is [ /Users/youxuehu/IdeaProjects/springboot-demo/sofa-boot-project/primary-sofa-boot-client/logs ]
2020-11-12 21:45:46.605  INFO 3608 --- [main] com.alipay.sofa.common.log               : Sofa-Middleware-Log SLF4J : Actual logging.path is [ /Users/youxuehu/IdeaProjects/springboot-demo/sofa-boot-project/primary-sofa-boot-client/logs ]
2020-11-12 21:45:46.606  INFO 3608 --- [main] com.alipay.sofa.common.log               : Sofa-Middleware-Log SLF4J : Actual binding is of type [ com.alipay.sofa.runtime Logback ]
2020-11-12 21:45:46.620  INFO 3608 --- [main] c.e.p.PrimarySofaBootClientApplication   : Starting PrimarySofaBootClientApplication on youxuehudeiMac.lan with PID 3608 (/Users/youxuehu/IdeaProjects/springboot-demo/sofa-boot-project/primary-sofa-boot-client/target/classes started by youxuehu in /Users/youxuehu/IdeaProjects/springboot-demo/sofa-boot-project)
2020-11-12 21:45:46.621  INFO 3608 --- [main] c.e.p.PrimarySofaBootClientApplication   : No active profile set, falling back to default profiles: default
2020-11-12 21:45:46.669  INFO 3608 --- [main] ConfigServletWebServerApplicationContext : Refreshing org.springframework.boot.web.servlet.context.AnnotationConfigServletWebServerApplicationContext@30ee2816: startup date [Thu Nov 12 21:45:46 CST 2020]; root of context hierarchy
2020-11-12 21:45:46.893  INFO 3608 --- [main] o.s.b.f.xml.XmlBeanDefinitionReader      : Loading XML bean definitions from URL [file:/Users/youxuehu/IdeaProjects/springboot-demo/sofa-boot-project/primary-sofa-boot-client/target/classes/service-bean.xml]
2020-11-12 21:45:46.958  INFO 3608 --- [main] com.alipay.sofa.common.log               : Sofa-Middleware-Log SLF4J : Actual binding is of type [ com.alipay.sofa.rpc.boot Logback ]
2020-11-12 21:45:47.366  INFO 3608 --- [main] o.s.b.w.embedded.tomcat.TomcatWebServer  : Tomcat initialized with port(s): 8888 (http)
2020-11-12 21:45:47.384  INFO 3608 --- [main] o.apache.catalina.core.StandardService   : Starting service [Tomcat]
2020-11-12 21:45:47.384  INFO 3608 --- [main] org.apache.catalina.core.StandardEngine  : Starting Servlet Engine: Apache Tomcat/8.5.31
2020-11-12 21:45:47.386  INFO 3608 --- [localhost-startStop-1] o.a.catalina.core.AprLifecycleListener   : The APR based Apache Tomcat Native library which allows optimal performance in production environments was not found on the java.library.path: [/Users/youxuehu/Library/Java/Extensions:/Library/Java/Extensions:/Network/Library/Java/Extensions:/System/Library/Java/Extensions:/usr/lib/java:.]
2020-11-12 21:45:47.429  INFO 3608 --- [localhost-startStop-1] o.a.c.c.C.[Tomcat].[localhost].[/]       : Initializing Spring embedded WebApplicationContext
2020-11-12 21:45:47.429  INFO 3608 --- [localhost-startStop-1] o.s.web.context.ContextLoader            : Root WebApplicationContext: initialization completed in 761 ms
2020-11-12 21:45:47.487  INFO 3608 --- [localhost-startStop-1] o.s.b.w.servlet.ServletRegistrationBean  : Servlet dispatcherServlet mapped to [/]
2020-11-12 21:45:47.489  INFO 3608 --- [localhost-startStop-1] o.s.b.w.servlet.FilterRegistrationBean   : Mapping filter: 'characterEncodingFilter' to: [/*]
2020-11-12 21:45:47.490  INFO 3608 --- [localhost-startStop-1] o.s.b.w.servlet.FilterRegistrationBean   : Mapping filter: 'hiddenHttpMethodFilter' to: [/*]
2020-11-12 21:45:47.490  INFO 3608 --- [localhost-startStop-1] o.s.b.w.servlet.FilterRegistrationBean   : Mapping filter: 'httpPutFormContentFilter' to: [/*]
2020-11-12 21:45:47.490  INFO 3608 --- [localhost-startStop-1] o.s.b.w.servlet.FilterRegistrationBean   : Mapping filter: 'requestContextFilter' to: [/*]
2020-11-12 21:45:47.540  INFO 3608 --- [main] com.alipay.sofa.common.log               : Sofa-Middleware-Log SLF4J : Actual binding is of type [ com.alipay.sofa.rpc Logback ]
2020-11-12 21:45:48.368  INFO 3608 --- [main] o.s.w.s.handler.SimpleUrlHandlerMapping  : Mapped URL path [/**/favicon.ico] onto handler of type [class org.springframework.web.servlet.resource.ResourceHttpRequestHandler]
2020-11-12 21:45:48.457  INFO 3608 --- [main] s.w.s.m.m.a.RequestMappingHandlerAdapter : Looking for @ControllerAdvice: org.springframework.boot.web.servlet.context.AnnotationConfigServletWebServerApplicationContext@30ee2816: startup date [Thu Nov 12 21:45:46 CST 2020]; root of context hierarchy
2020-11-12 21:45:48.483  INFO 3608 --- [main] s.w.s.m.m.a.RequestMappingHandlerMapping : Mapped "{[/sayHello],methods=[GET]}" onto public java.lang.String com.example.primarysofabootclient.controller.HelloController.sayHello(java.lang.String)
2020-11-12 21:45:48.483  INFO 3608 --- [main] s.w.s.m.m.a.RequestMappingHandlerMapping : Mapped "{[/request],methods=[GET]}" onto public java.lang.String com.example.primarysofabootclient.controller.TestController.request()
2020-11-12 21:45:48.485  INFO 3608 --- [main] s.w.s.m.m.a.RequestMappingHandlerMapping : Mapped "{[/error]}" onto public org.springframework.http.ResponseEntity<java.util.Map<java.lang.String, java.lang.Object>> org.springframework.boot.autoconfigure.web.servlet.error.BasicErrorController.error(javax.servlet.http.HttpServletRequest)
2020-11-12 21:45:48.485  INFO 3608 --- [main] s.w.s.m.m.a.RequestMappingHandlerMapping : Mapped "{[/error],produces=[text/html]}" onto public org.springframework.web.servlet.ModelAndView org.springframework.boot.autoconfigure.web.servlet.error.BasicErrorController.errorHtml(javax.servlet.http.HttpServletRequest,javax.servlet.http.HttpServletResponse)
2020-11-12 21:45:48.500  INFO 3608 --- [main] o.s.w.s.handler.SimpleUrlHandlerMapping  : Mapped URL path [/webjars/**] onto handler of type [class org.springframework.web.servlet.resource.ResourceHttpRequestHandler]
2020-11-12 21:45:48.500  INFO 3608 --- [main] o.s.w.s.handler.SimpleUrlHandlerMapping  : Mapped URL path [/**] onto handler of type [class org.springframework.web.servlet.resource.ResourceHttpRequestHandler]
2020-11-12 21:45:48.598  INFO 3608 --- [main] o.s.j.e.a.AnnotationMBeanExporter        : Registering beans for JMX exposure on startup
2020-11-12 21:45:48.621  INFO 3608 --- [main] o.s.b.w.embedded.tomcat.TomcatWebServer  : Tomcat started on port(s): 8888 (http) with context path ''
2020-11-12 21:45:48.624  INFO 3608 --- [main] c.e.p.PrimarySofaBootClientApplication   : Started PrimarySofaBootClientApplication in 2.249 seconds (JVM running for 2.761)
2020-11-12 22:00:33.414  INFO 3608 --- [Thread-9] ConfigServletWebServerApplicationContext : Closing org.springframework.boot.web.servlet.context.AnnotationConfigServletWebServerApplicationContext@30ee2816: startup date [Thu Nov 12 21:45:46 CST 2020]; root of context hierarchy
2020-11-12 22:00:33.416  INFO 3608 --- [Thread-9] o.s.j.e.a.AnnotationMBeanExporter        : Unregistering JMX-exposed beans on shutdown
2020-11-12 22:00:47.763  INFO 3927 --- [main] com.alipay.sofa.common.log               : Sofa-Middleware-Log SLF4J : Actual logging.path is [ /Users/youxuehu/IdeaProjects/springboot-demo/sofa-boot-project/primary-sofa-boot-client/logs ]
2020-11-12 22:00:47.768  INFO 3927 --- [main] com.alipay.sofa.common.log               : Sofa-Middleware-Log SLF4J : Actual binding is of type [ com.alipay.sofa.infra Logback ]
2020-11-12 22:00:47.826  INFO 3927 --- [main] com.alipay.sofa.common.log               : Sofa-Middleware-Log SLF4J : Actual logging.path is [ /Users/youxuehu/IdeaProjects/springboot-demo/sofa-boot-project/primary-sofa-boot-client/logs ]
2020-11-12 22:00:47.826  INFO 3927 --- [main] com.alipay.sofa.common.log               : Sofa-Middleware-Log SLF4J : Actual logging.path is [ /Users/youxuehu/IdeaProjects/springboot-demo/sofa-boot-project/primary-sofa-boot-client/logs ]
2020-11-12 22:00:47.827  INFO 3927 --- [main] com.alipay.sofa.common.log               : Sofa-Middleware-Log SLF4J : Actual logging.path is [ /Users/youxuehu/IdeaProjects/springboot-demo/sofa-boot-project/primary-sofa-boot-client/logs ]
2020-11-12 22:00:47.828  INFO 3927 --- [main] com.alipay.sofa.common.log               : Sofa-Middleware-Log SLF4J : Actual binding is of type [ com.alipay.sofa.runtime Logback ]
2020-11-12 22:00:47.850  INFO 3927 --- [main] c.e.p.PrimarySofaBootClientApplication   : Starting PrimarySofaBootClientApplication on youxuehudeiMac.lan with PID 3927 (/Users/youxuehu/IdeaProjects/springboot-demo/sofa-boot-project/primary-sofa-boot-client/target/classes started by youxuehu in /Users/youxuehu/IdeaProjects/springboot-demo/sofa-boot-project)
2020-11-12 22:00:47.851  INFO 3927 --- [main] c.e.p.PrimarySofaBootClientApplication   : No active profile set, falling back to default profiles: default
2020-11-12 22:00:47.928  INFO 3927 --- [main] ConfigServletWebServerApplicationContext : Refreshing org.springframework.boot.web.servlet.context.AnnotationConfigServletWebServerApplicationContext@31d7b7bf: startup date [Thu Nov 12 22:00:47 CST 2020]; root of context hierarchy
2020-11-12 22:00:48.149  INFO 3927 --- [main] o.s.b.f.xml.XmlBeanDefinitionReader      : Loading XML bean definitions from URL [file:/Users/youxuehu/IdeaProjects/springboot-demo/sofa-boot-project/primary-sofa-boot-client/target/classes/service-bean.xml]
2020-11-12 22:00:48.219  INFO 3927 --- [main] com.alipay.sofa.common.log               : Sofa-Middleware-Log SLF4J : Actual binding is of type [ com.alipay.sofa.rpc.boot Logback ]
2020-11-12 22:00:48.594  INFO 3927 --- [main] o.s.b.w.embedded.tomcat.TomcatWebServer  : Tomcat initialized with port(s): 8888 (http)
2020-11-12 22:00:48.606  INFO 3927 --- [main] o.apache.catalina.core.StandardService   : Starting service [Tomcat]
2020-11-12 22:00:48.606  INFO 3927 --- [main] org.apache.catalina.core.StandardEngine  : Starting Servlet Engine: Apache Tomcat/8.5.31
2020-11-12 22:00:48.608  INFO 3927 --- [localhost-startStop-1] o.a.catalina.core.AprLifecycleListener   : The APR based Apache Tomcat Native library which allows optimal performance in production environments was not found on the java.library.path: [/Users/youxuehu/Library/Java/Extensions:/Library/Java/Extensions:/Network/Library/Java/Extensions:/System/Library/Java/Extensions:/usr/lib/java:.]
2020-11-12 22:00:48.652  INFO 3927 --- [localhost-startStop-1] o.a.c.c.C.[Tomcat].[localhost].[/]       : Initializing Spring embedded WebApplicationContext
2020-11-12 22:00:48.652  INFO 3927 --- [localhost-startStop-1] o.s.web.context.ContextLoader            : Root WebApplicationContext: initialization completed in 724 ms
2020-11-12 22:00:48.710  INFO 3927 --- [localhost-startStop-1] o.s.b.w.servlet.ServletRegistrationBean  : Servlet dispatcherServlet mapped to [/]
2020-11-12 22:00:48.712  INFO 3927 --- [localhost-startStop-1] o.s.b.w.servlet.FilterRegistrationBean   : Mapping filter: 'characterEncodingFilter' to: [/*]
2020-11-12 22:00:48.712  INFO 3927 --- [localhost-startStop-1] o.s.b.w.servlet.FilterRegistrationBean   : Mapping filter: 'hiddenHttpMethodFilter' to: [/*]
2020-11-12 22:00:48.713  INFO 3927 --- [localhost-startStop-1] o.s.b.w.servlet.FilterRegistrationBean   : Mapping filter: 'httpPutFormContentFilter' to: [/*]
2020-11-12 22:00:48.713  INFO 3927 --- [localhost-startStop-1] o.s.b.w.servlet.FilterRegistrationBean   : Mapping filter: 'requestContextFilter' to: [/*]
2020-11-12 22:00:48.764  INFO 3927 --- [main] com.alipay.sofa.common.log               : Sofa-Middleware-Log SLF4J : Actual binding is of type [ com.alipay.sofa.rpc Logback ]
2020-11-12 22:00:49.366  INFO 3927 --- [main] o.s.w.s.handler.SimpleUrlHandlerMapping  : Mapped URL path [/**/favicon.ico] onto handler of type [class org.springframework.web.servlet.resource.ResourceHttpRequestHandler]
2020-11-12 22:00:49.460  INFO 3927 --- [main] s.w.s.m.m.a.RequestMappingHandlerAdapter : Looking for @ControllerAdvice: org.springframework.boot.web.servlet.context.AnnotationConfigServletWebServerApplicationContext@31d7b7bf: startup date [Thu Nov 12 22:00:47 CST 2020]; root of context hierarchy
2020-11-12 22:00:49.487  INFO 3927 --- [main] s.w.s.m.m.a.RequestMappingHandlerMapping : Mapped "{[/sayHello],methods=[GET]}" onto public java.lang.String com.example.primarysofabootclient.controller.HelloController.sayHello(java.lang.String)
2020-11-12 22:00:49.488  INFO 3927 --- [main] s.w.s.m.m.a.RequestMappingHandlerMapping : Mapped "{[/request],methods=[GET]}" onto public java.lang.String com.example.primarysofabootclient.controller.TestController.request()
2020-11-12 22:00:49.489  INFO 3927 --- [main] s.w.s.m.m.a.RequestMappingHandlerMapping : Mapped "{[/error]}" onto public org.springframework.http.ResponseEntity<java.util.Map<java.lang.String, java.lang.Object>> org.springframework.boot.autoconfigure.web.servlet.error.BasicErrorController.error(javax.servlet.http.HttpServletRequest)
2020-11-12 22:00:49.490  INFO 3927 --- [main] s.w.s.m.m.a.RequestMappingHandlerMapping : Mapped "{[/error],produces=[text/html]}" onto public org.springframework.web.servlet.ModelAndView org.springframework.boot.autoconfigure.web.servlet.error.BasicErrorController.errorHtml(javax.servlet.http.HttpServletRequest,javax.servlet.http.HttpServletResponse)
2020-11-12 22:00:49.505  INFO 3927 --- [main] o.s.w.s.handler.SimpleUrlHandlerMapping  : Mapped URL path [/webjars/**] onto handler of type [class org.springframework.web.servlet.resource.ResourceHttpRequestHandler]
2020-11-12 22:00:49.505  INFO 3927 --- [main] o.s.w.s.handler.SimpleUrlHandlerMapping  : Mapped URL path [/**] onto handler of type [class org.springframework.web.servlet.resource.ResourceHttpRequestHandler]
2020-11-12 22:00:49.603  INFO 3927 --- [main] o.s.j.e.a.AnnotationMBeanExporter        : Registering beans for JMX exposure on startup
2020-11-12 22:00:49.625  INFO 3927 --- [main] o.s.b.w.embedded.tomcat.TomcatWebServer  : Tomcat started on port(s): 8888 (http) with context path ''
2020-11-12 22:00:49.628  INFO 3927 --- [main] c.e.p.PrimarySofaBootClientApplication   : Started PrimarySofaBootClientApplication in 2.077 seconds (JVM running for 2.51)
2020-11-12 22:01:25.686  INFO 3927 --- [http-nio-8888-exec-1] o.a.c.c.C.[Tomcat].[localhost].[/]       : Initializing Spring FrameworkServlet 'dispatcherServlet'
2020-11-12 22:01:25.686  INFO 3927 --- [http-nio-8888-exec-1] o.s.web.servlet.DispatcherServlet        : FrameworkServlet 'dispatcherServlet': initialization started
2020-11-12 22:01:25.706  INFO 3927 --- [http-nio-8888-exec-1] o.s.web.servlet.DispatcherServlet        : FrameworkServlet 'dispatcherServlet': initialization completed in 20 ms
2020-11-12 22:02:04.370  INFO 3927 --- [Thread-8] ConfigServletWebServerApplicationContext : Closing org.springframework.boot.web.servlet.context.AnnotationConfigServletWebServerApplicationContext@31d7b7bf: startup date [Thu Nov 12 22:00:47 CST 2020]; root of context hierarchy
2020-11-12 22:02:04.372  INFO 3927 --- [Thread-8] o.s.j.e.a.AnnotationMBeanExporter        : Unregistering JMX-exposed beans on shutdown
