2021-02-03 22:58:33,790 INFO SPI service [com.alipay.sofa.jraft.JRaftServiceFactory - com.alipay.sofa.jraft.core.DefaultJRaftServiceFactory] loading.

2021-02-03 22:58:33,985 INFO SPI service [com.alipay.sofa.jraft.rpc.RaftRpcFactory - com.alipay.sofa.jraft.rpc.impl.GrpcRaftRpcFactory] loading.

2021-02-03 22:58:35,709 INFO SPI service [com.alipay.sofa.jraft.util.JRaftSignalHandler - com.alipay.sofa.jraft.NodeDescribeSignalHandler] loading.

2021-02-03 22:58:35,712 INFO SPI service [com.alipay.sofa.jraft.util.JRaftSignalHandler - com.alipay.sofa.jraft.NodeMetricsSignalHandler] loading.

2021-02-03 22:58:35,713 INFO SPI service [com.alipay.sofa.jraft.util.JRaftSignalHandler - com.alipay.sofa.jraft.ThreadPoolMetricsSignalHandler] loading.

2021-02-03 22:58:35,719 INFO SPI service [com.alipay.sofa.jraft.util.timer.RaftTimerFactory - com.alipay.sofa.jraft.util.timer.DefaultRaftTimerFactory] loading.

2021-02-03 22:58:35,733 INFO The number of active nodes increment to 1.

2021-02-03 22:58:36,985 INFO Starts FSMCaller successfully.

2021-02-03 22:58:36,996 WARN No data for snapshot reader /home/nacos/data/protocol/raft/naming_persistent_service/snapshot.

2021-02-03 22:58:37,034 INFO Node <naming_persistent_service/a4f275205d98:7848> init, term=0, lastLogId=LogId [index=0, term=0], conf=a4f275205d98:7848, oldConf=.

2021-02-03 22:58:37,038 INFO Node <naming_persistent_service/a4f275205d98:7848> start vote and grant vote self, term=0.

2021-02-03 22:58:37,183 INFO Save raft meta, path=/home/nacos/data/protocol/raft/naming_persistent_service/meta-data, term=1, votedFor=a4f275205d98:7848, cost time=133 ms

2021-02-03 22:58:37,184 INFO Node <naming_persistent_service/a4f275205d98:7848> become leader of group, term=1, conf=a4f275205d98:7848, oldConf=.

2021-02-03 22:58:37,189 INFO -Djraft.recyclers.maxCapacityPerThread: 4096.

2021-02-03 22:58:37,200 WARN RPC server is not started in RaftGroupService.

2021-02-03 22:58:37,201 INFO Start the RaftGroupService successfully.

2021-02-03 22:58:37,216 INFO onLeaderStart: term=1.

2021-02-03 22:58:38,593 ERROR Fail to connect a4f275205d98:7848, remoting exception: java.util.concurrent.ExecutionException: io.grpc.StatusRuntimeException: DEADLINE_EXCEEDED: deadline exceeded after 751828641ns. [buffered_nanos=768073087, waiting_for_connection].

2021-02-03 22:58:38,621 ERROR Fail to connect peer a4f275205d98:7848 to get leader for group naming_persistent_service.

2021-02-03 23:19:11,326 INFO Deleting snapshot /home/nacos/data/protocol/raft/naming_persistent_service/snapshot/snapshot_1.

2021-02-03 23:19:11,328 INFO Renaming /home/nacos/data/protocol/raft/naming_persistent_service/snapshot/temp to /home/nacos/data/protocol/raft/naming_persistent_service/snapshot/snapshot_1.

