2021-02-12 00:04:59,253 INFO PERFORMANCE:|0|0|-1|-1

2021-02-12 00:09:59,278 INFO PERFORMANCE:|0|0|-1|-1

2021-02-12 00:14:59,294 INFO PERFORMANCE:|0|0|-1|-1

2021-02-12 00:19:59,310 INFO PERFORMANCE:|0|0|-1|-1

2021-02-12 00:24:59,329 INFO PERFORMANCE:|0|0|-1|-1

2021-02-12 00:29:59,341 INFO PERFORMANCE:|0|0|-1|-1

2021-02-12 00:34:59,358 INFO PERFORMANCE:|0|0|-1|-1

2021-02-12 00:39:59,383 INFO PERFORMANCE:|0|0|-1|-1

2021-02-12 00:44:59,400 INFO PERFORMANCE:|0|0|-1|-1

2021-02-12 00:49:59,417 INFO PERFORMANCE:|0|0|-1|-1

2021-02-12 00:54:59,445 INFO PERFORMANCE:|0|0|-1|-1

2021-02-12 00:59:59,463 INFO PERFORMANCE:|0|0|-1|-1

2021-02-12 01:04:59,482 INFO PERFORMANCE:|0|0|-1|-1

2021-02-12 01:09:59,511 INFO PERFORMANCE:|0|0|-1|-1

2021-02-12 01:14:59,528 INFO PERFORMANCE:|0|0|-1|-1

2021-02-12 01:19:59,545 INFO PERFORMANCE:|0|0|-1|-1

2021-02-12 19:17:33,495 INFO PERFORMANCE:|0|0|-1|-1

2021-02-12 19:22:33,496 INFO PERFORMANCE:|0|0|-1|-1

2021-02-12 19:27:33,609 INFO PERFORMANCE:|0|0|-1|-1

2021-02-12 19:32:33,617 INFO PERFORMANCE:|0|0|-1|-1

2021-02-12 19:37:33,625 INFO PERFORMANCE:|0|0|-1|-1

2021-02-12 19:42:33,656 INFO PERFORMANCE:|0|0|-1|-1

2021-02-12 19:47:33,675 INFO PERFORMANCE:|0|0|-1|-1

2021-02-12 19:52:33,689 INFO PERFORMANCE:|0|0|-1|-1

2021-02-12 19:57:33,700 INFO PERFORMANCE:|0|0|-1|-1

2021-02-12 20:02:33,742 INFO PERFORMANCE:|0|0|-1|-1

2021-02-12 20:07:33,752 INFO PERFORMANCE:|0|0|-1|-1

2021-02-12 20:12:33,768 INFO PERFORMANCE:|0|0|-1|-1

2021-02-12 20:17:33,784 INFO PERFORMANCE:|0|0|-1|-1

2021-02-12 20:22:33,824 INFO PERFORMANCE:|0|0|-1|-1

2021-02-12 20:27:33,840 INFO PERFORMANCE:|0|0|-1|-1

2021-02-12 20:32:33,857 INFO PERFORMANCE:|0|0|-1|-1

2021-02-12 20:37:33,887 INFO PERFORMANCE:|0|0|-1|-1

2021-02-12 20:42:33,904 INFO PERFORMANCE:|0|0|-1|-1

2021-02-12 20:47:33,922 INFO PERFORMANCE:|0|0|-1|-1

2021-02-12 20:52:33,951 INFO PERFORMANCE:|0|0|-1|-1

2021-02-12 20:57:33,964 INFO PERFORMANCE:|0|0|-1|-1

2021-02-12 21:02:33,980 INFO PERFORMANCE:|0|0|-1|-1

2021-02-12 21:07:33,996 INFO PERFORMANCE:|0|0|-1|-1

2021-02-12 21:12:34,013 INFO PERFORMANCE:|0|0|-1|-1

2021-02-12 21:17:34,035 INFO PERFORMANCE:|0|0|-1|-1

2021-02-12 21:22:34,069 INFO PERFORMANCE:|0|0|-1|-1

2021-02-12 21:27:34,087 INFO PERFORMANCE:|0|0|-1|-1

