
         ,--.
       ,--.'|
   ,--,:  : |                                           Nacos 1.4.0
,`--.'`|  ' :                       ,---.               Running in stand alone mode, All function modules
|   :  :  | |                      '   ,'\   .--.--.    Port: 8848
:   |   \ | :  ,--.--.     ,---.  /   /   | /  /    '   Pid: 26
|   : '  '; | /       \   /     \.   ; ,. :|  :  /`./   Console: http://a508a02af551:8848/nacos/index.html
'   ' ;.    ;.--.  .-. | /    / ''   | |: :|  :  ;_
|   | | \   | \__\/: . ..    ' / '   | .; : \  \    `.      https://nacos.io
'   : |  ; .' ," .--.; |'   ; :__|   :    |  `----.   \
|   | '`--'  /  /  ,.  |'   | '.'|\   \  /  /  /`--'  /
'   : |     ;  :   .'   \   :    : `----'  '--'.     /
;   |.'     |  ,     .-./\   \  /            `--'---'
'---'        `--`---'     `----'

2021-01-28 17:51:42,410 INFO Bean 'org.springframework.security.access.expression.method.DefaultMethodSecurityExpressionHandler@4eaf3684' of type [org.springframework.security.access.expression.method.DefaultMethodSecurityExpressionHandler] is not eligible for getting processed by all BeanPostProcessors (for example: not eligible for auto-proxying)

2021-01-28 17:51:42,417 INFO Bean 'methodSecurityMetadataSource' of type [org.springframework.security.access.method.DelegatingMethodSecurityMetadataSource] is not eligible for getting processed by all BeanPostProcessors (for example: not eligible for auto-proxying)

2021-01-28 17:51:43,090 INFO Tomcat initialized with port(s): 8848 (http)

2021-01-28 17:51:43,742 INFO Root WebApplicationContext: initialization completed in 5617 ms

2021-01-28 17:51:50,220 INFO Initializing ExecutorService 'applicationTaskExecutor'

2021-01-28 17:51:50,395 INFO Adding welcome page: class path resource [static/index.html]

2021-01-28 17:51:50,847 INFO Creating filter chain: Ant [pattern='/**'], []

2021-01-28 17:51:50,896 INFO Creating filter chain: any request, [org.springframework.security.web.context.request.async.WebAsyncManagerIntegrationFilter@13c612bd, org.springframework.security.web.context.SecurityContextPersistenceFilter@7dd712e8, org.springframework.security.web.header.HeaderWriterFilter@106faf11, org.springframework.security.web.csrf.CsrfFilter@27a0a5a2, org.springframework.security.web.authentication.logout.LogoutFilter@50b0bc4c, org.springframework.security.web.savedrequest.RequestCacheAwareFilter@78e16155, org.springframework.security.web.servletapi.SecurityContextHolderAwareRequestFilter@6a1ebcff, org.springframework.security.web.authentication.AnonymousAuthenticationFilter@3ef41c66, org.springframework.security.web.session.SessionManagementFilter@26d10f2e, org.springframework.security.web.access.ExceptionTranslationFilter@33aa93c]

2021-01-28 17:51:51,031 INFO Initializing ExecutorService 'taskScheduler'

2021-01-28 17:51:51,063 INFO Exposing 2 endpoint(s) beneath base path '/actuator'

2021-01-28 17:51:51,242 INFO Tomcat started on port(s): 8848 (http) with context path '/nacos'

2021-01-28 17:51:51,249 INFO Nacos Log files: /home/nacos/logs

2021-01-28 17:51:51,251 INFO Nacos Log files: /home/nacos/conf

2021-01-28 17:51:51,251 INFO Nacos Log files: /home/nacos/data

2021-01-28 17:51:51,252 INFO Nacos started successfully in stand alone mode. use external storage

