2021-01-01 16:01:33.368 [restartedMain] INFO  c.example.springbootdemo.SpringbootDemoApplication - Starting SpringbootDemoApplication on youxuehudeiMac.lan with PID 7863 (/Users/youxuehu/IdeaProjects/springboot-demo/target/classes started by youxuehu in /Users/youxuehu/IdeaProjects/springboot-demo)
2021-01-01 16:01:33.394 [restartedMain] INFO  c.example.springbootdemo.SpringbootDemoApplication - No active profile set, falling back to default profiles: default
2021-01-01 16:01:33.591 [restartedMain] INFO  o.s.boot.devtools.restart.ChangeableUrls - The Class-Path manifest attribute in /Users/youxuehu/.m2/repository/org/apache/derby/derby/10.14.2.0/derby-10.14.2.0.jar referenced one or more files that do not exist: file:/Users/youxuehu/.m2/repository/org/apache/derby/derby/10.14.2.0/derbyLocale_cs.jar,file:/Users/youxuehu/.m2/repository/org/apache/derby/derby/10.14.2.0/derbyLocale_de_DE.jar,file:/Users/youxuehu/.m2/repository/org/apache/derby/derby/10.14.2.0/derbyLocale_es.jar,file:/Users/youxuehu/.m2/repository/org/apache/derby/derby/10.14.2.0/derbyLocale_fr.jar,file:/Users/youxuehu/.m2/repository/org/apache/derby/derby/10.14.2.0/derbyLocale_hu.jar,file:/Users/youxuehu/.m2/repository/org/apache/derby/derby/10.14.2.0/derbyLocale_it.jar,file:/Users/youxuehu/.m2/repository/org/apache/derby/derby/10.14.2.0/derbyLocale_ja_JP.jar,file:/Users/youxuehu/.m2/repository/org/apache/derby/derby/10.14.2.0/derbyLocale_ko_KR.jar,file:/Users/youxuehu/.m2/repository/org/apache/derby/derby/10.14.2.0/derbyLocale_pl.jar,file:/Users/youxuehu/.m2/repository/org/apache/derby/derby/10.14.2.0/derbyLocale_pt_BR.jar,file:/Users/youxuehu/.m2/repository/org/apache/derby/derby/10.14.2.0/derbyLocale_ru.jar,file:/Users/youxuehu/.m2/repository/org/apache/derby/derby/10.14.2.0/derbyLocale_zh_CN.jar,file:/Users/youxuehu/.m2/repository/org/apache/derby/derby/10.14.2.0/derbyLocale_zh_TW.jar
2021-01-01 16:01:33.592 [restartedMain] INFO  o.s.boot.devtools.restart.ChangeableUrls - The Class-Path manifest attribute in /Users/youxuehu/.m2/repository/com/sun/xml/bind/jaxb-impl/2.2.3-1/jaxb-impl-2.2.3-1.jar referenced one or more files that do not exist: file:/Users/youxuehu/.m2/repository/com/sun/xml/bind/jaxb-impl/2.2.3-1/jaxb-api.jar,file:/Users/youxuehu/.m2/repository/com/sun/xml/bind/jaxb-impl/2.2.3-1/activation.jar,file:/Users/youxuehu/.m2/repository/com/sun/xml/bind/jaxb-impl/2.2.3-1/jsr173_1.0_api.jar,file:/Users/youxuehu/.m2/repository/com/sun/xml/bind/jaxb-impl/2.2.3-1/jaxb1-impl.jar
2021-01-01 16:01:33.592 [restartedMain] INFO  o.s.boot.devtools.restart.ChangeableUrls - The Class-Path manifest attribute in /Users/youxuehu/.m2/repository/org/glassfish/jaxb/jaxb-runtime/2.3.2/jaxb-runtime-2.3.2.jar referenced one or more files that do not exist: file:/Users/youxuehu/.m2/repository/org/glassfish/jaxb/jaxb-runtime/2.3.2/jakarta.xml.bind-api-2.3.2.jar,file:/Users/youxuehu/.m2/repository/org/glassfish/jaxb/jaxb-runtime/2.3.2/txw2-2.3.2.jar,file:/Users/youxuehu/.m2/repository/org/glassfish/jaxb/jaxb-runtime/2.3.2/istack-commons-runtime-3.0.8.jar,file:/Users/youxuehu/.m2/repository/org/glassfish/jaxb/jaxb-runtime/2.3.2/stax-ex-1.8.1.jar,file:/Users/youxuehu/.m2/repository/org/glassfish/jaxb/jaxb-runtime/2.3.2/FastInfoset-1.2.16.jar,file:/Users/youxuehu/.m2/repository/org/glassfish/jaxb/jaxb-runtime/2.3.2/jakarta.activation-api-1.2.1.jar
2021-01-01 16:01:33.592 [restartedMain] INFO  o.s.boot.devtools.restart.ChangeableUrls - The Class-Path manifest attribute in /Users/youxuehu/.m2/repository/com/mchange/c3p0/0.9.5.5/c3p0-0.9.5.5.jar referenced one or more files that do not exist: file:/Users/youxuehu/.m2/repository/com/mchange/c3p0/0.9.5.5/mchange-commons-java-0.2.19.jar
2021-01-01 16:01:33.592 [restartedMain] INFO  o.s.b.d.env.DevToolsPropertyDefaultsPostProcessor - Devtools property defaults active! Set 'spring.devtools.add-properties' to 'false' to disable
2021-01-01 16:01:33.592 [restartedMain] INFO  o.s.b.d.env.DevToolsPropertyDefaultsPostProcessor - For additional web related logging consider setting the 'logging.level.web' property to 'DEBUG'
2021-01-01 16:01:35.421 [restartedMain] INFO  o.s.d.r.config.RepositoryConfigurationDelegate - Multiple Spring Data modules found, entering strict repository configuration mode!
2021-01-01 16:01:35.432 [restartedMain] INFO  o.s.d.r.config.RepositoryConfigurationDelegate - Bootstrapping Spring Data repositories in DEFAULT mode.
2021-01-01 16:01:35.609 [restartedMain] INFO  o.s.d.r.config.RepositoryConfigurationDelegate - Finished Spring Data repository scanning in 123ms. Found 0 repository interfaces.
2021-01-01 16:01:36.367 [restartedMain] INFO  o.s.c.s.PostProcessorRegistrationDelegate$BeanPostProcessorChecker - Bean 'org.springframework.transaction.annotation.ProxyTransactionManagementConfiguration' of type [org.springframework.transaction.annotation.ProxyTransactionManagementConfiguration] is not eligible for getting processed by all BeanPostProcessors (for example: not eligible for auto-proxying)
2021-01-01 16:01:37.346 [restartedMain] INFO  o.s.boot.web.embedded.tomcat.TomcatWebServer - Tomcat initialized with port(s): 9090 (http)
2021-01-01 16:01:37.361 [restartedMain] INFO  org.apache.coyote.http11.Http11NioProtocol - Initializing ProtocolHandler ["http-nio-9090"]
2021-01-01 16:01:37.362 [restartedMain] INFO  org.apache.catalina.core.StandardService - Starting service [Tomcat]
2021-01-01 16:01:37.362 [restartedMain] INFO  org.apache.catalina.core.StandardEngine - Starting Servlet engine: [Apache Tomcat/9.0.27]
2021-01-01 16:01:37.511 [restartedMain] INFO  o.a.c.core.ContainerBase.[Tomcat].[localhost].[/] - Initializing Spring embedded WebApplicationContext
2021-01-01 16:01:37.512 [restartedMain] INFO  org.springframework.web.context.ContextLoader - Root WebApplicationContext: initialization completed in 3920 ms
2021-01-01 16:01:37.605 [restartedMain] INFO  org.quartz.ee.servlet.QuartzInitializerListener - Quartz Initializer Servlet loaded, initializing Scheduler...
2021-01-01 16:01:37.650 [restartedMain] INFO  org.quartz.impl.StdSchedulerFactory - Using ConnectionProvider class 'org.quartz.utils.C3p0PoolingConnectionProvider' for data source 'qzDS'
2021-01-01 16:01:37.948 [MLog-Init-Reporter] INFO  com.mchange.v2.log.MLog - MLog clients using slf4j logging.
2021-01-01 16:01:38.017 [restartedMain] INFO  com.mchange.v2.c3p0.C3P0Registry - Initializing c3p0-0.9.5.5 [built 11-December-2019 22:18:33 -0800; debug? true; trace: 10]
2021-01-01 16:01:38.159 [restartedMain] INFO  org.quartz.impl.StdSchedulerFactory - Using default implementation for ThreadExecutor
2021-01-01 16:01:38.163 [restartedMain] INFO  org.quartz.simpl.SimpleThreadPool - Job execution threads will use class loader of thread: restartedMain
2021-01-01 16:01:38.176 [restartedMain] INFO  org.quartz.core.SchedulerSignalerImpl - Initialized Scheduler Signaller of type: class org.quartz.core.SchedulerSignalerImpl
2021-01-01 16:01:38.176 [restartedMain] INFO  org.quartz.core.QuartzScheduler - Quartz Scheduler v.2.3.2 created.
2021-01-01 16:01:38.177 [restartedMain] INFO  org.quartz.impl.jdbcjobstore.JobStoreTX - Using thread monitor-based data access locking (synchronization).
2021-01-01 16:01:38.177 [restartedMain] INFO  org.quartz.impl.jdbcjobstore.JobStoreTX - JobStoreTX initialized.
2021-01-01 16:01:38.178 [restartedMain] INFO  org.quartz.core.QuartzScheduler - Scheduler meta-data: Quartz Scheduler (v2.3.2) 'QuartzScheduler' with instanceId 'NON_CLUSTERED'
  Scheduler class: 'org.quartz.core.QuartzScheduler' - running locally.
  NOT STARTED.
  Currently in standby mode.
  Number of jobs executed: 0
  Using thread pool 'org.quartz.simpl.SimpleThreadPool' - with 5 threads.
  Using job-store 'org.quartz.impl.jdbcjobstore.JobStoreTX' - which supports persistence. and is not clustered.

2021-01-01 16:01:38.178 [restartedMain] INFO  org.quartz.impl.StdSchedulerFactory - Quartz scheduler 'QuartzScheduler' initialized from default resource file in Quartz package: 'quartz.properties'
2021-01-01 16:01:38.178 [restartedMain] INFO  org.quartz.impl.StdSchedulerFactory - Quartz scheduler version: 2.3.2
2021-01-01 16:01:38.209 [restartedMain] INFO  c.m.v2.c3p0.impl.AbstractPoolBackedDataSource - Initializing c3p0 pool... com.mchange.v2.c3p0.ComboPooledDataSource [ acquireIncrement -> 3, acquireRetryAttempts -> 30, acquireRetryDelay -> 1000, autoCommitOnClose -> false, automaticTestTable -> null, breakAfterAcquireFailure -> false, checkoutTimeout -> 0, connectionCustomizerClassName -> null, connectionTesterClassName -> com.mchange.v2.c3p0.impl.DefaultConnectionTester, contextClassLoaderSource -> caller, dataSourceName -> 1hge2niae1gfj5qs992wwz|4abfb7a, debugUnreturnedConnectionStackTraces -> false, description -> null, driverClass -> com.mysql.cj.jdbc.Driver, extensions -> {}, factoryClassLocation -> null, forceIgnoreUnresolvedTransactions -> false, forceSynchronousCheckins -> false, forceUseNamedDriverClass -> false, identityToken -> 1hge2niae1gfj5qs992wwz|4abfb7a, idleConnectionTestPeriod -> 0, initialPoolSize -> 3, jdbcUrl -> jdbc:mysql://localhost:3306/test?serverTimezone=UTC&useUnicode=true&characterEncoding=utf-8&useSSL=false&allowPublicKeyRetrieval=true, maxAdministrativeTaskTime -> 0, maxConnectionAge -> 0, maxIdleTime -> 0, maxIdleTimeExcessConnections -> 0, maxPoolSize -> 10, maxStatements -> 0, maxStatementsPerConnection -> 120, minPoolSize -> 1, numHelperThreads -> 3, preferredTestQuery -> null, privilegeSpawnedThreads -> false, properties -> {user=******, password=******}, propertyCycle -> 0, statementCacheNumDeferredCloseThreads -> 0, testConnectionOnCheckin -> false, testConnectionOnCheckout -> false, unreturnedConnectionTimeout -> 0, userOverrides -> {}, usesTraditionalReflectiveProxies -> false ]
2021-01-01 16:01:38.514 [restartedMain] INFO  org.quartz.impl.jdbcjobstore.JobStoreTX - Freed 0 triggers from 'acquired' / 'blocked' state.
2021-01-01 16:01:38.534 [restartedMain] INFO  org.quartz.impl.jdbcjobstore.JobStoreTX - Recovering 0 jobs that were in-progress at the time of the last shut-down.
2021-01-01 16:01:38.534 [restartedMain] INFO  org.quartz.impl.jdbcjobstore.JobStoreTX - Recovery complete.
2021-01-01 16:01:38.536 [restartedMain] INFO  org.quartz.impl.jdbcjobstore.JobStoreTX - Removed 0 'complete' triggers.
2021-01-01 16:01:38.537 [restartedMain] INFO  org.quartz.impl.jdbcjobstore.JobStoreTX - Removed 0 stale fired job entries.
2021-01-01 16:01:38.541 [restartedMain] INFO  org.quartz.core.QuartzScheduler - Scheduler QuartzScheduler_$_NON_CLUSTERED started.
2021-01-01 16:01:38.541 [restartedMain] INFO  org.quartz.ee.servlet.QuartzInitializerListener - Scheduler has been started...
2021-01-01 16:01:38.541 [restartedMain] INFO  org.quartz.ee.servlet.QuartzInitializerListener - Storing the Quartz Scheduler Factory in the servlet context at key: org.quartz.impl.StdSchedulerFactory.KEY
2021-01-01 16:01:39.290 [restartedMain] INFO  c.a.d.s.b.a.DruidDataSourceAutoConfigure - Init DruidDataSource
2021-01-01 16:01:39.490 [restartedMain] INFO  com.alibaba.druid.pool.DruidDataSource - {dataSource-1} inited
2021-01-01 16:01:40.115 [restartedMain] INFO  io.lettuce.core.EpollProvider - Starting without optional epoll library
2021-01-01 16:01:40.131 [restartedMain] INFO  io.lettuce.core.KqueueProvider - Starting without optional kqueue library
2021-01-01 16:01:40.343 [restartedMain] INFO  c.e.springbootdemo.common.redis.RedisComonent - 测试redis的String数据类型，查询name=>recommend system
2021-01-01 16:01:40.353 [restartedMain] INFO  c.e.springbootdemo.common.redis.RedisComonent - 测试redis的List数据类型{leftPush， leftPop}，查询list=>[a, b]
2021-01-01 16:01:40.416 [restartedMain] INFO  c.e.springbootdemo.common.redis.RedisComonent - 测试redis的Hash数据类型{put， get}，查询hash=>{name=zhang3, age=28}
2021-01-01 16:01:40.426 [restartedMain] INFO  c.e.springbootdemo.common.redis.RedisComonent - 测试redis的Set数据类型{add， members}，查询setMembers=>[[jack, tom]]
2021-01-01 16:01:40.448 [restartedMain] INFO  c.e.springbootdemo.common.redis.RedisComonent - 测试redis的Set数据类型{add， randomMember}，查询randomMember=>[jack, tom]
2021-01-01 16:01:40.452 [restartedMain] INFO  c.e.springbootdemo.common.redis.RedisComonent - 测试redis的Set数据类型{add， pop}，查询setPop=>[jack, tom]
2021-01-01 16:01:40.454 [restartedMain] INFO  c.e.springbootdemo.common.redis.RedisComonent - 测试redis的Set数据类型{add， pop}，再次查询setPop2=>null
2021-01-01 16:01:40.467 [restartedMain] INFO  c.e.springbootdemo.common.redis.RedisComonent - 测试redis的ZSet数据类型{add， range}，查询zSetName=>[]
2021-01-01 16:01:40.473 [restartedMain] INFO  c.e.springbootdemo.common.redis.RedisComonent - 测试redis的keys *，查询keys=>[]
2021-01-01 16:01:40.474 [restartedMain] INFO  c.e.s.common.cache.RedisCacheServiceImpl - SCAN 0 MATCH key1234* COUNT 10000
2021-01-01 16:01:40.482 [restartedMain] INFO  c.e.s.common.cache.RedisCacheServiceImpl - return size:7
2021-01-01 16:01:40.482 [restartedMain] INFO  c.e.s.common.cache.RedisCacheServiceImpl - SCAN 10110 MATCH key1234* COUNT 10000
2021-01-01 16:01:40.486 [restartedMain] INFO  c.e.s.common.cache.RedisCacheServiceImpl - return size:4
2021-01-01 16:01:40.486 [restartedMain] INFO  c.e.s.common.cache.RedisCacheServiceImpl - SCAN 30719 MATCH key1234* COUNT 10000
2021-01-01 16:01:40.488 [restartedMain] INFO  c.e.s.common.cache.RedisCacheServiceImpl - return size:0
2021-01-01 16:01:40.488 [restartedMain] INFO  c.e.springbootdemo.common.redis.RedisComonent - 测试redis的keys *，查询keys=>[key12348, key12347, key12346, key12345, key12344, key1234, key12343, key12342, key12341, key12340, key12349]
2021-01-01 16:01:40.578 [restartedMain] INFO  org.quartz.impl.StdSchedulerFactory - Using ConnectionProvider class 'org.quartz.utils.C3p0PoolingConnectionProvider' for data source 'qzDS'
2021-01-01 16:01:40.608 [restartedMain] INFO  org.quartz.impl.StdSchedulerFactory - Using default implementation for ThreadExecutor
2021-01-01 16:01:40.608 [restartedMain] INFO  org.quartz.simpl.SimpleThreadPool - Job execution threads will use class loader of thread: restartedMain
2021-01-01 16:01:40.610 [restartedMain] INFO  org.quartz.core.SchedulerSignalerImpl - Initialized Scheduler Signaller of type: class org.quartz.core.SchedulerSignalerImpl
2021-01-01 16:01:40.610 [restartedMain] INFO  org.quartz.core.QuartzScheduler - Quartz Scheduler v.2.3.2 created.
2021-01-01 16:01:40.611 [restartedMain] INFO  org.quartz.impl.jdbcjobstore.JobStoreTX - Using thread monitor-based data access locking (synchronization).
2021-01-01 16:01:40.611 [restartedMain] INFO  org.quartz.impl.jdbcjobstore.JobStoreTX - JobStoreTX initialized.
2021-01-01 16:01:40.611 [restartedMain] INFO  org.quartz.core.QuartzScheduler - Scheduler meta-data: Quartz Scheduler (v2.3.2) 'schedulerFactory' with instanceId 'NON_CLUSTERED'
  Scheduler class: 'org.quartz.core.QuartzScheduler' - running locally.
  NOT STARTED.
  Currently in standby mode.
  Number of jobs executed: 0
  Using thread pool 'org.quartz.simpl.SimpleThreadPool' - with 5 threads.
  Using job-store 'org.quartz.impl.jdbcjobstore.JobStoreTX' - which supports persistence. and is not clustered.

2021-01-01 16:01:40.611 [restartedMain] INFO  org.quartz.impl.StdSchedulerFactory - Quartz scheduler 'schedulerFactory' initialized from an externally provided properties instance.
2021-01-01 16:01:40.611 [restartedMain] INFO  org.quartz.impl.StdSchedulerFactory - Quartz scheduler version: 2.3.2
2021-01-01 16:01:40.613 [restartedMain] INFO  org.quartz.core.QuartzScheduler - JobFactory set to: org.springframework.scheduling.quartz.AdaptableJobFactory@53360f6b
2021-01-01 16:01:41.189 [restartedMain] INFO  o.s.b.d.autoconfigure.OptionalLiveReloadServer - LiveReload server is running on port 35729
2021-01-01 16:01:41.349 [restartedMain] INFO  s.d.s.w.PropertySourcedRequestMappingHandlerMapping - Mapped URL path [/v2/api-docs] onto method [springfox.documentation.swagger2.web.Swagger2Controller#getDocumentation(String, HttpServletRequest)]
2021-01-01 16:01:41.926 [restartedMain] INFO  o.s.scheduling.concurrent.ThreadPoolTaskScheduler - Initializing ExecutorService 'taskScheduler'
2021-01-01 16:01:42.016 [restartedMain] INFO  s.d.s.web.plugins.DocumentationPluginsBootstrapper - Context refreshed
2021-01-01 16:01:42.041 [restartedMain] INFO  s.d.s.web.plugins.DocumentationPluginsBootstrapper - Found 1 custom documentation plugin(s)
2021-01-01 16:01:42.100 [restartedMain] INFO  s.d.spring.web.scanners.ApiListingReferenceScanner - Scanning for api listing references
2021-01-01 16:01:42.301 [restartedMain] INFO  s.d.s.w.r.operation.CachingOperationNameGenerator - Generating unique operation named: helloUsingGET_1
2021-01-01 16:01:42.310 [restartedMain] INFO  s.d.s.w.r.operation.CachingOperationNameGenerator - Generating unique operation named: indexUsingGET_1
2021-01-01 16:01:42.413 [restartedMain] INFO  s.d.s.w.r.operation.CachingOperationNameGenerator - Generating unique operation named: indexUsingGET_2
2021-01-01 16:01:42.444 [restartedMain] INFO  o.s.scheduling.quartz.SchedulerFactoryBean - Starting Quartz Scheduler now
2021-01-01 16:01:42.453 [restartedMain] INFO  c.m.v2.c3p0.impl.AbstractPoolBackedDataSource - Initializing c3p0 pool... com.mchange.v2.c3p0.ComboPooledDataSource [ acquireIncrement -> 3, acquireRetryAttempts -> 30, acquireRetryDelay -> 1000, autoCommitOnClose -> false, automaticTestTable -> null, breakAfterAcquireFailure -> false, checkoutTimeout -> 0, connectionCustomizerClassName -> null, connectionTesterClassName -> com.mchange.v2.c3p0.impl.DefaultConnectionTester, contextClassLoaderSource -> caller, dataSourceName -> 1hge2niae1gfj5qs992wwz|4536d059, debugUnreturnedConnectionStackTraces -> false, description -> null, driverClass -> com.mysql.cj.jdbc.Driver, extensions -> {}, factoryClassLocation -> null, forceIgnoreUnresolvedTransactions -> false, forceSynchronousCheckins -> false, forceUseNamedDriverClass -> false, identityToken -> 1hge2niae1gfj5qs992wwz|4536d059, idleConnectionTestPeriod -> 0, initialPoolSize -> 3, jdbcUrl -> jdbc:mysql://localhost:3306/test?serverTimezone=UTC&useUnicode=true&characterEncoding=utf-8&useSSL=false&allowPublicKeyRetrieval=true, maxAdministrativeTaskTime -> 0, maxConnectionAge -> 0, maxIdleTime -> 0, maxIdleTimeExcessConnections -> 0, maxPoolSize -> 10, maxStatements -> 0, maxStatementsPerConnection -> 120, minPoolSize -> 1, numHelperThreads -> 3, preferredTestQuery -> null, privilegeSpawnedThreads -> false, properties -> {user=******, password=******}, propertyCycle -> 0, statementCacheNumDeferredCloseThreads -> 0, testConnectionOnCheckin -> false, testConnectionOnCheckout -> false, unreturnedConnectionTimeout -> 0, userOverrides -> {}, usesTraditionalReflectiveProxies -> false ]
2021-01-01 16:01:42.474 [restartedMain] INFO  org.quartz.impl.jdbcjobstore.JobStoreTX - Freed 0 triggers from 'acquired' / 'blocked' state.
2021-01-01 16:01:42.478 [restartedMain] INFO  org.quartz.impl.jdbcjobstore.JobStoreTX - Recovering 0 jobs that were in-progress at the time of the last shut-down.
2021-01-01 16:01:42.478 [restartedMain] INFO  org.quartz.impl.jdbcjobstore.JobStoreTX - Recovery complete.
2021-01-01 16:01:42.480 [restartedMain] INFO  org.quartz.impl.jdbcjobstore.JobStoreTX - Removed 0 'complete' triggers.
2021-01-01 16:01:42.481 [restartedMain] INFO  org.quartz.impl.jdbcjobstore.JobStoreTX - Removed 0 stale fired job entries.
2021-01-01 16:01:42.484 [restartedMain] INFO  org.quartz.core.QuartzScheduler - Scheduler schedulerFactory_$_NON_CLUSTERED started.
2021-01-01 16:01:42.513 [scheduling-1] INFO  c.e.s.common.scheduling.ScheduleService - fixedRate>>>Fri Jan 01 16:01:42 CST 2021
2021-01-01 16:01:42.513 [scheduling-1] INFO  c.e.s.common.scheduling.ScheduleService - fixedDelay>>>Fri Jan 01 16:01:42 CST 2021
2021-01-01 16:01:42.514 [restartedMain] INFO  org.apache.coyote.http11.Http11NioProtocol - Starting ProtocolHandler ["http-nio-9090"]
2021-01-01 16:01:42.540 [restartedMain] INFO  org.mortbay.log - Logging to Logger[org.mortbay.log] via org.mortbay.log.Slf4jLog
2021-01-01 16:01:42.564 [restartedMain] INFO  o.s.boot.web.embedded.tomcat.TomcatWebServer - Tomcat started on port(s): 9090 (http) with context path ''
2021-01-01 16:01:42.568 [restartedMain] INFO  c.example.springbootdemo.SpringbootDemoApplication - Started SpringbootDemoApplication in 9.794 seconds (JVM running for 13.155)
2021-01-01 16:01:42.656 [restartedMain] INFO  c.example.springbootdemo.SpringbootDemoApplication - name:  result{"name":"游学虎","age":20}
2021-01-01 16:01:44.514 [scheduling-1] INFO  c.e.s.common.scheduling.ScheduleService - fixedRate>>>Fri Jan 01 16:01:44 CST 2021
2021-01-01 16:01:44.515 [scheduling-1] INFO  c.e.s.common.scheduling.ScheduleService - initialDelay>>>Fri Jan 01 16:01:44 CST 2021
2021-01-01 16:01:44.515 [scheduling-1] INFO  c.e.s.common.scheduling.ScheduleService - fixedDelay>>>Fri Jan 01 16:01:44 CST 2021
2021-01-01 16:01:45.003 [scheduling-1] INFO  c.e.s.common.scheduling.ScheduleService - 2021-1-1 16:01:45
2021-01-01 16:01:45.506 [pool-4-thread-1] INFO  c.e.s.c.thread.threadpool.ThreadPoolServiceImpl - >>>>>>>>>>>>>>>>>>>>>>>>>>>>>>>>>>>>>>>>>>>>>>thread active count = 0
2021-01-01 16:01:45.506 [pool-4-thread-1] INFO  c.e.s.c.thread.threadpool.ThreadPoolServiceImpl - >>>>>>>>>>>>>>>>>>>>>>>>>>>>>>>>>>>>>>>>>>>>>>thread task count = 10
2021-01-01 16:01:45.506 [pool-4-thread-1] INFO  c.e.s.c.thread.threadpool.ThreadPoolServiceImpl - >>>>>>>>>>>>>>>>>>>>>>>>>>>>>>>>>>>>>>>>>>>>>>thread completed task count = 10
2021-01-01 16:01:46.514 [scheduling-1] INFO  c.e.s.common.scheduling.ScheduleService - fixedRate>>>Fri Jan 01 16:01:46 CST 2021
2021-01-01 16:01:46.515 [scheduling-1] INFO  c.e.s.common.scheduling.ScheduleService - initialDelay>>>Fri Jan 01 16:01:46 CST 2021
2021-01-01 16:01:46.515 [scheduling-1] INFO  c.e.s.common.scheduling.ScheduleService - fixedDelay>>>Fri Jan 01 16:01:46 CST 2021
2021-01-01 16:01:48.515 [scheduling-1] INFO  c.e.s.common.scheduling.ScheduleService - fixedRate>>>Fri Jan 01 16:01:48 CST 2021
2021-01-01 16:01:49.510 [scheduling-1] INFO  c.e.s.common.scheduling.ScheduleService - initialDelay>>>Fri Jan 01 16:01:49 CST 2021
2021-01-01 16:01:49.511 [scheduling-1] INFO  c.e.s.common.scheduling.ScheduleService - fixedDelay>>>Fri Jan 01 16:01:49 CST 2021
2021-01-01 16:01:50.001 [scheduling-1] INFO  c.e.s.common.scheduling.ScheduleService - 2021-1-1 16:01:50
2021-01-01 16:01:50.517 [scheduling-1] INFO  c.e.s.common.scheduling.ScheduleService - fixedRate>>>Fri Jan 01 16:01:50 CST 2021
2021-01-01 16:01:51.512 [scheduling-1] INFO  c.e.s.common.scheduling.ScheduleService - initialDelay>>>Fri Jan 01 16:01:51 CST 2021
2021-01-01 16:01:51.512 [scheduling-1] INFO  c.e.s.common.scheduling.ScheduleService - fixedDelay>>>Fri Jan 01 16:01:51 CST 2021
2021-01-01 16:01:52.515 [scheduling-1] INFO  c.e.s.common.scheduling.ScheduleService - fixedRate>>>Fri Jan 01 16:01:52 CST 2021
2021-01-01 16:01:53.517 [scheduling-1] INFO  c.e.s.common.scheduling.ScheduleService - initialDelay>>>Fri Jan 01 16:01:53 CST 2021
2021-01-01 16:01:53.517 [scheduling-1] INFO  c.e.s.common.scheduling.ScheduleService - fixedDelay>>>Fri Jan 01 16:01:53 CST 2021
2021-01-01 16:01:54.513 [scheduling-1] INFO  c.e.s.common.scheduling.ScheduleService - fixedRate>>>Fri Jan 01 16:01:54 CST 2021
2021-01-01 16:01:55.001 [scheduling-1] INFO  c.e.s.common.scheduling.ScheduleService - 2021-1-1 16:01:55
2021-01-01 16:01:55.518 [scheduling-1] INFO  c.e.s.common.scheduling.ScheduleService - initialDelay>>>Fri Jan 01 16:01:55 CST 2021
2021-01-01 16:01:55.518 [scheduling-1] INFO  c.e.s.common.scheduling.ScheduleService - fixedDelay>>>Fri Jan 01 16:01:55 CST 2021
2021-01-01 16:01:56.515 [scheduling-1] INFO  c.e.s.common.scheduling.ScheduleService - fixedRate>>>Fri Jan 01 16:01:56 CST 2021
2021-01-01 16:01:57.520 [scheduling-1] INFO  c.e.s.common.scheduling.ScheduleService - initialDelay>>>Fri Jan 01 16:01:57 CST 2021
2021-01-01 16:01:57.520 [scheduling-1] INFO  c.e.s.common.scheduling.ScheduleService - fixedDelay>>>Fri Jan 01 16:01:57 CST 2021
2021-01-01 16:01:58.513 [scheduling-1] INFO  c.e.s.common.scheduling.ScheduleService - fixedRate>>>Fri Jan 01 16:01:58 CST 2021
2021-01-01 16:01:59.521 [scheduling-1] INFO  c.e.s.common.scheduling.ScheduleService - initialDelay>>>Fri Jan 01 16:01:59 CST 2021
2021-01-01 16:01:59.521 [scheduling-1] INFO  c.e.s.common.scheduling.ScheduleService - fixedDelay>>>Fri Jan 01 16:01:59 CST 2021
2021-01-01 16:02:00.002 [scheduling-1] INFO  c.e.s.common.scheduling.ScheduleService - 2021-1-1 16:02:00
2021-01-01 16:02:00.513 [scheduling-1] INFO  c.e.s.common.scheduling.ScheduleService - fixedRate>>>Fri Jan 01 16:02:00 CST 2021
2021-01-01 16:02:01.522 [scheduling-1] INFO  c.e.s.common.scheduling.ScheduleService - initialDelay>>>Fri Jan 01 16:02:01 CST 2021
2021-01-01 16:02:01.522 [scheduling-1] INFO  c.e.s.common.scheduling.ScheduleService - fixedDelay>>>Fri Jan 01 16:02:01 CST 2021
2021-01-01 16:02:02.515 [scheduling-1] INFO  c.e.s.common.scheduling.ScheduleService - fixedRate>>>Fri Jan 01 16:02:02 CST 2021
2021-01-01 16:02:03.525 [scheduling-1] INFO  c.e.s.common.scheduling.ScheduleService - initialDelay>>>Fri Jan 01 16:02:03 CST 2021
2021-01-01 16:02:03.525 [scheduling-1] INFO  c.e.s.common.scheduling.ScheduleService - fixedDelay>>>Fri Jan 01 16:02:03 CST 2021
2021-01-01 16:02:04.517 [scheduling-1] INFO  c.e.s.common.scheduling.ScheduleService - fixedRate>>>Fri Jan 01 16:02:04 CST 2021
2021-01-01 16:02:05.000 [scheduling-1] INFO  c.e.s.common.scheduling.ScheduleService - 2021-1-1 16:02:05
2021-01-01 16:02:05.526 [scheduling-1] INFO  c.e.s.common.scheduling.ScheduleService - initialDelay>>>Fri Jan 01 16:02:05 CST 2021
2021-01-01 16:02:05.527 [scheduling-1] INFO  c.e.s.common.scheduling.ScheduleService - fixedDelay>>>Fri Jan 01 16:02:05 CST 2021
2021-01-01 16:02:06.439 [SpringContextShutdownHook] INFO  org.quartz.core.QuartzScheduler - Scheduler schedulerFactory_$_NON_CLUSTERED paused.
2021-01-01 16:02:06.440 [SpringContextShutdownHook] INFO  o.s.scheduling.concurrent.ThreadPoolTaskScheduler - Shutting down ExecutorService 'taskScheduler'
2021-01-01 16:02:06.443 [SpringContextShutdownHook] INFO  org.quartz.core.QuartzScheduler - Scheduler schedulerFactory_$_NON_CLUSTERED shutting down.
2021-01-01 16:02:06.443 [SpringContextShutdownHook] INFO  org.quartz.core.QuartzScheduler - Scheduler schedulerFactory_$_NON_CLUSTERED paused.
2021-01-01 16:02:06.446 [SpringContextShutdownHook] INFO  org.quartz.core.QuartzScheduler - Scheduler schedulerFactory_$_NON_CLUSTERED shutdown complete.
2021-01-01 16:02:06.446 [SpringContextShutdownHook] INFO  o.s.scheduling.quartz.SchedulerFactoryBean - Shutting down Quartz Scheduler
2021-01-01 16:02:06.460 [SpringContextShutdownHook] INFO  com.alibaba.druid.pool.DruidDataSource - {dataSource-1} closed
