2020-11-12 21:43:41.734  INFO 3556 --- [main] com.alipay.sofa.common.log               : Sofa-Middleware-Log SLF4J : Actual logging.path is [ /Users/youxuehu/IdeaProjects/springboot-demo/sofa-boot-project/primary-sofa-boot/logs ]
2020-11-12 21:43:41.741  INFO 3556 --- [main] com.alipay.sofa.common.log               : Sofa-Middleware-Log SLF4J : Actual binding is of type [ com.alipay.sofa.infra Logback ]
2020-11-12 21:43:41.784  INFO 3556 --- [main] com.alipay.sofa.common.log               : Sofa-Middleware-Log SLF4J : Actual logging.path is [ /Users/youxuehu/IdeaProjects/springboot-demo/sofa-boot-project/primary-sofa-boot/logs ]
2020-11-12 21:43:41.785  INFO 3556 --- [main] com.alipay.sofa.common.log               : Sofa-Middleware-Log SLF4J : Actual logging.path is [ /Users/youxuehu/IdeaProjects/springboot-demo/sofa-boot-project/primary-sofa-boot/logs ]
2020-11-12 21:43:41.786  INFO 3556 --- [main] com.alipay.sofa.common.log               : Sofa-Middleware-Log SLF4J : Actual logging.path is [ /Users/youxuehu/IdeaProjects/springboot-demo/sofa-boot-project/primary-sofa-boot/logs ]
2020-11-12 21:43:41.787  INFO 3556 --- [main] com.alipay.sofa.common.log               : Sofa-Middleware-Log SLF4J : Actual binding is of type [ com.alipay.sofa.runtime Logback ]
2020-11-12 21:43:41.798  INFO 3556 --- [main] c.e.p.PrimarySofaBootApplication         : Starting PrimarySofaBootApplication on youxuehudeiMac.lan with PID 3556 (/Users/youxuehu/IdeaProjects/springboot-demo/sofa-boot-project/primary-sofa-boot/target/classes started by youxuehu in /Users/youxuehu/IdeaProjects/springboot-demo/sofa-boot-project)
2020-11-12 21:43:41.798  INFO 3556 --- [main] c.e.p.PrimarySofaBootApplication         : No active profile set, falling back to default profiles: default
2020-11-12 21:43:41.840  INFO 3556 --- [main] ConfigServletWebServerApplicationContext : Refreshing org.springframework.boot.web.servlet.context.AnnotationConfigServletWebServerApplicationContext@4ac3c60d: startup date [Thu Nov 12 21:43:41 CST 2020]; root of context hierarchy
2020-11-12 21:43:42.073  INFO 3556 --- [main] o.s.b.f.xml.XmlBeanDefinitionReader      : Loading XML bean definitions from URL [file:/Users/youxuehu/IdeaProjects/springboot-demo/sofa-boot-project/primary-sofa-boot/target/classes/service-bean.xml]
2020-11-12 21:43:42.147  INFO 3556 --- [main] com.alipay.sofa.common.log               : Sofa-Middleware-Log SLF4J : Actual binding is of type [ com.alipay.sofa.rpc.boot Logback ]
2020-11-12 21:43:42.564  INFO 3556 --- [main] o.s.b.w.embedded.tomcat.TomcatWebServer  : Tomcat initialized with port(s): 8080 (http)
2020-11-12 21:43:42.576  INFO 3556 --- [main] o.apache.catalina.core.StandardService   : Starting service [Tomcat]
2020-11-12 21:43:42.577  INFO 3556 --- [main] org.apache.catalina.core.StandardEngine  : Starting Servlet Engine: Apache Tomcat/8.5.31
2020-11-12 21:43:42.579  INFO 3556 --- [localhost-startStop-1] o.a.catalina.core.AprLifecycleListener   : The APR based Apache Tomcat Native library which allows optimal performance in production environments was not found on the java.library.path: [/Users/youxuehu/Library/Java/Extensions:/Library/Java/Extensions:/Network/Library/Java/Extensions:/System/Library/Java/Extensions:/usr/lib/java:.]
2020-11-12 21:43:42.625  INFO 3556 --- [localhost-startStop-1] o.a.c.c.C.[Tomcat].[localhost].[/]       : Initializing Spring embedded WebApplicationContext
2020-11-12 21:43:42.625  INFO 3556 --- [localhost-startStop-1] o.s.web.context.ContextLoader            : Root WebApplicationContext: initialization completed in 785 ms
2020-11-12 21:43:42.687  INFO 3556 --- [localhost-startStop-1] o.s.b.w.servlet.ServletRegistrationBean  : Servlet dispatcherServlet mapped to [/]
2020-11-12 21:43:42.690  INFO 3556 --- [localhost-startStop-1] o.s.b.w.servlet.FilterRegistrationBean   : Mapping filter: 'characterEncodingFilter' to: [/*]
2020-11-12 21:43:42.690  INFO 3556 --- [localhost-startStop-1] o.s.b.w.servlet.FilterRegistrationBean   : Mapping filter: 'hiddenHttpMethodFilter' to: [/*]
2020-11-12 21:43:42.690  INFO 3556 --- [localhost-startStop-1] o.s.b.w.servlet.FilterRegistrationBean   : Mapping filter: 'httpPutFormContentFilter' to: [/*]
2020-11-12 21:43:42.690  INFO 3556 --- [localhost-startStop-1] o.s.b.w.servlet.FilterRegistrationBean   : Mapping filter: 'requestContextFilter' to: [/*]
2020-11-12 21:43:42.732  INFO 3556 --- [main] com.alipay.sofa.common.log               : Sofa-Middleware-Log SLF4J : Actual binding is of type [ com.alipay.sofa.rpc Logback ]
2020-11-12 21:43:42.847  INFO 3556 --- [main] o.s.w.s.handler.SimpleUrlHandlerMapping  : Mapped URL path [/**/favicon.ico] onto handler of type [class org.springframework.web.servlet.resource.ResourceHttpRequestHandler]
2020-11-12 21:43:42.968  INFO 3556 --- [main] s.w.s.m.m.a.RequestMappingHandlerAdapter : Looking for @ControllerAdvice: org.springframework.boot.web.servlet.context.AnnotationConfigServletWebServerApplicationContext@4ac3c60d: startup date [Thu Nov 12 21:43:41 CST 2020]; root of context hierarchy
2020-11-12 21:43:43.034  INFO 3556 --- [main] s.w.s.m.m.a.RequestMappingHandlerMapping : Mapped "{[/error]}" onto public org.springframework.http.ResponseEntity<java.util.Map<java.lang.String, java.lang.Object>> org.springframework.boot.autoconfigure.web.servlet.error.BasicErrorController.error(javax.servlet.http.HttpServletRequest)
2020-11-12 21:43:43.034  INFO 3556 --- [main] s.w.s.m.m.a.RequestMappingHandlerMapping : Mapped "{[/error],produces=[text/html]}" onto public org.springframework.web.servlet.ModelAndView org.springframework.boot.autoconfigure.web.servlet.error.BasicErrorController.errorHtml(javax.servlet.http.HttpServletRequest,javax.servlet.http.HttpServletResponse)
2020-11-12 21:43:43.047  INFO 3556 --- [main] o.s.w.s.handler.SimpleUrlHandlerMapping  : Mapped URL path [/webjars/**] onto handler of type [class org.springframework.web.servlet.resource.ResourceHttpRequestHandler]
2020-11-12 21:43:43.047  INFO 3556 --- [main] o.s.w.s.handler.SimpleUrlHandlerMapping  : Mapped URL path [/**] onto handler of type [class org.springframework.web.servlet.resource.ResourceHttpRequestHandler]
2020-11-12 21:43:43.138  INFO 3556 --- [main] o.s.j.e.a.AnnotationMBeanExporter        : Registering beans for JMX exposure on startup
2020-11-12 21:43:43.256  INFO 3556 --- [main] o.s.b.w.embedded.tomcat.TomcatWebServer  : Tomcat started on port(s): 8080 (http) with context path ''
2020-11-12 21:43:43.259  INFO 3556 --- [main] c.e.p.PrimarySofaBootApplication         : Started PrimarySofaBootApplication in 1.702 seconds (JVM running for 2.039)
2020-11-12 21:43:43.261  INFO 3556 --- [main] c.e.p.service.impl.HelloSyncServiceImpl  : 接收参数：jack
2020-11-12 22:00:35.385  INFO 3556 --- [Thread-7] ConfigServletWebServerApplicationContext : Closing org.springframework.boot.web.servlet.context.AnnotationConfigServletWebServerApplicationContext@4ac3c60d: startup date [Thu Nov 12 21:43:41 CST 2020]; root of context hierarchy
2020-11-12 22:00:35.412  INFO 3556 --- [Thread-7] o.s.j.e.a.AnnotationMBeanExporter        : Unregistering JMX-exposed beans on shutdown
2020-11-12 22:00:42.805  INFO 3915 --- [main] com.alipay.sofa.common.log               : Sofa-Middleware-Log SLF4J : Actual logging.path is [ /Users/youxuehu/IdeaProjects/springboot-demo/sofa-boot-project/primary-sofa-boot/logs ]
2020-11-12 22:00:42.809  INFO 3915 --- [main] com.alipay.sofa.common.log               : Sofa-Middleware-Log SLF4J : Actual binding is of type [ com.alipay.sofa.infra Logback ]
2020-11-12 22:00:42.857  INFO 3915 --- [main] com.alipay.sofa.common.log               : Sofa-Middleware-Log SLF4J : Actual logging.path is [ /Users/youxuehu/IdeaProjects/springboot-demo/sofa-boot-project/primary-sofa-boot/logs ]
2020-11-12 22:00:42.858  INFO 3915 --- [main] com.alipay.sofa.common.log               : Sofa-Middleware-Log SLF4J : Actual logging.path is [ /Users/youxuehu/IdeaProjects/springboot-demo/sofa-boot-project/primary-sofa-boot/logs ]
2020-11-12 22:00:42.858  INFO 3915 --- [main] com.alipay.sofa.common.log               : Sofa-Middleware-Log SLF4J : Actual logging.path is [ /Users/youxuehu/IdeaProjects/springboot-demo/sofa-boot-project/primary-sofa-boot/logs ]
2020-11-12 22:00:42.859  INFO 3915 --- [main] com.alipay.sofa.common.log               : Sofa-Middleware-Log SLF4J : Actual binding is of type [ com.alipay.sofa.runtime Logback ]
2020-11-12 22:00:42.869  INFO 3915 --- [main] c.e.p.PrimarySofaBootApplication         : Starting PrimarySofaBootApplication on youxuehudeiMac.lan with PID 3915 (/Users/youxuehu/IdeaProjects/springboot-demo/sofa-boot-project/primary-sofa-boot/target/classes started by youxuehu in /Users/youxuehu/IdeaProjects/springboot-demo/sofa-boot-project)
2020-11-12 22:00:42.870  INFO 3915 --- [main] c.e.p.PrimarySofaBootApplication         : No active profile set, falling back to default profiles: default
2020-11-12 22:00:42.907  INFO 3915 --- [main] ConfigServletWebServerApplicationContext : Refreshing org.springframework.boot.web.servlet.context.AnnotationConfigServletWebServerApplicationContext@30ee2816: startup date [Thu Nov 12 22:00:42 CST 2020]; root of context hierarchy
2020-11-12 22:00:43.132  INFO 3915 --- [main] o.s.b.f.xml.XmlBeanDefinitionReader      : Loading XML bean definitions from URL [file:/Users/youxuehu/IdeaProjects/springboot-demo/sofa-boot-project/primary-sofa-boot/target/classes/service-bean.xml]
2020-11-12 22:00:43.196  INFO 3915 --- [main] com.alipay.sofa.common.log               : Sofa-Middleware-Log SLF4J : Actual binding is of type [ com.alipay.sofa.rpc.boot Logback ]
2020-11-12 22:00:43.595  INFO 3915 --- [main] o.s.b.w.embedded.tomcat.TomcatWebServer  : Tomcat initialized with port(s): 8080 (http)
2020-11-12 22:00:43.605  INFO 3915 --- [main] o.apache.catalina.core.StandardService   : Starting service [Tomcat]
2020-11-12 22:00:43.605  INFO 3915 --- [main] org.apache.catalina.core.StandardEngine  : Starting Servlet Engine: Apache Tomcat/8.5.31
2020-11-12 22:00:43.608  INFO 3915 --- [localhost-startStop-1] o.a.catalina.core.AprLifecycleListener   : The APR based Apache Tomcat Native library which allows optimal performance in production environments was not found on the java.library.path: [/Users/youxuehu/Library/Java/Extensions:/Library/Java/Extensions:/Network/Library/Java/Extensions:/System/Library/Java/Extensions:/usr/lib/java:.]
2020-11-12 22:00:43.651  INFO 3915 --- [localhost-startStop-1] o.a.c.c.C.[Tomcat].[localhost].[/]       : Initializing Spring embedded WebApplicationContext
2020-11-12 22:00:43.651  INFO 3915 --- [localhost-startStop-1] o.s.web.context.ContextLoader            : Root WebApplicationContext: initialization completed in 744 ms
2020-11-12 22:00:43.708  INFO 3915 --- [localhost-startStop-1] o.s.b.w.servlet.ServletRegistrationBean  : Servlet dispatcherServlet mapped to [/]
2020-11-12 22:00:43.710  INFO 3915 --- [localhost-startStop-1] o.s.b.w.servlet.FilterRegistrationBean   : Mapping filter: 'characterEncodingFilter' to: [/*]
2020-11-12 22:00:43.710  INFO 3915 --- [localhost-startStop-1] o.s.b.w.servlet.FilterRegistrationBean   : Mapping filter: 'hiddenHttpMethodFilter' to: [/*]
2020-11-12 22:00:43.710  INFO 3915 --- [localhost-startStop-1] o.s.b.w.servlet.FilterRegistrationBean   : Mapping filter: 'httpPutFormContentFilter' to: [/*]
2020-11-12 22:00:43.710  INFO 3915 --- [localhost-startStop-1] o.s.b.w.servlet.FilterRegistrationBean   : Mapping filter: 'requestContextFilter' to: [/*]
2020-11-12 22:00:43.752  INFO 3915 --- [main] com.alipay.sofa.common.log               : Sofa-Middleware-Log SLF4J : Actual binding is of type [ com.alipay.sofa.rpc Logback ]
2020-11-12 22:00:43.860  INFO 3915 --- [main] o.s.w.s.handler.SimpleUrlHandlerMapping  : Mapped URL path [/**/favicon.ico] onto handler of type [class org.springframework.web.servlet.resource.ResourceHttpRequestHandler]
2020-11-12 22:00:43.980  INFO 3915 --- [main] s.w.s.m.m.a.RequestMappingHandlerAdapter : Looking for @ControllerAdvice: org.springframework.boot.web.servlet.context.AnnotationConfigServletWebServerApplicationContext@30ee2816: startup date [Thu Nov 12 22:00:42 CST 2020]; root of context hierarchy
2020-11-12 22:00:44.007  INFO 3915 --- [main] s.w.s.m.m.a.RequestMappingHandlerMapping : Mapped "{[/error]}" onto public org.springframework.http.ResponseEntity<java.util.Map<java.lang.String, java.lang.Object>> org.springframework.boot.autoconfigure.web.servlet.error.BasicErrorController.error(javax.servlet.http.HttpServletRequest)
2020-11-12 22:00:44.043  INFO 3915 --- [main] s.w.s.m.m.a.RequestMappingHandlerMapping : Mapped "{[/error],produces=[text/html]}" onto public org.springframework.web.servlet.ModelAndView org.springframework.boot.autoconfigure.web.servlet.error.BasicErrorController.errorHtml(javax.servlet.http.HttpServletRequest,javax.servlet.http.HttpServletResponse)
2020-11-12 22:00:44.056  INFO 3915 --- [main] o.s.w.s.handler.SimpleUrlHandlerMapping  : Mapped URL path [/webjars/**] onto handler of type [class org.springframework.web.servlet.resource.ResourceHttpRequestHandler]
2020-11-12 22:00:44.056  INFO 3915 --- [main] o.s.w.s.handler.SimpleUrlHandlerMapping  : Mapped URL path [/**] onto handler of type [class org.springframework.web.servlet.resource.ResourceHttpRequestHandler]
2020-11-12 22:00:44.142  INFO 3915 --- [main] o.s.j.e.a.AnnotationMBeanExporter        : Registering beans for JMX exposure on startup
2020-11-12 22:00:44.256  INFO 3915 --- [main] o.s.b.w.embedded.tomcat.TomcatWebServer  : Tomcat started on port(s): 8080 (http) with context path ''
2020-11-12 22:00:44.259  INFO 3915 --- [main] c.e.p.PrimarySofaBootApplication         : Started PrimarySofaBootApplication in 1.651 seconds (JVM running for 2.039)
2020-11-12 22:00:44.260  INFO 3915 --- [main] c.e.p.service.impl.HelloSyncServiceImpl  : 接收参数：jack
2020-11-12 22:01:25.934  INFO 3915 --- [SOFA-SEV-H2C-BIZ-12300-5-T2] c.e.p.service.impl.HelloSyncServiceImpl  : 接收参数：tom
2020-11-12 22:02:04.347  INFO 3915 --- [Thread-7] ConfigServletWebServerApplicationContext : Closing org.springframework.boot.web.servlet.context.AnnotationConfigServletWebServerApplicationContext@30ee2816: startup date [Thu Nov 12 22:00:42 CST 2020]; root of context hierarchy
2020-11-12 22:02:04.358  WARN 3915 --- [SOFA-SEV-H2C-BIZ-12300-5-T4] i.n.u.c.SingleThreadEventExecutor        : An event executor terminated with non-empty task queue (3)
2020-11-12 22:02:04.359  WARN 3915 --- [SOFA-SEV-H2C-BIZ-12300-5-T2] i.n.u.c.SingleThreadEventExecutor        : An event executor terminated with non-empty task queue (3)
2020-11-12 22:02:04.379  INFO 3915 --- [Thread-7] o.s.j.e.a.AnnotationMBeanExporter        : Unregistering JMX-exposed beans on shutdown
