2021-01-30 21:47:58.981 [restartedMain] WARN  org.apache.hadoop.util.NativeCodeLoader - Unable to load native-hadoop library for your platform... using builtin-java classes where applicable
2021-01-30 22:15:02.030 [restartedMain] WARN  org.apache.hadoop.util.NativeCodeLoader - Unable to load native-hadoop library for your platform... using builtin-java classes where applicable
2021-01-30 22:15:02.412 [restartedMain-SendThread(hbase:2171)] WARN  org.apache.zookeeper.ClientCnxn - Session 0x0 for sever hbase:2171, Closing socket connection. Attempting reconnect except it is a SessionExpiredException.
java.lang.IllegalArgumentException: Unable to canonicalize address hbase:2171 because it's not resolvable
	at org.apache.zookeeper.SaslServerPrincipal.getServerPrincipal(SaslServerPrincipal.java:78)
	at org.apache.zookeeper.SaslServerPrincipal.getServerPrincipal(SaslServerPrincipal.java:41)
	at org.apache.zookeeper.ClientCnxn$SendThread.startConnect(ClientCnxn.java:1134)
	at org.apache.zookeeper.ClientCnxn$SendThread.run(ClientCnxn.java:1182)
2021-01-30 22:15:03.515 [restartedMain-SendThread(hbase:2171)] WARN  org.apache.zookeeper.ClientCnxn - Session 0x0 for sever hbase:2171, Closing socket connection. Attempting reconnect except it is a SessionExpiredException.
java.lang.IllegalArgumentException: Unable to canonicalize address hbase:2171 because it's not resolvable
	at org.apache.zookeeper.SaslServerPrincipal.getServerPrincipal(SaslServerPrincipal.java:78)
	at org.apache.zookeeper.SaslServerPrincipal.getServerPrincipal(SaslServerPrincipal.java:41)
	at org.apache.zookeeper.ClientCnxn$SendThread.startConnect(ClientCnxn.java:1134)
	at org.apache.zookeeper.ClientCnxn$SendThread.run(ClientCnxn.java:1182)
2021-01-30 22:15:04.616 [restartedMain-SendThread(hbase:2171)] WARN  org.apache.zookeeper.ClientCnxn - Session 0x0 for sever hbase:2171, Closing socket connection. Attempting reconnect except it is a SessionExpiredException.
java.lang.IllegalArgumentException: Unable to canonicalize address hbase:2171 because it's not resolvable
	at org.apache.zookeeper.SaslServerPrincipal.getServerPrincipal(SaslServerPrincipal.java:78)
	at org.apache.zookeeper.SaslServerPrincipal.getServerPrincipal(SaslServerPrincipal.java:41)
	at org.apache.zookeeper.ClientCnxn$SendThread.startConnect(ClientCnxn.java:1134)
	at org.apache.zookeeper.ClientCnxn$SendThread.run(ClientCnxn.java:1182)
2021-01-30 22:15:05.717 [restartedMain-SendThread(hbase:2171)] WARN  org.apache.zookeeper.ClientCnxn - Session 0x0 for sever hbase:2171, Closing socket connection. Attempting reconnect except it is a SessionExpiredException.
java.lang.IllegalArgumentException: Unable to canonicalize address hbase:2171 because it's not resolvable
	at org.apache.zookeeper.SaslServerPrincipal.getServerPrincipal(SaslServerPrincipal.java:78)
	at org.apache.zookeeper.SaslServerPrincipal.getServerPrincipal(SaslServerPrincipal.java:41)
	at org.apache.zookeeper.ClientCnxn$SendThread.startConnect(ClientCnxn.java:1134)
	at org.apache.zookeeper.ClientCnxn$SendThread.run(ClientCnxn.java:1182)
2021-01-30 22:15:06.818 [restartedMain-SendThread(hbase:2171)] WARN  org.apache.zookeeper.ClientCnxn - Session 0x0 for sever hbase:2171, Closing socket connection. Attempting reconnect except it is a SessionExpiredException.
java.lang.IllegalArgumentException: Unable to canonicalize address hbase:2171 because it's not resolvable
	at org.apache.zookeeper.SaslServerPrincipal.getServerPrincipal(SaslServerPrincipal.java:78)
	at org.apache.zookeeper.SaslServerPrincipal.getServerPrincipal(SaslServerPrincipal.java:41)
	at org.apache.zookeeper.ClientCnxn$SendThread.startConnect(ClientCnxn.java:1134)
	at org.apache.zookeeper.ClientCnxn$SendThread.run(ClientCnxn.java:1182)
2021-01-30 22:15:07.921 [restartedMain-SendThread(hbase:2171)] WARN  org.apache.zookeeper.ClientCnxn - Session 0x0 for sever hbase:2171, Closing socket connection. Attempting reconnect except it is a SessionExpiredException.
java.lang.IllegalArgumentException: Unable to canonicalize address hbase:2171 because it's not resolvable
	at org.apache.zookeeper.SaslServerPrincipal.getServerPrincipal(SaslServerPrincipal.java:78)
	at org.apache.zookeeper.SaslServerPrincipal.getServerPrincipal(SaslServerPrincipal.java:41)
	at org.apache.zookeeper.ClientCnxn$SendThread.startConnect(ClientCnxn.java:1134)
	at org.apache.zookeeper.ClientCnxn$SendThread.run(ClientCnxn.java:1182)
2021-01-30 22:15:09.026 [restartedMain-SendThread(hbase:2171)] WARN  org.apache.zookeeper.ClientCnxn - Session 0x0 for sever hbase:2171, Closing socket connection. Attempting reconnect except it is a SessionExpiredException.
java.lang.IllegalArgumentException: Unable to canonicalize address hbase:2171 because it's not resolvable
	at org.apache.zookeeper.SaslServerPrincipal.getServerPrincipal(SaslServerPrincipal.java:78)
	at org.apache.zookeeper.SaslServerPrincipal.getServerPrincipal(SaslServerPrincipal.java:41)
	at org.apache.zookeeper.ClientCnxn$SendThread.startConnect(ClientCnxn.java:1134)
	at org.apache.zookeeper.ClientCnxn$SendThread.run(ClientCnxn.java:1182)
2021-01-30 22:15:10.134 [restartedMain-SendThread(hbase:2171)] WARN  org.apache.zookeeper.ClientCnxn - Session 0x0 for sever hbase:2171, Closing socket connection. Attempting reconnect except it is a SessionExpiredException.
java.lang.IllegalArgumentException: Unable to canonicalize address hbase:2171 because it's not resolvable
	at org.apache.zookeeper.SaslServerPrincipal.getServerPrincipal(SaslServerPrincipal.java:78)
	at org.apache.zookeeper.SaslServerPrincipal.getServerPrincipal(SaslServerPrincipal.java:41)
	at org.apache.zookeeper.ClientCnxn$SendThread.startConnect(ClientCnxn.java:1134)
	at org.apache.zookeeper.ClientCnxn$SendThread.run(ClientCnxn.java:1182)
2021-01-30 22:15:11.241 [restartedMain-SendThread(hbase:2171)] WARN  org.apache.zookeeper.ClientCnxn - Session 0x0 for sever hbase:2171, Closing socket connection. Attempting reconnect except it is a SessionExpiredException.
java.lang.IllegalArgumentException: Unable to canonicalize address hbase:2171 because it's not resolvable
	at org.apache.zookeeper.SaslServerPrincipal.getServerPrincipal(SaslServerPrincipal.java:78)
	at org.apache.zookeeper.SaslServerPrincipal.getServerPrincipal(SaslServerPrincipal.java:41)
	at org.apache.zookeeper.ClientCnxn$SendThread.startConnect(ClientCnxn.java:1134)
	at org.apache.zookeeper.ClientCnxn$SendThread.run(ClientCnxn.java:1182)
2021-01-30 22:15:12.347 [restartedMain-SendThread(hbase:2171)] WARN  org.apache.zookeeper.ClientCnxn - Session 0x0 for sever hbase:2171, Closing socket connection. Attempting reconnect except it is a SessionExpiredException.
java.lang.IllegalArgumentException: Unable to canonicalize address hbase:2171 because it's not resolvable
	at org.apache.zookeeper.SaslServerPrincipal.getServerPrincipal(SaslServerPrincipal.java:78)
	at org.apache.zookeeper.SaslServerPrincipal.getServerPrincipal(SaslServerPrincipal.java:41)
	at org.apache.zookeeper.ClientCnxn$SendThread.startConnect(ClientCnxn.java:1134)
	at org.apache.zookeeper.ClientCnxn$SendThread.run(ClientCnxn.java:1182)
2021-01-30 22:15:13.459 [restartedMain-SendThread(hbase:2171)] WARN  org.apache.zookeeper.ClientCnxn - Session 0x0 for sever hbase:2171, Closing socket connection. Attempting reconnect except it is a SessionExpiredException.
java.lang.IllegalArgumentException: Unable to canonicalize address hbase:2171 because it's not resolvable
	at org.apache.zookeeper.SaslServerPrincipal.getServerPrincipal(SaslServerPrincipal.java:78)
	at org.apache.zookeeper.SaslServerPrincipal.getServerPrincipal(SaslServerPrincipal.java:41)
	at org.apache.zookeeper.ClientCnxn$SendThread.startConnect(ClientCnxn.java:1134)
	at org.apache.zookeeper.ClientCnxn$SendThread.run(ClientCnxn.java:1182)
2021-01-30 22:15:14.561 [restartedMain-SendThread(hbase:2171)] WARN  org.apache.zookeeper.ClientCnxn - Session 0x0 for sever hbase:2171, Closing socket connection. Attempting reconnect except it is a SessionExpiredException.
java.lang.IllegalArgumentException: Unable to canonicalize address hbase:2171 because it's not resolvable
	at org.apache.zookeeper.SaslServerPrincipal.getServerPrincipal(SaslServerPrincipal.java:78)
	at org.apache.zookeeper.SaslServerPrincipal.getServerPrincipal(SaslServerPrincipal.java:41)
	at org.apache.zookeeper.ClientCnxn$SendThread.startConnect(ClientCnxn.java:1134)
	at org.apache.zookeeper.ClientCnxn$SendThread.run(ClientCnxn.java:1182)
2021-01-30 22:15:15.664 [restartedMain-SendThread(hbase:2171)] WARN  org.apache.zookeeper.ClientCnxn - Session 0x0 for sever hbase:2171, Closing socket connection. Attempting reconnect except it is a SessionExpiredException.
java.lang.IllegalArgumentException: Unable to canonicalize address hbase:2171 because it's not resolvable
	at org.apache.zookeeper.SaslServerPrincipal.getServerPrincipal(SaslServerPrincipal.java:78)
	at org.apache.zookeeper.SaslServerPrincipal.getServerPrincipal(SaslServerPrincipal.java:41)
	at org.apache.zookeeper.ClientCnxn$SendThread.startConnect(ClientCnxn.java:1134)
	at org.apache.zookeeper.ClientCnxn$SendThread.run(ClientCnxn.java:1182)
2021-01-30 22:15:16.766 [restartedMain-SendThread(hbase:2171)] WARN  org.apache.zookeeper.ClientCnxn - Session 0x0 for sever hbase:2171, Closing socket connection. Attempting reconnect except it is a SessionExpiredException.
java.lang.IllegalArgumentException: Unable to canonicalize address hbase:2171 because it's not resolvable
	at org.apache.zookeeper.SaslServerPrincipal.getServerPrincipal(SaslServerPrincipal.java:78)
	at org.apache.zookeeper.SaslServerPrincipal.getServerPrincipal(SaslServerPrincipal.java:41)
	at org.apache.zookeeper.ClientCnxn$SendThread.startConnect(ClientCnxn.java:1134)
	at org.apache.zookeeper.ClientCnxn$SendThread.run(ClientCnxn.java:1182)
2021-01-30 22:15:17.870 [restartedMain-SendThread(hbase:2171)] WARN  org.apache.zookeeper.ClientCnxn - Session 0x0 for sever hbase:2171, Closing socket connection. Attempting reconnect except it is a SessionExpiredException.
java.lang.IllegalArgumentException: Unable to canonicalize address hbase:2171 because it's not resolvable
	at org.apache.zookeeper.SaslServerPrincipal.getServerPrincipal(SaslServerPrincipal.java:78)
	at org.apache.zookeeper.SaslServerPrincipal.getServerPrincipal(SaslServerPrincipal.java:41)
	at org.apache.zookeeper.ClientCnxn$SendThread.startConnect(ClientCnxn.java:1134)
	at org.apache.zookeeper.ClientCnxn$SendThread.run(ClientCnxn.java:1182)
2021-01-30 22:15:18.975 [restartedMain-SendThread(hbase:2171)] WARN  org.apache.zookeeper.ClientCnxn - Session 0x0 for sever hbase:2171, Closing socket connection. Attempting reconnect except it is a SessionExpiredException.
java.lang.IllegalArgumentException: Unable to canonicalize address hbase:2171 because it's not resolvable
	at org.apache.zookeeper.SaslServerPrincipal.getServerPrincipal(SaslServerPrincipal.java:78)
	at org.apache.zookeeper.SaslServerPrincipal.getServerPrincipal(SaslServerPrincipal.java:41)
	at org.apache.zookeeper.ClientCnxn$SendThread.startConnect(ClientCnxn.java:1134)
	at org.apache.zookeeper.ClientCnxn$SendThread.run(ClientCnxn.java:1182)
2021-01-30 22:15:19.077 [restartedMain] WARN  org.apache.hadoop.hbase.zookeeper.ZKUtil - hconnection-0x7d961230x0, quorum=hbase:2171, baseZNode=/hbase Unable to set watcher on znode (/hbase/hbaseid)
org.apache.zookeeper.KeeperException$ConnectionLossException: KeeperErrorCode = ConnectionLoss for /hbase/hbaseid
	at org.apache.zookeeper.KeeperException.create(KeeperException.java:102)
	at org.apache.zookeeper.KeeperException.create(KeeperException.java:54)
	at org.apache.zookeeper.ZooKeeper.exists(ZooKeeper.java:2246)
	at org.apache.hadoop.hbase.zookeeper.RecoverableZooKeeper.exists(RecoverableZooKeeper.java:220)
	at org.apache.hadoop.hbase.zookeeper.ZKUtil.checkExists(ZKUtil.java:420)
	at org.apache.hadoop.hbase.zookeeper.ZKClusterId.readClusterIdZNode(ZKClusterId.java:65)
	at org.apache.hadoop.hbase.client.ZooKeeperRegistry.getClusterId(ZooKeeperRegistry.java:105)
	at org.apache.hadoop.hbase.client.ConnectionManager$HConnectionImplementation.retrieveClusterId(ConnectionManager.java:907)
	at org.apache.hadoop.hbase.client.ConnectionManager$HConnectionImplementation.<init>(ConnectionManager.java:691)
	at sun.reflect.NativeConstructorAccessorImpl.newInstance0(Native Method)
	at sun.reflect.NativeConstructorAccessorImpl.newInstance(NativeConstructorAccessorImpl.java:62)
	at sun.reflect.DelegatingConstructorAccessorImpl.newInstance(DelegatingConstructorAccessorImpl.java:45)
	at java.lang.reflect.Constructor.newInstance(Constructor.java:423)
	at org.apache.hadoop.hbase.client.ConnectionFactory.createConnection(ConnectionFactory.java:238)
	at org.apache.hadoop.hbase.client.ConnectionManager.createConnection(ConnectionManager.java:431)
	at org.apache.hadoop.hbase.client.ConnectionManager.createConnection(ConnectionManager.java:424)
	at org.apache.hadoop.hbase.client.ConnectionManager.getConnectionInternal(ConnectionManager.java:302)
	at org.apache.hadoop.hbase.client.HTable.<init>(HTable.java:184)
	at org.apache.hadoop.hbase.client.HTable.<init>(HTable.java:164)
	at org.springframework.data.hadoop.hbase.HbaseUtils.getHTable(HbaseUtils.java:76)
	at org.springframework.data.hadoop.hbase.HbaseTemplate.getTable(HbaseTemplate.java:78)
	at org.springframework.data.hadoop.hbase.HbaseTemplate.execute(HbaseTemplate.java:57)
	at org.springframework.data.hadoop.hbase.HbaseTemplate.find(HbaseTemplate.java:129)
	at org.springframework.data.hadoop.hbase.HbaseTemplate.find(HbaseTemplate.java:158)
	at com.example.springbootdemo.common.hbase.HBaseService.getRowKeyAndColumn(HBaseService.java:132)
	at com.example.springbootdemo.common.hbase.HBaseService.afterPropertiesSet(HBaseService.java:150)
	at org.springframework.beans.factory.support.AbstractAutowireCapableBeanFactory.invokeInitMethods(AbstractAutowireCapableBeanFactory.java:1862)
	at org.springframework.beans.factory.support.AbstractAutowireCapableBeanFactory.initializeBean(AbstractAutowireCapableBeanFactory.java:1799)
	at org.springframework.beans.factory.support.AbstractAutowireCapableBeanFactory.doCreateBean(AbstractAutowireCapableBeanFactory.java:595)
	at org.springframework.beans.factory.support.AbstractAutowireCapableBeanFactory.createBean(AbstractAutowireCapableBeanFactory.java:517)
	at org.springframework.beans.factory.support.AbstractBeanFactory.lambda$doGetBean$0(AbstractBeanFactory.java:323)
	at org.springframework.beans.factory.support.DefaultSingletonBeanRegistry.getSingleton(DefaultSingletonBeanRegistry.java:222)
	at org.springframework.beans.factory.support.AbstractBeanFactory.doGetBean(AbstractBeanFactory.java:321)
	at org.springframework.beans.factory.support.AbstractBeanFactory.getBean(AbstractBeanFactory.java:202)
	at org.springframework.beans.factory.support.DefaultListableBeanFactory.preInstantiateSingletons(DefaultListableBeanFactory.java:879)
	at org.springframework.context.support.AbstractApplicationContext.finishBeanFactoryInitialization(AbstractApplicationContext.java:878)
	at org.springframework.context.support.AbstractApplicationContext.refresh(AbstractApplicationContext.java:550)
	at org.springframework.boot.web.servlet.context.ServletWebServerApplicationContext.refresh(ServletWebServerApplicationContext.java:141)
	at org.springframework.boot.SpringApplication.refresh(SpringApplication.java:747)
	at org.springframework.boot.SpringApplication.refreshContext(SpringApplication.java:397)
	at org.springframework.boot.SpringApplication.run(SpringApplication.java:315)
	at org.springframework.boot.SpringApplication.run(SpringApplication.java:1226)
	at org.springframework.boot.SpringApplication.run(SpringApplication.java:1215)
	at com.example.springbootdemo.SpringbootDemoApplication.main(SpringbootDemoApplication.java:30)
	at sun.reflect.NativeMethodAccessorImpl.invoke0(Native Method)
	at sun.reflect.NativeMethodAccessorImpl.invoke(NativeMethodAccessorImpl.java:62)
	at sun.reflect.DelegatingMethodAccessorImpl.invoke(DelegatingMethodAccessorImpl.java:43)
	at java.lang.reflect.Method.invoke(Method.java:498)
	at org.springframework.boot.devtools.restart.RestartLauncher.run(RestartLauncher.java:49)
2021-01-30 22:15:19.078 [restartedMain] WARN  org.apache.hadoop.hbase.client.ZooKeeperRegistry - Can't retrieve clusterId from Zookeeper
org.apache.zookeeper.KeeperException$ConnectionLossException: KeeperErrorCode = ConnectionLoss for /hbase/hbaseid
	at org.apache.zookeeper.KeeperException.create(KeeperException.java:102)
	at org.apache.zookeeper.KeeperException.create(KeeperException.java:54)
	at org.apache.zookeeper.ZooKeeper.exists(ZooKeeper.java:2246)
	at org.apache.hadoop.hbase.zookeeper.RecoverableZooKeeper.exists(RecoverableZooKeeper.java:220)
	at org.apache.hadoop.hbase.zookeeper.ZKUtil.checkExists(ZKUtil.java:420)
	at org.apache.hadoop.hbase.zookeeper.ZKClusterId.readClusterIdZNode(ZKClusterId.java:65)
	at org.apache.hadoop.hbase.client.ZooKeeperRegistry.getClusterId(ZooKeeperRegistry.java:105)
	at org.apache.hadoop.hbase.client.ConnectionManager$HConnectionImplementation.retrieveClusterId(ConnectionManager.java:907)
	at org.apache.hadoop.hbase.client.ConnectionManager$HConnectionImplementation.<init>(ConnectionManager.java:691)
	at sun.reflect.NativeConstructorAccessorImpl.newInstance0(Native Method)
	at sun.reflect.NativeConstructorAccessorImpl.newInstance(NativeConstructorAccessorImpl.java:62)
	at sun.reflect.DelegatingConstructorAccessorImpl.newInstance(DelegatingConstructorAccessorImpl.java:45)
	at java.lang.reflect.Constructor.newInstance(Constructor.java:423)
	at org.apache.hadoop.hbase.client.ConnectionFactory.createConnection(ConnectionFactory.java:238)
	at org.apache.hadoop.hbase.client.ConnectionManager.createConnection(ConnectionManager.java:431)
	at org.apache.hadoop.hbase.client.ConnectionManager.createConnection(ConnectionManager.java:424)
	at org.apache.hadoop.hbase.client.ConnectionManager.getConnectionInternal(ConnectionManager.java:302)
	at org.apache.hadoop.hbase.client.HTable.<init>(HTable.java:184)
	at org.apache.hadoop.hbase.client.HTable.<init>(HTable.java:164)
	at org.springframework.data.hadoop.hbase.HbaseUtils.getHTable(HbaseUtils.java:76)
	at org.springframework.data.hadoop.hbase.HbaseTemplate.getTable(HbaseTemplate.java:78)
	at org.springframework.data.hadoop.hbase.HbaseTemplate.execute(HbaseTemplate.java:57)
	at org.springframework.data.hadoop.hbase.HbaseTemplate.find(HbaseTemplate.java:129)
	at org.springframework.data.hadoop.hbase.HbaseTemplate.find(HbaseTemplate.java:158)
	at com.example.springbootdemo.common.hbase.HBaseService.getRowKeyAndColumn(HBaseService.java:132)
	at com.example.springbootdemo.common.hbase.HBaseService.afterPropertiesSet(HBaseService.java:150)
	at org.springframework.beans.factory.support.AbstractAutowireCapableBeanFactory.invokeInitMethods(AbstractAutowireCapableBeanFactory.java:1862)
	at org.springframework.beans.factory.support.AbstractAutowireCapableBeanFactory.initializeBean(AbstractAutowireCapableBeanFactory.java:1799)
	at org.springframework.beans.factory.support.AbstractAutowireCapableBeanFactory.doCreateBean(AbstractAutowireCapableBeanFactory.java:595)
	at org.springframework.beans.factory.support.AbstractAutowireCapableBeanFactory.createBean(AbstractAutowireCapableBeanFactory.java:517)
	at org.springframework.beans.factory.support.AbstractBeanFactory.lambda$doGetBean$0(AbstractBeanFactory.java:323)
	at org.springframework.beans.factory.support.DefaultSingletonBeanRegistry.getSingleton(DefaultSingletonBeanRegistry.java:222)
	at org.springframework.beans.factory.support.AbstractBeanFactory.doGetBean(AbstractBeanFactory.java:321)
	at org.springframework.beans.factory.support.AbstractBeanFactory.getBean(AbstractBeanFactory.java:202)
	at org.springframework.beans.factory.support.DefaultListableBeanFactory.preInstantiateSingletons(DefaultListableBeanFactory.java:879)
	at org.springframework.context.support.AbstractApplicationContext.finishBeanFactoryInitialization(AbstractApplicationContext.java:878)
	at org.springframework.context.support.AbstractApplicationContext.refresh(AbstractApplicationContext.java:550)
	at org.springframework.boot.web.servlet.context.ServletWebServerApplicationContext.refresh(ServletWebServerApplicationContext.java:141)
	at org.springframework.boot.SpringApplication.refresh(SpringApplication.java:747)
	at org.springframework.boot.SpringApplication.refreshContext(SpringApplication.java:397)
	at org.springframework.boot.SpringApplication.run(SpringApplication.java:315)
	at org.springframework.boot.SpringApplication.run(SpringApplication.java:1226)
	at org.springframework.boot.SpringApplication.run(SpringApplication.java:1215)
	at com.example.springbootdemo.SpringbootDemoApplication.main(SpringbootDemoApplication.java:30)
	at sun.reflect.NativeMethodAccessorImpl.invoke0(Native Method)
	at sun.reflect.NativeMethodAccessorImpl.invoke(NativeMethodAccessorImpl.java:62)
	at sun.reflect.DelegatingMethodAccessorImpl.invoke(DelegatingMethodAccessorImpl.java:43)
	at java.lang.reflect.Method.invoke(Method.java:498)
	at org.springframework.boot.devtools.restart.RestartLauncher.run(RestartLauncher.java:49)
2021-01-30 22:15:20.079 [restartedMain-SendThread(hbase:2171)] WARN  org.apache.zookeeper.ClientCnxn - Session 0x0 for sever hbase:2171, Closing socket connection. Attempting reconnect except it is a SessionExpiredException.
java.lang.IllegalArgumentException: Unable to canonicalize address hbase:2171 because it's not resolvable
	at org.apache.zookeeper.SaslServerPrincipal.getServerPrincipal(SaslServerPrincipal.java:78)
	at org.apache.zookeeper.SaslServerPrincipal.getServerPrincipal(SaslServerPrincipal.java:41)
	at org.apache.zookeeper.ClientCnxn$SendThread.startConnect(ClientCnxn.java:1134)
	at org.apache.zookeeper.ClientCnxn$SendThread.run(ClientCnxn.java:1182)
2021-01-30 22:15:21.181 [restartedMain-SendThread(hbase:2171)] WARN  org.apache.zookeeper.ClientCnxn - Session 0x0 for sever hbase:2171, Closing socket connection. Attempting reconnect except it is a SessionExpiredException.
java.lang.IllegalArgumentException: Unable to canonicalize address hbase:2171 because it's not resolvable
	at org.apache.zookeeper.SaslServerPrincipal.getServerPrincipal(SaslServerPrincipal.java:78)
	at org.apache.zookeeper.SaslServerPrincipal.getServerPrincipal(SaslServerPrincipal.java:41)
	at org.apache.zookeeper.ClientCnxn$SendThread.startConnect(ClientCnxn.java:1134)
	at org.apache.zookeeper.ClientCnxn$SendThread.run(ClientCnxn.java:1182)
2021-01-30 22:15:22.283 [restartedMain-SendThread(hbase:2171)] WARN  org.apache.zookeeper.ClientCnxn - Session 0x0 for sever hbase:2171, Closing socket connection. Attempting reconnect except it is a SessionExpiredException.
java.lang.IllegalArgumentException: Unable to canonicalize address hbase:2171 because it's not resolvable
	at org.apache.zookeeper.SaslServerPrincipal.getServerPrincipal(SaslServerPrincipal.java:78)
	at org.apache.zookeeper.SaslServerPrincipal.getServerPrincipal(SaslServerPrincipal.java:41)
	at org.apache.zookeeper.ClientCnxn$SendThread.startConnect(ClientCnxn.java:1134)
	at org.apache.zookeeper.ClientCnxn$SendThread.run(ClientCnxn.java:1182)
2021-01-30 22:15:23.388 [restartedMain-SendThread(hbase:2171)] WARN  org.apache.zookeeper.ClientCnxn - Session 0x0 for sever hbase:2171, Closing socket connection. Attempting reconnect except it is a SessionExpiredException.
java.lang.IllegalArgumentException: Unable to canonicalize address hbase:2171 because it's not resolvable
	at org.apache.zookeeper.SaslServerPrincipal.getServerPrincipal(SaslServerPrincipal.java:78)
	at org.apache.zookeeper.SaslServerPrincipal.getServerPrincipal(SaslServerPrincipal.java:41)
	at org.apache.zookeeper.ClientCnxn$SendThread.startConnect(ClientCnxn.java:1134)
	at org.apache.zookeeper.ClientCnxn$SendThread.run(ClientCnxn.java:1182)
2021-01-30 22:25:21.222 [restartedMain] WARN  org.apache.hadoop.util.NativeCodeLoader - Unable to load native-hadoop library for your platform... using builtin-java classes where applicable
2021-01-30 22:33:06.908 [restartedMain] WARN  org.apache.hadoop.util.NativeCodeLoader - Unable to load native-hadoop library for your platform... using builtin-java classes where applicable
2021-01-30 22:57:19.090 [restartedMain] WARN  org.apache.hadoop.util.NativeCodeLoader - Unable to load native-hadoop library for your platform... using builtin-java classes where applicable
2021-01-30 22:58:42.020 [restartedMain-SendThread(127.0.0.1:2181)] WARN  org.apache.zookeeper.ClientCnxn - Client session timed out, have not heard from server in 77193ms for session id 0x1000001d6ce0006
2021-01-30 22:58:42.025 [restartedMain] WARN  o.s.b.w.s.c.AnnotationConfigServletWebServerApplicationContext - Exception encountered during context initialization - cancelling refresh attempt: org.springframework.beans.factory.BeanCreationException: Error creating bean with name 'HBaseService' defined in file [/Users/youxuehu/IdeaProjects/springboot-demo/target/classes/com/example/springbootdemo/common/hbase/HBaseService.class]: Invocation of init method failed; nested exception is org.springframework.data.hadoop.hbase.HbaseSystemException: java.lang.IllegalAccessError: tried to access method com.google.common.base.Stopwatch.<init>()V from class org.apache.hadoop.hbase.zookeeper.MetaTableLocator; nested exception is org.apache.hadoop.hbase.DoNotRetryIOException: java.lang.IllegalAccessError: tried to access method com.google.common.base.Stopwatch.<init>()V from class org.apache.hadoop.hbase.zookeeper.MetaTableLocator
2021-01-30 22:58:42.033 [restartedMain-SendThread(127.0.0.1:2181)] WARN  org.apache.zookeeper.ClientCnxn - Session 0x1000001d6ce0006 for sever localhost/127.0.0.1:2181, Closing socket connection. Attempting reconnect except it is a SessionExpiredException.
org.apache.zookeeper.ClientCnxn$SessionTimeoutException: Client session timed out, have not heard from server in 77193ms for session id 0x1000001d6ce0006
	at org.apache.zookeeper.ClientCnxn$SendThread.run(ClientCnxn.java:1230)
2021-01-30 22:59:54.410 [restartedMain] WARN  org.apache.hadoop.util.NativeCodeLoader - Unable to load native-hadoop library for your platform... using builtin-java classes where applicable
