2021-01-27 21:00:06.252 [main] WARN  org.thymeleaf.templatemode.TemplateMode - [THYMELEAF][main] Template Mode 'HTML5' is deprecated. Using Template Mode 'HTML' instead.
2021-01-27 21:00:07.348 [main] WARN  s.d.s.web.readers.parameter.ParameterTypeReader - @ModelAttribute annotated parameters should have already been expanded via the ExpandedParameterBuilderPlugin
2021-01-27 21:00:07.349 [main] WARN  s.d.s.web.readers.parameter.ParameterTypeReader - @ModelAttribute annotated parameters should have already been expanded via the ExpandedParameterBuilderPlugin
2021-01-27 21:00:07.350 [main] WARN  s.d.s.web.readers.parameter.ParameterTypeReader - @ModelAttribute annotated parameters should have already been expanded via the ExpandedParameterBuilderPlugin
2021-01-27 21:00:07.351 [main] WARN  s.d.s.web.readers.parameter.ParameterTypeReader - @ModelAttribute annotated parameters should have already been expanded via the ExpandedParameterBuilderPlugin
2021-01-27 21:00:07.352 [main] WARN  s.d.s.web.readers.parameter.ParameterTypeReader - @ModelAttribute annotated parameters should have already been expanded via the ExpandedParameterBuilderPlugin
2021-01-27 21:00:07.352 [main] WARN  s.d.s.web.readers.parameter.ParameterTypeReader - @ModelAttribute annotated parameters should have already been expanded via the ExpandedParameterBuilderPlugin
2021-01-27 21:00:07.353 [main] WARN  s.d.s.web.readers.parameter.ParameterTypeReader - @ModelAttribute annotated parameters should have already been expanded via the ExpandedParameterBuilderPlugin
2021-01-27 21:00:07.354 [main] WARN  s.d.s.web.readers.parameter.ParameterTypeReader - @ModelAttribute annotated parameters should have already been expanded via the ExpandedParameterBuilderPlugin
2021-01-27 21:00:07.356 [main] WARN  s.d.s.web.readers.parameter.ParameterTypeReader - @ModelAttribute annotated parameters should have already been expanded via the ExpandedParameterBuilderPlugin
2021-01-27 21:00:07.357 [main] WARN  s.d.s.web.readers.parameter.ParameterTypeReader - @ModelAttribute annotated parameters should have already been expanded via the ExpandedParameterBuilderPlugin
2021-01-27 21:00:07.358 [main] WARN  s.d.s.web.readers.parameter.ParameterTypeReader - @ModelAttribute annotated parameters should have already been expanded via the ExpandedParameterBuilderPlugin
2021-01-27 21:00:07.359 [main] WARN  s.d.s.web.readers.parameter.ParameterTypeReader - @ModelAttribute annotated parameters should have already been expanded via the ExpandedParameterBuilderPlugin
2021-01-27 21:00:07.360 [main] WARN  s.d.s.web.readers.parameter.ParameterTypeReader - @ModelAttribute annotated parameters should have already been expanded via the ExpandedParameterBuilderPlugin
2021-01-27 21:00:07.361 [main] WARN  s.d.s.web.readers.parameter.ParameterTypeReader - @ModelAttribute annotated parameters should have already been expanded via the ExpandedParameterBuilderPlugin
2021-01-27 21:00:07.362 [main] WARN  s.d.s.web.readers.parameter.ParameterTypeReader - @ModelAttribute annotated parameters should have already been expanded via the ExpandedParameterBuilderPlugin
2021-01-27 21:00:07.363 [main] WARN  s.d.s.web.readers.parameter.ParameterTypeReader - @ModelAttribute annotated parameters should have already been expanded via the ExpandedParameterBuilderPlugin
2021-01-27 21:00:07.386 [main] WARN  s.d.s.w.readers.parameter.ParameterDataTypeReader - Trying to infer dataType org.springframework.ui.ModelMap
2021-01-27 21:00:07.387 [main] WARN  s.d.s.w.readers.parameter.ParameterDataTypeReader - Trying to infer dataType org.springframework.ui.ModelMap
2021-01-27 21:00:07.387 [main] WARN  s.d.s.w.readers.parameter.ParameterDataTypeReader - Trying to infer dataType org.springframework.ui.ModelMap
2021-01-27 21:00:07.388 [main] WARN  s.d.s.w.readers.parameter.ParameterDataTypeReader - Trying to infer dataType org.springframework.ui.ModelMap
2021-01-27 21:00:07.389 [main] WARN  s.d.s.w.readers.parameter.ParameterDataTypeReader - Trying to infer dataType org.springframework.ui.ModelMap
2021-01-27 21:00:07.390 [main] WARN  s.d.s.w.readers.parameter.ParameterDataTypeReader - Trying to infer dataType org.springframework.ui.ModelMap
2021-01-27 21:00:07.390 [main] WARN  s.d.s.w.readers.parameter.ParameterDataTypeReader - Trying to infer dataType org.springframework.ui.ModelMap
2021-01-27 21:00:07.391 [main] WARN  s.d.s.w.readers.parameter.ParameterDataTypeReader - Trying to infer dataType org.springframework.ui.ModelMap
2021-01-27 21:01:02.683 [main-SendThread(127.0.0.1:2181)] WARN  org.apache.zookeeper.ClientCnxn - Client session timed out, have not heard from server in 32605ms for session id 0x1000001382e0002
2021-01-27 21:01:08.215 [main-SendThread(127.0.0.1:2181)] WARN  org.apache.zookeeper.ClientCnxn - Session 0x1000001382e0002 for sever localhost/127.0.0.1:2181, Closing socket connection. Attempting reconnect except it is a SessionExpiredException.
org.apache.zookeeper.ClientCnxn$SessionTimeoutException: Client session timed out, have not heard from server in 32605ms for session id 0x1000001382e0002
	at org.apache.zookeeper.ClientCnxn$SendThread.run(ClientCnxn.java:1230)
2021-01-27 21:07:20.077 [main] WARN  org.thymeleaf.templatemode.TemplateMode - [THYMELEAF][main] Template Mode 'HTML5' is deprecated. Using Template Mode 'HTML' instead.
2021-01-27 21:07:21.215 [main] WARN  s.d.s.web.readers.parameter.ParameterTypeReader - @ModelAttribute annotated parameters should have already been expanded via the ExpandedParameterBuilderPlugin
2021-01-27 21:07:21.215 [main] WARN  s.d.s.web.readers.parameter.ParameterTypeReader - @ModelAttribute annotated parameters should have already been expanded via the ExpandedParameterBuilderPlugin
2021-01-27 21:07:21.216 [main] WARN  s.d.s.web.readers.parameter.ParameterTypeReader - @ModelAttribute annotated parameters should have already been expanded via the ExpandedParameterBuilderPlugin
2021-01-27 21:07:21.217 [main] WARN  s.d.s.web.readers.parameter.ParameterTypeReader - @ModelAttribute annotated parameters should have already been expanded via the ExpandedParameterBuilderPlugin
2021-01-27 21:07:21.218 [main] WARN  s.d.s.web.readers.parameter.ParameterTypeReader - @ModelAttribute annotated parameters should have already been expanded via the ExpandedParameterBuilderPlugin
2021-01-27 21:07:21.219 [main] WARN  s.d.s.web.readers.parameter.ParameterTypeReader - @ModelAttribute annotated parameters should have already been expanded via the ExpandedParameterBuilderPlugin
2021-01-27 21:07:21.219 [main] WARN  s.d.s.web.readers.parameter.ParameterTypeReader - @ModelAttribute annotated parameters should have already been expanded via the ExpandedParameterBuilderPlugin
2021-01-27 21:07:21.220 [main] WARN  s.d.s.web.readers.parameter.ParameterTypeReader - @ModelAttribute annotated parameters should have already been expanded via the ExpandedParameterBuilderPlugin
2021-01-27 21:07:21.222 [main] WARN  s.d.s.web.readers.parameter.ParameterTypeReader - @ModelAttribute annotated parameters should have already been expanded via the ExpandedParameterBuilderPlugin
2021-01-27 21:07:21.224 [main] WARN  s.d.s.web.readers.parameter.ParameterTypeReader - @ModelAttribute annotated parameters should have already been expanded via the ExpandedParameterBuilderPlugin
2021-01-27 21:07:21.224 [main] WARN  s.d.s.web.readers.parameter.ParameterTypeReader - @ModelAttribute annotated parameters should have already been expanded via the ExpandedParameterBuilderPlugin
2021-01-27 21:07:21.225 [main] WARN  s.d.s.web.readers.parameter.ParameterTypeReader - @ModelAttribute annotated parameters should have already been expanded via the ExpandedParameterBuilderPlugin
2021-01-27 21:07:21.226 [main] WARN  s.d.s.web.readers.parameter.ParameterTypeReader - @ModelAttribute annotated parameters should have already been expanded via the ExpandedParameterBuilderPlugin
2021-01-27 21:07:21.227 [main] WARN  s.d.s.web.readers.parameter.ParameterTypeReader - @ModelAttribute annotated parameters should have already been expanded via the ExpandedParameterBuilderPlugin
2021-01-27 21:07:21.228 [main] WARN  s.d.s.web.readers.parameter.ParameterTypeReader - @ModelAttribute annotated parameters should have already been expanded via the ExpandedParameterBuilderPlugin
2021-01-27 21:07:21.228 [main] WARN  s.d.s.web.readers.parameter.ParameterTypeReader - @ModelAttribute annotated parameters should have already been expanded via the ExpandedParameterBuilderPlugin
2021-01-27 21:07:21.251 [main] WARN  s.d.s.w.readers.parameter.ParameterDataTypeReader - Trying to infer dataType org.springframework.ui.ModelMap
2021-01-27 21:07:21.252 [main] WARN  s.d.s.w.readers.parameter.ParameterDataTypeReader - Trying to infer dataType org.springframework.ui.ModelMap
2021-01-27 21:07:21.252 [main] WARN  s.d.s.w.readers.parameter.ParameterDataTypeReader - Trying to infer dataType org.springframework.ui.ModelMap
2021-01-27 21:07:21.253 [main] WARN  s.d.s.w.readers.parameter.ParameterDataTypeReader - Trying to infer dataType org.springframework.ui.ModelMap
2021-01-27 21:07:21.253 [main] WARN  s.d.s.w.readers.parameter.ParameterDataTypeReader - Trying to infer dataType org.springframework.ui.ModelMap
2021-01-27 21:07:21.254 [main] WARN  s.d.s.w.readers.parameter.ParameterDataTypeReader - Trying to infer dataType org.springframework.ui.ModelMap
2021-01-27 21:07:21.255 [main] WARN  s.d.s.w.readers.parameter.ParameterDataTypeReader - Trying to infer dataType org.springframework.ui.ModelMap
2021-01-27 21:07:21.255 [main] WARN  s.d.s.w.readers.parameter.ParameterDataTypeReader - Trying to infer dataType org.springframework.ui.ModelMap
