2020-11-12 21:41:27.002  INFO 3501 --- [main] com.alipay.sofa.common.log               : Sofa-Middleware-Log SLF4J : Actual logging.path is [ ../logs ]
2020-11-12 21:41:27.006  INFO 3501 --- [main] com.alipay.sofa.common.log               : Sofa-Middleware-Log SLF4J : Actual binding is of type [ com.alipay.sofa.infra Logback ]
2020-11-12 21:41:27.048  INFO 3501 --- [main] com.alipay.sofa.common.log               : Sofa-Middleware-Log SLF4J : Actual logging.path is [ ../logs ]
2020-11-12 21:41:27.049  INFO 3501 --- [main] com.alipay.sofa.common.log               : Sofa-Middleware-Log SLF4J : Actual logging.path is [ ../logs ]
2020-11-12 21:41:27.050  INFO 3501 --- [main] com.alipay.sofa.common.log               : Sofa-Middleware-Log SLF4J : Actual logging.path is [ ../logs ]
2020-11-12 21:41:27.051  INFO 3501 --- [main] com.alipay.sofa.common.log               : Sofa-Middleware-Log SLF4J : Actual binding is of type [ com.alipay.sofa.runtime Logback ]
2020-11-12 21:41:27.061  INFO 3501 --- [main] c.e.p.PrimarySofaBootApplication         : Starting PrimarySofaBootApplication on youxuehudeiMac.lan with PID 3501 (/Users/youxuehu/IdeaProjects/springboot-demo/sofa-boot-project/primary-sofa-boot/target/classes started by youxuehu in /Users/youxuehu/IdeaProjects/springboot-demo/sofa-boot-project)
2020-11-12 21:41:27.061  INFO 3501 --- [main] c.e.p.PrimarySofaBootApplication         : No active profile set, falling back to default profiles: default
2020-11-12 21:41:27.092  INFO 3501 --- [main] ConfigServletWebServerApplicationContext : Refreshing org.springframework.boot.web.servlet.context.AnnotationConfigServletWebServerApplicationContext@2145b572: startup date [Thu Nov 12 21:41:27 CST 2020]; root of context hierarchy
2020-11-12 21:41:27.314  INFO 3501 --- [main] o.s.b.f.xml.XmlBeanDefinitionReader      : Loading XML bean definitions from URL [file:/Users/youxuehu/IdeaProjects/springboot-demo/sofa-boot-project/primary-sofa-boot/target/classes/service-bean.xml]
2020-11-12 21:41:27.372  INFO 3501 --- [main] com.alipay.sofa.common.log               : Sofa-Middleware-Log SLF4J : Actual binding is of type [ com.alipay.sofa.rpc.boot Logback ]
2020-11-12 21:41:27.784  INFO 3501 --- [main] o.s.b.w.embedded.tomcat.TomcatWebServer  : Tomcat initialized with port(s): 8080 (http)
2020-11-12 21:41:27.796  INFO 3501 --- [main] o.apache.catalina.core.StandardService   : Starting service [Tomcat]
2020-11-12 21:41:27.796  INFO 3501 --- [main] org.apache.catalina.core.StandardEngine  : Starting Servlet Engine: Apache Tomcat/8.5.31
2020-11-12 21:41:27.799  INFO 3501 --- [localhost-startStop-1] o.a.catalina.core.AprLifecycleListener   : The APR based Apache Tomcat Native library which allows optimal performance in production environments was not found on the java.library.path: [/Users/youxuehu/Library/Java/Extensions:/Library/Java/Extensions:/Network/Library/Java/Extensions:/System/Library/Java/Extensions:/usr/lib/java:.]
2020-11-12 21:41:27.845  INFO 3501 --- [localhost-startStop-1] o.a.c.c.C.[Tomcat].[localhost].[/]       : Initializing Spring embedded WebApplicationContext
2020-11-12 21:41:27.845  INFO 3501 --- [localhost-startStop-1] o.s.web.context.ContextLoader            : Root WebApplicationContext: initialization completed in 753 ms
2020-11-12 21:41:27.908  INFO 3501 --- [localhost-startStop-1] o.s.b.w.servlet.ServletRegistrationBean  : Servlet dispatcherServlet mapped to [/]
2020-11-12 21:41:27.910  INFO 3501 --- [localhost-startStop-1] o.s.b.w.servlet.FilterRegistrationBean   : Mapping filter: 'characterEncodingFilter' to: [/*]
2020-11-12 21:41:27.911  INFO 3501 --- [localhost-startStop-1] o.s.b.w.servlet.FilterRegistrationBean   : Mapping filter: 'hiddenHttpMethodFilter' to: [/*]
2020-11-12 21:41:27.911  INFO 3501 --- [localhost-startStop-1] o.s.b.w.servlet.FilterRegistrationBean   : Mapping filter: 'httpPutFormContentFilter' to: [/*]
2020-11-12 21:41:27.911  INFO 3501 --- [localhost-startStop-1] o.s.b.w.servlet.FilterRegistrationBean   : Mapping filter: 'requestContextFilter' to: [/*]
2020-11-12 21:41:27.954  INFO 3501 --- [main] com.alipay.sofa.common.log               : Sofa-Middleware-Log SLF4J : Actual binding is of type [ com.alipay.sofa.rpc Logback ]
2020-11-12 21:41:28.070  INFO 3501 --- [main] o.s.w.s.handler.SimpleUrlHandlerMapping  : Mapped URL path [/**/favicon.ico] onto handler of type [class org.springframework.web.servlet.resource.ResourceHttpRequestHandler]
2020-11-12 21:41:28.182  INFO 3501 --- [main] s.w.s.m.m.a.RequestMappingHandlerAdapter : Looking for @ControllerAdvice: org.springframework.boot.web.servlet.context.AnnotationConfigServletWebServerApplicationContext@2145b572: startup date [Thu Nov 12 21:41:27 CST 2020]; root of context hierarchy
2020-11-12 21:41:28.272  INFO 3501 --- [main] s.w.s.m.m.a.RequestMappingHandlerMapping : Mapped "{[/error]}" onto public org.springframework.http.ResponseEntity<java.util.Map<java.lang.String, java.lang.Object>> org.springframework.boot.autoconfigure.web.servlet.error.BasicErrorController.error(javax.servlet.http.HttpServletRequest)
2020-11-12 21:41:28.273  INFO 3501 --- [main] s.w.s.m.m.a.RequestMappingHandlerMapping : Mapped "{[/error],produces=[text/html]}" onto public org.springframework.web.servlet.ModelAndView org.springframework.boot.autoconfigure.web.servlet.error.BasicErrorController.errorHtml(javax.servlet.http.HttpServletRequest,javax.servlet.http.HttpServletResponse)
2020-11-12 21:41:28.287  INFO 3501 --- [main] o.s.w.s.handler.SimpleUrlHandlerMapping  : Mapped URL path [/webjars/**] onto handler of type [class org.springframework.web.servlet.resource.ResourceHttpRequestHandler]
2020-11-12 21:41:28.287  INFO 3501 --- [main] o.s.w.s.handler.SimpleUrlHandlerMapping  : Mapped URL path [/**] onto handler of type [class org.springframework.web.servlet.resource.ResourceHttpRequestHandler]
2020-11-12 21:41:28.373  INFO 3501 --- [main] o.s.j.e.a.AnnotationMBeanExporter        : Registering beans for JMX exposure on startup
2020-11-12 21:41:28.485  INFO 3501 --- [main] o.s.b.w.embedded.tomcat.TomcatWebServer  : Tomcat started on port(s): 8080 (http) with context path ''
2020-11-12 21:41:28.488  INFO 3501 --- [main] c.e.p.PrimarySofaBootApplication         : Started PrimarySofaBootApplication in 1.661 seconds (JVM running for 2.002)
2020-11-12 21:41:28.490  INFO 3501 --- [main] c.e.p.service.impl.HelloSyncServiceImpl  : 接收参数：jack
2020-11-12 21:42:47.172  INFO 3501 --- [Thread-7] ConfigServletWebServerApplicationContext : Closing org.springframework.boot.web.servlet.context.AnnotationConfigServletWebServerApplicationContext@2145b572: startup date [Thu Nov 12 21:41:27 CST 2020]; root of context hierarchy
2020-11-12 21:42:47.200  INFO 3501 --- [Thread-7] o.s.j.e.a.AnnotationMBeanExporter        : Unregistering JMX-exposed beans on shutdown
