2021-01-29 22:23:33.489 [pool-9-thread-1] ERROR c.e.s.common.db.service.impl.ZkClientServiceImpl - getData zk node error
java.lang.NullPointerException: null
	at java.io.ByteArrayInputStream.<init>(ByteArrayInputStream.java:106)
	at com.example.springbootdemo.utils.ObjectByteConvert.byte2Obj(ObjectByteConvert.java:31)
	at com.example.springbootdemo.common.db.service.impl.ZkClientServiceImpl.getData(ZkClientServiceImpl.java:126)
	at com.example.springbootdemo.daemon.JobScheduler.lambda$run$0(JobScheduler.java:37)
	at java.util.ArrayList.forEach(ArrayList.java:1257)
	at com.example.springbootdemo.daemon.JobScheduler.run(JobScheduler.java:36)
	at java.util.concurrent.Executors$RunnableAdapter.call(Executors.java:511)
	at java.util.concurrent.FutureTask.runAndReset$$$capture(FutureTask.java:308)
	at java.util.concurrent.FutureTask.runAndReset(FutureTask.java)
	at java.util.concurrent.ScheduledThreadPoolExecutor$ScheduledFutureTask.access$301(ScheduledThreadPoolExecutor.java:180)
	at java.util.concurrent.ScheduledThreadPoolExecutor$ScheduledFutureTask.run(ScheduledThreadPoolExecutor.java:294)
	at java.util.concurrent.ThreadPoolExecutor.runWorker(ThreadPoolExecutor.java:1149)
	at java.util.concurrent.ThreadPoolExecutor$Worker.run(ThreadPoolExecutor.java:624)
	at java.lang.Thread.run(Thread.java:748)
2021-01-29 22:23:33.492 [pool-9-thread-1] ERROR c.e.s.common.db.service.impl.ZkClientServiceImpl - getData zk node error
java.lang.NullPointerException: null
	at java.io.ByteArrayInputStream.<init>(ByteArrayInputStream.java:106)
	at com.example.springbootdemo.utils.ObjectByteConvert.byte2Obj(ObjectByteConvert.java:31)
	at com.example.springbootdemo.common.db.service.impl.ZkClientServiceImpl.getData(ZkClientServiceImpl.java:126)
	at com.example.springbootdemo.daemon.JobScheduler.lambda$run$0(JobScheduler.java:37)
	at java.util.ArrayList.forEach(ArrayList.java:1257)
	at com.example.springbootdemo.daemon.JobScheduler.run(JobScheduler.java:36)
	at java.util.concurrent.Executors$RunnableAdapter.call(Executors.java:511)
	at java.util.concurrent.FutureTask.runAndReset$$$capture(FutureTask.java:308)
	at java.util.concurrent.FutureTask.runAndReset(FutureTask.java)
	at java.util.concurrent.ScheduledThreadPoolExecutor$ScheduledFutureTask.access$301(ScheduledThreadPoolExecutor.java:180)
	at java.util.concurrent.ScheduledThreadPoolExecutor$ScheduledFutureTask.run(ScheduledThreadPoolExecutor.java:294)
	at java.util.concurrent.ThreadPoolExecutor.runWorker(ThreadPoolExecutor.java:1149)
	at java.util.concurrent.ThreadPoolExecutor$Worker.run(ThreadPoolExecutor.java:624)
	at java.lang.Thread.run(Thread.java:748)
2021-01-29 22:23:33.494 [pool-9-thread-1] ERROR c.e.s.common.db.service.impl.ZkClientServiceImpl - getData zk node error
java.lang.NullPointerException: null
	at java.io.ByteArrayInputStream.<init>(ByteArrayInputStream.java:106)
	at com.example.springbootdemo.utils.ObjectByteConvert.byte2Obj(ObjectByteConvert.java:31)
	at com.example.springbootdemo.common.db.service.impl.ZkClientServiceImpl.getData(ZkClientServiceImpl.java:126)
	at com.example.springbootdemo.daemon.JobScheduler.lambda$run$0(JobScheduler.java:37)
	at java.util.ArrayList.forEach(ArrayList.java:1257)
	at com.example.springbootdemo.daemon.JobScheduler.run(JobScheduler.java:36)
	at java.util.concurrent.Executors$RunnableAdapter.call(Executors.java:511)
	at java.util.concurrent.FutureTask.runAndReset$$$capture(FutureTask.java:308)
	at java.util.concurrent.FutureTask.runAndReset(FutureTask.java)
	at java.util.concurrent.ScheduledThreadPoolExecutor$ScheduledFutureTask.access$301(ScheduledThreadPoolExecutor.java:180)
	at java.util.concurrent.ScheduledThreadPoolExecutor$ScheduledFutureTask.run(ScheduledThreadPoolExecutor.java:294)
	at java.util.concurrent.ThreadPoolExecutor.runWorker(ThreadPoolExecutor.java:1149)
	at java.util.concurrent.ThreadPoolExecutor$Worker.run(ThreadPoolExecutor.java:624)
	at java.lang.Thread.run(Thread.java:748)
2021-01-29 22:23:33.496 [pool-9-thread-1] ERROR c.e.s.common.db.service.impl.ZkClientServiceImpl - getData zk node error
java.lang.NullPointerException: null
	at java.io.ByteArrayInputStream.<init>(ByteArrayInputStream.java:106)
	at com.example.springbootdemo.utils.ObjectByteConvert.byte2Obj(ObjectByteConvert.java:31)
	at com.example.springbootdemo.common.db.service.impl.ZkClientServiceImpl.getData(ZkClientServiceImpl.java:126)
	at com.example.springbootdemo.daemon.JobScheduler.lambda$run$0(JobScheduler.java:37)
	at java.util.ArrayList.forEach(ArrayList.java:1257)
	at com.example.springbootdemo.daemon.JobScheduler.run(JobScheduler.java:36)
	at java.util.concurrent.Executors$RunnableAdapter.call(Executors.java:511)
	at java.util.concurrent.FutureTask.runAndReset$$$capture(FutureTask.java:308)
	at java.util.concurrent.FutureTask.runAndReset(FutureTask.java)
	at java.util.concurrent.ScheduledThreadPoolExecutor$ScheduledFutureTask.access$301(ScheduledThreadPoolExecutor.java:180)
	at java.util.concurrent.ScheduledThreadPoolExecutor$ScheduledFutureTask.run(ScheduledThreadPoolExecutor.java:294)
	at java.util.concurrent.ThreadPoolExecutor.runWorker(ThreadPoolExecutor.java:1149)
	at java.util.concurrent.ThreadPoolExecutor$Worker.run(ThreadPoolExecutor.java:624)
	at java.lang.Thread.run(Thread.java:748)
2021-01-29 22:24:43.569 [pool-9-thread-1] ERROR c.e.s.common.db.service.impl.ZkClientServiceImpl - create zk node error
org.apache.zookeeper.KeeperException$NoNodeException: KeeperErrorCode = NoNode for /root/assignments/192.168.8.238/null
	at org.apache.zookeeper.KeeperException.create(KeeperException.java:118)
	at org.apache.zookeeper.KeeperException.create(KeeperException.java:54)
	at org.apache.zookeeper.ZooKeeper.create(ZooKeeper.java:1733)
	at org.apache.curator.framework.imps.CreateBuilderImpl$11.call(CreateBuilderImpl.java:740)
	at org.apache.curator.framework.imps.CreateBuilderImpl$11.call(CreateBuilderImpl.java:723)
	at org.apache.curator.RetryLoop.callWithRetry(RetryLoop.java:109)
	at org.apache.curator.framework.imps.CreateBuilderImpl.pathInForeground(CreateBuilderImpl.java:720)
	at org.apache.curator.framework.imps.CreateBuilderImpl.protectedPathInForeground(CreateBuilderImpl.java:484)
	at org.apache.curator.framework.imps.CreateBuilderImpl.forPath(CreateBuilderImpl.java:474)
	at org.apache.curator.framework.imps.CreateBuilderImpl.forPath(CreateBuilderImpl.java:44)
	at com.example.springbootdemo.common.db.service.impl.ZkClientServiceImpl.create(ZkClientServiceImpl.java:59)
	at com.example.springbootdemo.daemon.JobScheduler.run(JobScheduler.java:57)
	at java.util.concurrent.Executors$RunnableAdapter.call(Executors.java:511)
	at java.util.concurrent.FutureTask.runAndReset$$$capture(FutureTask.java:308)
	at java.util.concurrent.FutureTask.runAndReset(FutureTask.java)
	at java.util.concurrent.ScheduledThreadPoolExecutor$ScheduledFutureTask.access$301(ScheduledThreadPoolExecutor.java:180)
	at java.util.concurrent.ScheduledThreadPoolExecutor$ScheduledFutureTask.run(ScheduledThreadPoolExecutor.java:294)
	at java.util.concurrent.ThreadPoolExecutor.runWorker(ThreadPoolExecutor.java:1149)
	at java.util.concurrent.ThreadPoolExecutor$Worker.run(ThreadPoolExecutor.java:624)
	at java.lang.Thread.run(Thread.java:748)
2021-01-29 22:24:43.581 [pool-9-thread-1] ERROR c.e.s.common.db.service.impl.ZkClientServiceImpl - delete zk node error
org.apache.zookeeper.KeeperException$NoNodeException: KeeperErrorCode = NoNode for /root/submitted_jobs/20210127210010106001
	at org.apache.zookeeper.KeeperException.create(KeeperException.java:118)
	at org.apache.zookeeper.KeeperException.create(KeeperException.java:54)
	at org.apache.zookeeper.ZooKeeper.delete(ZooKeeper.java:2000)
	at org.apache.curator.framework.imps.DeleteBuilderImpl$5.call(DeleteBuilderImpl.java:250)
	at org.apache.curator.framework.imps.DeleteBuilderImpl$5.call(DeleteBuilderImpl.java:244)
	at org.apache.curator.RetryLoop.callWithRetry(RetryLoop.java:109)
	at org.apache.curator.framework.imps.DeleteBuilderImpl.pathInForeground(DeleteBuilderImpl.java:241)
	at org.apache.curator.framework.imps.DeleteBuilderImpl.forPath(DeleteBuilderImpl.java:225)
	at org.apache.curator.framework.imps.DeleteBuilderImpl.forPath(DeleteBuilderImpl.java:35)
	at com.example.springbootdemo.common.db.service.impl.ZkClientServiceImpl.delete(ZkClientServiceImpl.java:116)
	at com.example.springbootdemo.daemon.JobScheduler.run(JobScheduler.java:62)
	at java.util.concurrent.Executors$RunnableAdapter.call(Executors.java:511)
	at java.util.concurrent.FutureTask.runAndReset$$$capture(FutureTask.java:308)
	at java.util.concurrent.FutureTask.runAndReset(FutureTask.java)
	at java.util.concurrent.ScheduledThreadPoolExecutor$ScheduledFutureTask.access$301(ScheduledThreadPoolExecutor.java:180)
	at java.util.concurrent.ScheduledThreadPoolExecutor$ScheduledFutureTask.run(ScheduledThreadPoolExecutor.java:294)
	at java.util.concurrent.ThreadPoolExecutor.runWorker(ThreadPoolExecutor.java:1149)
	at java.util.concurrent.ThreadPoolExecutor$Worker.run(ThreadPoolExecutor.java:624)
	at java.lang.Thread.run(Thread.java:748)
2021-01-29 22:24:43.588 [pool-9-thread-1] ERROR c.e.s.common.db.service.impl.ZkClientServiceImpl - delete zk node error
org.apache.zookeeper.KeeperException$NoNodeException: KeeperErrorCode = NoNode for /root/submitted_jobs/20210126234311998001
	at org.apache.zookeeper.KeeperException.create(KeeperException.java:118)
	at org.apache.zookeeper.KeeperException.create(KeeperException.java:54)
	at org.apache.zookeeper.ZooKeeper.delete(ZooKeeper.java:2000)
	at org.apache.curator.framework.imps.DeleteBuilderImpl$5.call(DeleteBuilderImpl.java:250)
	at org.apache.curator.framework.imps.DeleteBuilderImpl$5.call(DeleteBuilderImpl.java:244)
	at org.apache.curator.RetryLoop.callWithRetry(RetryLoop.java:109)
	at org.apache.curator.framework.imps.DeleteBuilderImpl.pathInForeground(DeleteBuilderImpl.java:241)
	at org.apache.curator.framework.imps.DeleteBuilderImpl.forPath(DeleteBuilderImpl.java:225)
	at org.apache.curator.framework.imps.DeleteBuilderImpl.forPath(DeleteBuilderImpl.java:35)
	at com.example.springbootdemo.common.db.service.impl.ZkClientServiceImpl.delete(ZkClientServiceImpl.java:116)
	at com.example.springbootdemo.daemon.JobScheduler.run(JobScheduler.java:62)
	at java.util.concurrent.Executors$RunnableAdapter.call(Executors.java:511)
	at java.util.concurrent.FutureTask.runAndReset$$$capture(FutureTask.java:308)
	at java.util.concurrent.FutureTask.runAndReset(FutureTask.java)
	at java.util.concurrent.ScheduledThreadPoolExecutor$ScheduledFutureTask.access$301(ScheduledThreadPoolExecutor.java:180)
	at java.util.concurrent.ScheduledThreadPoolExecutor$ScheduledFutureTask.run(ScheduledThreadPoolExecutor.java:294)
	at java.util.concurrent.ThreadPoolExecutor.runWorker(ThreadPoolExecutor.java:1149)
	at java.util.concurrent.ThreadPoolExecutor$Worker.run(ThreadPoolExecutor.java:624)
	at java.lang.Thread.run(Thread.java:748)
2021-01-29 22:24:43.595 [pool-9-thread-1] ERROR c.e.s.common.db.service.impl.ZkClientServiceImpl - delete zk node error
org.apache.zookeeper.KeeperException$NoNodeException: KeeperErrorCode = NoNode for /root/submitted_jobs/20210126233810375001
	at org.apache.zookeeper.KeeperException.create(KeeperException.java:118)
	at org.apache.zookeeper.KeeperException.create(KeeperException.java:54)
	at org.apache.zookeeper.ZooKeeper.delete(ZooKeeper.java:2000)
	at org.apache.curator.framework.imps.DeleteBuilderImpl$5.call(DeleteBuilderImpl.java:250)
	at org.apache.curator.framework.imps.DeleteBuilderImpl$5.call(DeleteBuilderImpl.java:244)
	at org.apache.curator.RetryLoop.callWithRetry(RetryLoop.java:109)
	at org.apache.curator.framework.imps.DeleteBuilderImpl.pathInForeground(DeleteBuilderImpl.java:241)
	at org.apache.curator.framework.imps.DeleteBuilderImpl.forPath(DeleteBuilderImpl.java:225)
	at org.apache.curator.framework.imps.DeleteBuilderImpl.forPath(DeleteBuilderImpl.java:35)
	at com.example.springbootdemo.common.db.service.impl.ZkClientServiceImpl.delete(ZkClientServiceImpl.java:116)
	at com.example.springbootdemo.daemon.JobScheduler.run(JobScheduler.java:62)
	at java.util.concurrent.Executors$RunnableAdapter.call(Executors.java:511)
	at java.util.concurrent.FutureTask.runAndReset$$$capture(FutureTask.java:308)
	at java.util.concurrent.FutureTask.runAndReset(FutureTask.java)
	at java.util.concurrent.ScheduledThreadPoolExecutor$ScheduledFutureTask.access$301(ScheduledThreadPoolExecutor.java:180)
	at java.util.concurrent.ScheduledThreadPoolExecutor$ScheduledFutureTask.run(ScheduledThreadPoolExecutor.java:294)
	at java.util.concurrent.ThreadPoolExecutor.runWorker(ThreadPoolExecutor.java:1149)
	at java.util.concurrent.ThreadPoolExecutor$Worker.run(ThreadPoolExecutor.java:624)
	at java.lang.Thread.run(Thread.java:748)
2021-01-29 22:24:43.601 [pool-9-thread-1] ERROR c.e.s.common.db.service.impl.ZkClientServiceImpl - delete zk node error
org.apache.zookeeper.KeeperException$NoNodeException: KeeperErrorCode = NoNode for /root/submitted_jobs/20210126234621156001
	at org.apache.zookeeper.KeeperException.create(KeeperException.java:118)
	at org.apache.zookeeper.KeeperException.create(KeeperException.java:54)
	at org.apache.zookeeper.ZooKeeper.delete(ZooKeeper.java:2000)
	at org.apache.curator.framework.imps.DeleteBuilderImpl$5.call(DeleteBuilderImpl.java:250)
	at org.apache.curator.framework.imps.DeleteBuilderImpl$5.call(DeleteBuilderImpl.java:244)
	at org.apache.curator.RetryLoop.callWithRetry(RetryLoop.java:109)
	at org.apache.curator.framework.imps.DeleteBuilderImpl.pathInForeground(DeleteBuilderImpl.java:241)
	at org.apache.curator.framework.imps.DeleteBuilderImpl.forPath(DeleteBuilderImpl.java:225)
	at org.apache.curator.framework.imps.DeleteBuilderImpl.forPath(DeleteBuilderImpl.java:35)
	at com.example.springbootdemo.common.db.service.impl.ZkClientServiceImpl.delete(ZkClientServiceImpl.java:116)
	at com.example.springbootdemo.daemon.JobScheduler.run(JobScheduler.java:62)
	at java.util.concurrent.Executors$RunnableAdapter.call(Executors.java:511)
	at java.util.concurrent.FutureTask.runAndReset$$$capture(FutureTask.java:308)
	at java.util.concurrent.FutureTask.runAndReset(FutureTask.java)
	at java.util.concurrent.ScheduledThreadPoolExecutor$ScheduledFutureTask.access$301(ScheduledThreadPoolExecutor.java:180)
	at java.util.concurrent.ScheduledThreadPoolExecutor$ScheduledFutureTask.run(ScheduledThreadPoolExecutor.java:294)
	at java.util.concurrent.ThreadPoolExecutor.runWorker(ThreadPoolExecutor.java:1149)
	at java.util.concurrent.ThreadPoolExecutor$Worker.run(ThreadPoolExecutor.java:624)
	at java.lang.Thread.run(Thread.java:748)
2021-01-29 22:24:43.608 [pool-9-thread-1] ERROR c.e.s.common.db.service.impl.ZkClientServiceImpl - delete zk node error
org.apache.zookeeper.KeeperException$NoNodeException: KeeperErrorCode = NoNode for /root/submitted_jobs/20210126234544324001
	at org.apache.zookeeper.KeeperException.create(KeeperException.java:118)
	at org.apache.zookeeper.KeeperException.create(KeeperException.java:54)
	at org.apache.zookeeper.ZooKeeper.delete(ZooKeeper.java:2000)
	at org.apache.curator.framework.imps.DeleteBuilderImpl$5.call(DeleteBuilderImpl.java:250)
	at org.apache.curator.framework.imps.DeleteBuilderImpl$5.call(DeleteBuilderImpl.java:244)
	at org.apache.curator.RetryLoop.callWithRetry(RetryLoop.java:109)
	at org.apache.curator.framework.imps.DeleteBuilderImpl.pathInForeground(DeleteBuilderImpl.java:241)
	at org.apache.curator.framework.imps.DeleteBuilderImpl.forPath(DeleteBuilderImpl.java:225)
	at org.apache.curator.framework.imps.DeleteBuilderImpl.forPath(DeleteBuilderImpl.java:35)
	at com.example.springbootdemo.common.db.service.impl.ZkClientServiceImpl.delete(ZkClientServiceImpl.java:116)
	at com.example.springbootdemo.daemon.JobScheduler.run(JobScheduler.java:62)
	at java.util.concurrent.Executors$RunnableAdapter.call(Executors.java:511)
	at java.util.concurrent.FutureTask.runAndReset$$$capture(FutureTask.java:308)
	at java.util.concurrent.FutureTask.runAndReset(FutureTask.java)
	at java.util.concurrent.ScheduledThreadPoolExecutor$ScheduledFutureTask.access$301(ScheduledThreadPoolExecutor.java:180)
	at java.util.concurrent.ScheduledThreadPoolExecutor$ScheduledFutureTask.run(ScheduledThreadPoolExecutor.java:294)
	at java.util.concurrent.ThreadPoolExecutor.runWorker(ThreadPoolExecutor.java:1149)
	at java.util.concurrent.ThreadPoolExecutor$Worker.run(ThreadPoolExecutor.java:624)
	at java.lang.Thread.run(Thread.java:748)
