2021-01-16 20:56:25.701 [http-nio-9090-exec-1] ERROR c.e.s.common.exception.MyGlobalExceptionHandler - 
java.lang.IllegalStateException: Cannot call sendRedirect() after the response has been committed
	at org.apache.catalina.connector.ResponseFacade.sendRedirect(ResponseFacade.java:488)
	at javax.servlet.http.HttpServletResponseWrapper.sendRedirect(HttpServletResponseWrapper.java:141)
	at javax.servlet.http.HttpServletResponseWrapper.sendRedirect(HttpServletResponseWrapper.java:141)
	at com.example.springbootdemo.interceptor.LoginCheckInterceptor.redirect(LoginCheckInterceptor.java:55)
	at com.example.springbootdemo.interceptor.LoginCheckInterceptor.preHandle(LoginCheckInterceptor.java:41)
	at org.springframework.web.servlet.HandlerExecutionChain.applyPreHandle(HandlerExecutionChain.java:141)
	at org.springframework.web.servlet.DispatcherServlet.doDispatch(DispatcherServlet.java:1035)
	at org.springframework.web.servlet.DispatcherServlet.doService(DispatcherServlet.java:943)
	at org.springframework.web.servlet.FrameworkServlet.processRequest(FrameworkServlet.java:1006)
	at org.springframework.web.servlet.FrameworkServlet.doGet(FrameworkServlet.java:898)
	at javax.servlet.http.HttpServlet.service(HttpServlet.java:645)
	at org.springframework.web.servlet.FrameworkServlet.service(FrameworkServlet.java:883)
	at javax.servlet.http.HttpServlet.service(HttpServlet.java:750)
	at org.apache.catalina.core.ApplicationFilterChain.internalDoFilter(ApplicationFilterChain.java:231)
	at org.apache.catalina.core.ApplicationFilterChain.doFilter(ApplicationFilterChain.java:166)
	at org.apache.tomcat.websocket.server.WsFilter.doFilter(WsFilter.java:53)
	at org.apache.catalina.core.ApplicationFilterChain.internalDoFilter(ApplicationFilterChain.java:193)
	at org.apache.catalina.core.ApplicationFilterChain.doFilter(ApplicationFilterChain.java:166)
	at org.springframework.web.servlet.resource.ResourceUrlEncodingFilter.doFilter(ResourceUrlEncodingFilter.java:64)
	at org.apache.catalina.core.ApplicationFilterChain.internalDoFilter(ApplicationFilterChain.java:193)
	at org.apache.catalina.core.ApplicationFilterChain.doFilter(ApplicationFilterChain.java:166)
	at com.alibaba.druid.support.http.WebStatFilter.doFilter(WebStatFilter.java:123)
	at org.apache.catalina.core.ApplicationFilterChain.internalDoFilter(ApplicationFilterChain.java:193)
	at org.apache.catalina.core.ApplicationFilterChain.doFilter(ApplicationFilterChain.java:166)
	at org.springframework.web.filter.RequestContextFilter.doFilterInternal(RequestContextFilter.java:100)
	at org.springframework.web.filter.OncePerRequestFilter.doFilter(OncePerRequestFilter.java:119)
	at org.apache.catalina.core.ApplicationFilterChain.internalDoFilter(ApplicationFilterChain.java:193)
	at org.apache.catalina.core.ApplicationFilterChain.doFilter(ApplicationFilterChain.java:166)
	at org.springframework.web.filter.FormContentFilter.doFilterInternal(FormContentFilter.java:93)
	at org.springframework.web.filter.OncePerRequestFilter.doFilter(OncePerRequestFilter.java:119)
	at org.apache.catalina.core.ApplicationFilterChain.internalDoFilter(ApplicationFilterChain.java:193)
	at org.apache.catalina.core.ApplicationFilterChain.doFilter(ApplicationFilterChain.java:166)
	at org.springframework.web.filter.CharacterEncodingFilter.doFilterInternal(CharacterEncodingFilter.java:201)
	at org.springframework.web.filter.OncePerRequestFilter.doFilter(OncePerRequestFilter.java:119)
	at org.apache.catalina.core.ApplicationFilterChain.internalDoFilter(ApplicationFilterChain.java:193)
	at org.apache.catalina.core.ApplicationFilterChain.doFilter(ApplicationFilterChain.java:166)
	at org.apache.catalina.core.StandardWrapperValve.invoke(StandardWrapperValve.java:202)
	at org.apache.catalina.core.StandardContextValve.invoke(StandardContextValve.java:96)
	at org.apache.catalina.authenticator.AuthenticatorBase.invoke(AuthenticatorBase.java:526)
	at org.apache.catalina.core.StandardHostValve.invoke(StandardHostValve.java:139)
	at org.apache.catalina.valves.ErrorReportValve.invoke(ErrorReportValve.java:92)
	at org.apache.catalina.core.StandardEngineValve.invoke(StandardEngineValve.java:74)
	at org.apache.catalina.connector.CoyoteAdapter.service(CoyoteAdapter.java:343)
	at org.apache.coyote.http11.Http11Processor.service(Http11Processor.java:408)
	at org.apache.coyote.AbstractProcessorLight.process(AbstractProcessorLight.java:66)
	at org.apache.coyote.AbstractProtocol$ConnectionHandler.process(AbstractProtocol.java:861)
	at org.apache.tomcat.util.net.NioEndpoint$SocketProcessor.doRun(NioEndpoint.java:1579)
	at org.apache.tomcat.util.net.SocketProcessorBase.run(SocketProcessorBase.java:49)
	at java.util.concurrent.ThreadPoolExecutor.runWorker(ThreadPoolExecutor.java:1149)
	at java.util.concurrent.ThreadPoolExecutor$Worker.run(ThreadPoolExecutor.java:624)
	at org.apache.tomcat.util.threads.TaskThread$WrappingRunnable.run(TaskThread.java:61)
	at java.lang.Thread.run(Thread.java:748)
2021-01-16 21:59:02.193 [QuartzScheduler_schedulerFactory-NON_CLUSTERED_MisfireHandler] ERROR org.quartz.impl.jdbcjobstore.JobStoreTX - Couldn't rollback jdbc connection. No operations allowed after connection closed.
java.sql.SQLNonTransientConnectionException: No operations allowed after connection closed.
	at com.mysql.cj.jdbc.exceptions.SQLError.createSQLException(SQLError.java:110)
	at com.mysql.cj.jdbc.exceptions.SQLError.createSQLException(SQLError.java:97)
	at com.mysql.cj.jdbc.exceptions.SQLError.createSQLException(SQLError.java:89)
	at com.mysql.cj.jdbc.exceptions.SQLError.createSQLException(SQLError.java:63)
	at com.mysql.cj.jdbc.exceptions.SQLError.createSQLException(SQLError.java:73)
	at com.mysql.cj.jdbc.exceptions.SQLExceptionsMapping.translateException(SQLExceptionsMapping.java:73)
	at com.mysql.cj.jdbc.ConnectionImpl.rollback(ConnectionImpl.java:1857)
	at com.mchange.v2.c3p0.impl.NewProxyConnection.rollback(NewProxyConnection.java:1033)
	at sun.reflect.NativeMethodAccessorImpl.invoke0(Native Method)
	at sun.reflect.NativeMethodAccessorImpl.invoke(NativeMethodAccessorImpl.java:62)
	at sun.reflect.DelegatingMethodAccessorImpl.invoke(DelegatingMethodAccessorImpl.java:43)
	at java.lang.reflect.Method.invoke(Method.java:498)
	at org.quartz.impl.jdbcjobstore.AttributeRestoringConnectionInvocationHandler.invoke(AttributeRestoringConnectionInvocationHandler.java:73)
	at com.sun.proxy.$Proxy186.rollback(Unknown Source)
	at org.quartz.impl.jdbcjobstore.JobStoreSupport.rollbackConnection(JobStoreSupport.java:3727)
	at org.quartz.impl.jdbcjobstore.JobStoreSupport.doRecoverMisfires(JobStoreSupport.java:3273)
	at org.quartz.impl.jdbcjobstore.JobStoreSupport$MisfireHandler.manage(JobStoreSupport.java:4012)
	at org.quartz.impl.jdbcjobstore.JobStoreSupport$MisfireHandler.run(JobStoreSupport.java:4033)
Caused by: com.mysql.cj.exceptions.ConnectionIsClosedException: No operations allowed after connection closed.
	at sun.reflect.NativeConstructorAccessorImpl.newInstance0(Native Method)
	at sun.reflect.NativeConstructorAccessorImpl.newInstance(NativeConstructorAccessorImpl.java:62)
	at sun.reflect.DelegatingConstructorAccessorImpl.newInstance(DelegatingConstructorAccessorImpl.java:45)
	at java.lang.reflect.Constructor.newInstance(Constructor.java:423)
	at com.mysql.cj.exceptions.ExceptionFactory.createException(ExceptionFactory.java:61)
	at com.mysql.cj.exceptions.ExceptionFactory.createException(ExceptionFactory.java:105)
	at com.mysql.cj.exceptions.ExceptionFactory.createException(ExceptionFactory.java:151)
	at com.mysql.cj.NativeSession.checkClosed(NativeSession.java:1171)
	at com.mysql.cj.jdbc.ConnectionImpl.checkClosed(ConnectionImpl.java:576)
	at com.mysql.cj.jdbc.ConnectionImpl.rollback(ConnectionImpl.java:1811)
	... 11 common frames omitted
Caused by: com.mysql.cj.exceptions.CJCommunicationsException: The last packet successfully received from the server was 3,873,135 milliseconds ago. The last packet sent successfully to the server was 3,873,136 milliseconds ago. is longer than the server configured value of 'wait_timeout'. You should consider either expiring and/or testing connection validity before use in your application, increasing the server configured values for client timeouts, or using the Connector/J connection property 'autoReconnect=true' to avoid this problem.
	at sun.reflect.NativeConstructorAccessorImpl.newInstance0(Native Method)
	at sun.reflect.NativeConstructorAccessorImpl.newInstance(NativeConstructorAccessorImpl.java:62)
	at sun.reflect.DelegatingConstructorAccessorImpl.newInstance(DelegatingConstructorAccessorImpl.java:45)
	at java.lang.reflect.Constructor.newInstance(Constructor.java:423)
	at com.mysql.cj.exceptions.ExceptionFactory.createException(ExceptionFactory.java:61)
	at com.mysql.cj.exceptions.ExceptionFactory.createException(ExceptionFactory.java:105)
	at com.mysql.cj.exceptions.ExceptionFactory.createException(ExceptionFactory.java:151)
	at com.mysql.cj.exceptions.ExceptionFactory.createCommunicationsException(ExceptionFactory.java:167)
	at com.mysql.cj.protocol.a.NativeProtocol.readMessage(NativeProtocol.java:539)
	at com.mysql.cj.protocol.a.NativeProtocol.checkErrorMessage(NativeProtocol.java:703)
	at com.mysql.cj.protocol.a.NativeProtocol.sendCommand(NativeProtocol.java:642)
	at com.mysql.cj.protocol.a.NativeProtocol.sendQueryPacket(NativeProtocol.java:941)
	at com.mysql.cj.protocol.a.NativeProtocol.sendQueryString(NativeProtocol.java:887)
	at com.mysql.cj.NativeSession.execSQL(NativeSession.java:1073)
	at com.mysql.cj.jdbc.ConnectionImpl.setAutoCommit(ConnectionImpl.java:2046)
	at com.mchange.v2.c3p0.impl.NewProxyConnection.setAutoCommit(NewProxyConnection.java:1059)
	at org.quartz.impl.jdbcjobstore.AttributeRestoringConnectionInvocationHandler.setAutoCommit(AttributeRestoringConnectionInvocationHandler.java:98)
	at org.quartz.impl.jdbcjobstore.AttributeRestoringConnectionInvocationHandler.invoke(AttributeRestoringConnectionInvocationHandler.java:66)
	at com.sun.proxy.$Proxy186.setAutoCommit(Unknown Source)
	at org.quartz.impl.jdbcjobstore.JobStoreSupport.getConnection(JobStoreSupport.java:804)
	at org.quartz.impl.jdbcjobstore.JobStoreTX.getNonManagedTXConnection(JobStoreTX.java:71)
	at org.quartz.impl.jdbcjobstore.JobStoreSupport.doRecoverMisfires(JobStoreSupport.java:3246)
	... 2 common frames omitted
Caused by: java.io.EOFException: Can not read response from server. Expected to read 4 bytes, read 0 bytes before connection was unexpectedly lost.
	at com.mysql.cj.protocol.FullReadInputStream.readFully(FullReadInputStream.java:67)
	at com.mysql.cj.protocol.a.SimplePacketReader.readHeader(SimplePacketReader.java:63)
	at com.mysql.cj.protocol.a.SimplePacketReader.readHeader(SimplePacketReader.java:45)
	at com.mysql.cj.protocol.a.TimeTrackingPacketReader.readHeader(TimeTrackingPacketReader.java:52)
	at com.mysql.cj.protocol.a.TimeTrackingPacketReader.readHeader(TimeTrackingPacketReader.java:41)
	at com.mysql.cj.protocol.a.MultiPacketReader.readHeader(MultiPacketReader.java:54)
	at com.mysql.cj.protocol.a.MultiPacketReader.readHeader(MultiPacketReader.java:44)
	at com.mysql.cj.protocol.a.NativeProtocol.readMessage(NativeProtocol.java:533)
	... 15 common frames omitted
2021-01-16 21:59:02.195 [QuartzScheduler_schedulerFactory-NON_CLUSTERED_MisfireHandler] ERROR org.quartz.impl.jdbcjobstore.JobStoreTX - MisfireHandler: Error handling misfires: Database error recovering from misfires.
org.quartz.JobPersistenceException: Database error recovering from misfires.
	at org.quartz.impl.jdbcjobstore.JobStoreSupport.doRecoverMisfires(JobStoreSupport.java:3274)
	at org.quartz.impl.jdbcjobstore.JobStoreSupport$MisfireHandler.manage(JobStoreSupport.java:4012)
	at org.quartz.impl.jdbcjobstore.JobStoreSupport$MisfireHandler.run(JobStoreSupport.java:4033)
Caused by: java.sql.SQLException: No operations allowed after statement closed.
	at com.mysql.cj.jdbc.exceptions.SQLError.createSQLException(SQLError.java:129)
	at com.mysql.cj.jdbc.exceptions.SQLError.createSQLException(SQLError.java:97)
	at com.mysql.cj.jdbc.exceptions.SQLError.createSQLException(SQLError.java:89)
	at com.mysql.cj.jdbc.exceptions.SQLError.createSQLException(SQLError.java:63)
	at com.mysql.cj.jdbc.exceptions.SQLError.createSQLException(SQLError.java:73)
	at com.mysql.cj.jdbc.exceptions.SQLExceptionsMapping.translateException(SQLExceptionsMapping.java:82)
	at com.mysql.cj.jdbc.ClientPreparedStatement.setBigDecimal(ClientPreparedStatement.java:1420)
	at com.mchange.v2.c3p0.impl.NewProxyPreparedStatement.setBigDecimal(NewProxyPreparedStatement.java:405)
	at org.quartz.impl.jdbcjobstore.StdJDBCDelegate.countMisfiredTriggersInState(StdJDBCDelegate.java:391)
	at org.quartz.impl.jdbcjobstore.JobStoreSupport.doRecoverMisfires(JobStoreSupport.java:3253)
	... 2 common frames omitted
Caused by: com.mysql.cj.exceptions.StatementIsClosedException: No operations allowed after statement closed.
	at sun.reflect.NativeConstructorAccessorImpl.newInstance0(Native Method)
	at sun.reflect.NativeConstructorAccessorImpl.newInstance(NativeConstructorAccessorImpl.java:62)
	at sun.reflect.DelegatingConstructorAccessorImpl.newInstance(DelegatingConstructorAccessorImpl.java:45)
	at java.lang.reflect.Constructor.newInstance(Constructor.java:423)
	at com.mysql.cj.exceptions.ExceptionFactory.createException(ExceptionFactory.java:61)
	at com.mysql.cj.exceptions.ExceptionFactory.createException(ExceptionFactory.java:85)
	at com.mysql.cj.jdbc.StatementImpl.checkClosed(StatementImpl.java:340)
	at com.mysql.cj.jdbc.ClientPreparedStatement.setBigDecimal(ClientPreparedStatement.java:1417)
	... 5 common frames omitted
2021-01-16 22:18:14.220 [QuartzScheduler_QuartzScheduler-NON_CLUSTERED_MisfireHandler] ERROR org.quartz.impl.jdbcjobstore.JobStoreTX - Couldn't rollback jdbc connection. No operations allowed after connection closed.
java.sql.SQLNonTransientConnectionException: No operations allowed after connection closed.
	at com.mysql.cj.jdbc.exceptions.SQLError.createSQLException(SQLError.java:110)
	at com.mysql.cj.jdbc.exceptions.SQLError.createSQLException(SQLError.java:97)
	at com.mysql.cj.jdbc.exceptions.SQLError.createSQLException(SQLError.java:89)
	at com.mysql.cj.jdbc.exceptions.SQLError.createSQLException(SQLError.java:63)
	at com.mysql.cj.jdbc.exceptions.SQLError.createSQLException(SQLError.java:73)
	at com.mysql.cj.jdbc.exceptions.SQLExceptionsMapping.translateException(SQLExceptionsMapping.java:73)
	at com.mysql.cj.jdbc.ConnectionImpl.rollback(ConnectionImpl.java:1857)
	at com.mchange.v2.c3p0.impl.NewProxyConnection.rollback(NewProxyConnection.java:1033)
	at sun.reflect.NativeMethodAccessorImpl.invoke0(Native Method)
	at sun.reflect.NativeMethodAccessorImpl.invoke(NativeMethodAccessorImpl.java:62)
	at sun.reflect.DelegatingMethodAccessorImpl.invoke(DelegatingMethodAccessorImpl.java:43)
	at java.lang.reflect.Method.invoke(Method.java:498)
	at org.quartz.impl.jdbcjobstore.AttributeRestoringConnectionInvocationHandler.invoke(AttributeRestoringConnectionInvocationHandler.java:73)
	at com.sun.proxy.$Proxy112.rollback(Unknown Source)
	at org.quartz.impl.jdbcjobstore.JobStoreSupport.rollbackConnection(JobStoreSupport.java:3727)
	at org.quartz.impl.jdbcjobstore.JobStoreSupport.doRecoverMisfires(JobStoreSupport.java:3273)
	at org.quartz.impl.jdbcjobstore.JobStoreSupport$MisfireHandler.manage(JobStoreSupport.java:4012)
	at org.quartz.impl.jdbcjobstore.JobStoreSupport$MisfireHandler.run(JobStoreSupport.java:4033)
Caused by: com.mysql.cj.exceptions.ConnectionIsClosedException: No operations allowed after connection closed.
	at sun.reflect.NativeConstructorAccessorImpl.newInstance0(Native Method)
	at sun.reflect.NativeConstructorAccessorImpl.newInstance(NativeConstructorAccessorImpl.java:62)
	at sun.reflect.DelegatingConstructorAccessorImpl.newInstance(DelegatingConstructorAccessorImpl.java:45)
	at java.lang.reflect.Constructor.newInstance(Constructor.java:423)
	at com.mysql.cj.exceptions.ExceptionFactory.createException(ExceptionFactory.java:61)
	at com.mysql.cj.exceptions.ExceptionFactory.createException(ExceptionFactory.java:105)
	at com.mysql.cj.exceptions.ExceptionFactory.createException(ExceptionFactory.java:151)
	at com.mysql.cj.NativeSession.checkClosed(NativeSession.java:1171)
	at com.mysql.cj.jdbc.ConnectionImpl.checkClosed(ConnectionImpl.java:576)
	at com.mysql.cj.jdbc.ConnectionImpl.rollback(ConnectionImpl.java:1811)
	... 11 common frames omitted
Caused by: com.mysql.cj.exceptions.CJCommunicationsException: The last packet successfully received from the server was 1,152,075 milliseconds ago. The last packet sent successfully to the server was 1,152,076 milliseconds ago. is longer than the server configured value of 'wait_timeout'. You should consider either expiring and/or testing connection validity before use in your application, increasing the server configured values for client timeouts, or using the Connector/J connection property 'autoReconnect=true' to avoid this problem.
	at sun.reflect.NativeConstructorAccessorImpl.newInstance0(Native Method)
	at sun.reflect.NativeConstructorAccessorImpl.newInstance(NativeConstructorAccessorImpl.java:62)
	at sun.reflect.DelegatingConstructorAccessorImpl.newInstance(DelegatingConstructorAccessorImpl.java:45)
	at java.lang.reflect.Constructor.newInstance(Constructor.java:423)
	at com.mysql.cj.exceptions.ExceptionFactory.createException(ExceptionFactory.java:61)
	at com.mysql.cj.exceptions.ExceptionFactory.createException(ExceptionFactory.java:105)
	at com.mysql.cj.exceptions.ExceptionFactory.createException(ExceptionFactory.java:151)
	at com.mysql.cj.exceptions.ExceptionFactory.createCommunicationsException(ExceptionFactory.java:167)
	at com.mysql.cj.protocol.a.NativeProtocol.readMessage(NativeProtocol.java:539)
	at com.mysql.cj.protocol.a.NativeProtocol.checkErrorMessage(NativeProtocol.java:703)
	at com.mysql.cj.protocol.a.NativeProtocol.sendCommand(NativeProtocol.java:642)
	at com.mysql.cj.protocol.a.NativeProtocol.sendQueryPacket(NativeProtocol.java:941)
	at com.mysql.cj.protocol.a.NativeProtocol.sendQueryString(NativeProtocol.java:887)
	at com.mysql.cj.NativeSession.execSQL(NativeSession.java:1073)
	at com.mysql.cj.jdbc.ConnectionImpl.setAutoCommit(ConnectionImpl.java:2046)
	at com.mchange.v2.c3p0.impl.NewProxyConnection.setAutoCommit(NewProxyConnection.java:1059)
	at org.quartz.impl.jdbcjobstore.AttributeRestoringConnectionInvocationHandler.setAutoCommit(AttributeRestoringConnectionInvocationHandler.java:98)
	at org.quartz.impl.jdbcjobstore.AttributeRestoringConnectionInvocationHandler.invoke(AttributeRestoringConnectionInvocationHandler.java:66)
	at com.sun.proxy.$Proxy112.setAutoCommit(Unknown Source)
	at org.quartz.impl.jdbcjobstore.JobStoreSupport.getConnection(JobStoreSupport.java:804)
	at org.quartz.impl.jdbcjobstore.JobStoreTX.getNonManagedTXConnection(JobStoreTX.java:71)
	at org.quartz.impl.jdbcjobstore.JobStoreSupport.doRecoverMisfires(JobStoreSupport.java:3246)
	... 2 common frames omitted
Caused by: java.io.EOFException: Can not read response from server. Expected to read 4 bytes, read 0 bytes before connection was unexpectedly lost.
	at com.mysql.cj.protocol.FullReadInputStream.readFully(FullReadInputStream.java:67)
	at com.mysql.cj.protocol.a.SimplePacketReader.readHeader(SimplePacketReader.java:63)
	at com.mysql.cj.protocol.a.SimplePacketReader.readHeader(SimplePacketReader.java:45)
	at com.mysql.cj.protocol.a.TimeTrackingPacketReader.readHeader(TimeTrackingPacketReader.java:52)
	at com.mysql.cj.protocol.a.TimeTrackingPacketReader.readHeader(TimeTrackingPacketReader.java:41)
	at com.mysql.cj.protocol.a.MultiPacketReader.readHeader(MultiPacketReader.java:54)
	at com.mysql.cj.protocol.a.MultiPacketReader.readHeader(MultiPacketReader.java:44)
	at com.mysql.cj.protocol.a.NativeProtocol.readMessage(NativeProtocol.java:533)
	... 15 common frames omitted
2021-01-16 22:18:14.221 [QuartzScheduler_QuartzScheduler-NON_CLUSTERED_MisfireHandler] ERROR org.quartz.impl.jdbcjobstore.JobStoreTX - MisfireHandler: Error handling misfires: Database error recovering from misfires.
org.quartz.JobPersistenceException: Database error recovering from misfires.
	at org.quartz.impl.jdbcjobstore.JobStoreSupport.doRecoverMisfires(JobStoreSupport.java:3274)
	at org.quartz.impl.jdbcjobstore.JobStoreSupport$MisfireHandler.manage(JobStoreSupport.java:4012)
	at org.quartz.impl.jdbcjobstore.JobStoreSupport$MisfireHandler.run(JobStoreSupport.java:4033)
Caused by: java.sql.SQLException: No operations allowed after statement closed.
	at com.mysql.cj.jdbc.exceptions.SQLError.createSQLException(SQLError.java:129)
	at com.mysql.cj.jdbc.exceptions.SQLError.createSQLException(SQLError.java:97)
	at com.mysql.cj.jdbc.exceptions.SQLError.createSQLException(SQLError.java:89)
	at com.mysql.cj.jdbc.exceptions.SQLError.createSQLException(SQLError.java:63)
	at com.mysql.cj.jdbc.exceptions.SQLError.createSQLException(SQLError.java:73)
	at com.mysql.cj.jdbc.exceptions.SQLExceptionsMapping.translateException(SQLExceptionsMapping.java:82)
	at com.mysql.cj.jdbc.ClientPreparedStatement.setBigDecimal(ClientPreparedStatement.java:1420)
	at com.mchange.v2.c3p0.impl.NewProxyPreparedStatement.setBigDecimal(NewProxyPreparedStatement.java:405)
	at org.quartz.impl.jdbcjobstore.StdJDBCDelegate.countMisfiredTriggersInState(StdJDBCDelegate.java:391)
	at org.quartz.impl.jdbcjobstore.JobStoreSupport.doRecoverMisfires(JobStoreSupport.java:3253)
	... 2 common frames omitted
Caused by: com.mysql.cj.exceptions.StatementIsClosedException: No operations allowed after statement closed.
	at sun.reflect.NativeConstructorAccessorImpl.newInstance0(Native Method)
	at sun.reflect.NativeConstructorAccessorImpl.newInstance(NativeConstructorAccessorImpl.java:62)
	at sun.reflect.DelegatingConstructorAccessorImpl.newInstance(DelegatingConstructorAccessorImpl.java:45)
	at java.lang.reflect.Constructor.newInstance(Constructor.java:423)
	at com.mysql.cj.exceptions.ExceptionFactory.createException(ExceptionFactory.java:61)
	at com.mysql.cj.exceptions.ExceptionFactory.createException(ExceptionFactory.java:85)
	at com.mysql.cj.jdbc.StatementImpl.checkClosed(StatementImpl.java:340)
	at com.mysql.cj.jdbc.ClientPreparedStatement.setBigDecimal(ClientPreparedStatement.java:1417)
	... 5 common frames omitted
2021-01-16 22:42:19.509 [QuartzScheduler_QuartzSchedulerThread] ERROR org.quartz.impl.jdbcjobstore.JobStoreTX - Couldn't rollback jdbc connection. No operations allowed after connection closed.
java.sql.SQLNonTransientConnectionException: No operations allowed after connection closed.
	at com.mysql.cj.jdbc.exceptions.SQLError.createSQLException(SQLError.java:110)
	at com.mysql.cj.jdbc.exceptions.SQLError.createSQLException(SQLError.java:97)
	at com.mysql.cj.jdbc.exceptions.SQLError.createSQLException(SQLError.java:89)
	at com.mysql.cj.jdbc.exceptions.SQLError.createSQLException(SQLError.java:63)
	at com.mysql.cj.jdbc.exceptions.SQLError.createSQLException(SQLError.java:73)
	at com.mysql.cj.jdbc.exceptions.SQLExceptionsMapping.translateException(SQLExceptionsMapping.java:73)
	at com.mysql.cj.jdbc.ConnectionImpl.rollback(ConnectionImpl.java:1857)
	at com.mchange.v2.c3p0.impl.NewProxyConnection.rollback(NewProxyConnection.java:1033)
	at sun.reflect.NativeMethodAccessorImpl.invoke0(Native Method)
	at sun.reflect.NativeMethodAccessorImpl.invoke(NativeMethodAccessorImpl.java:62)
	at sun.reflect.DelegatingMethodAccessorImpl.invoke(DelegatingMethodAccessorImpl.java:43)
	at java.lang.reflect.Method.invoke(Method.java:498)
	at org.quartz.impl.jdbcjobstore.AttributeRestoringConnectionInvocationHandler.invoke(AttributeRestoringConnectionInvocationHandler.java:73)
	at com.sun.proxy.$Proxy112.rollback(Unknown Source)
	at org.quartz.impl.jdbcjobstore.JobStoreSupport.rollbackConnection(JobStoreSupport.java:3727)
	at org.quartz.impl.jdbcjobstore.JobStoreSupport.executeInNonManagedTXLock(JobStoreSupport.java:3886)
	at org.quartz.impl.jdbcjobstore.JobStoreSupport.acquireNextTriggers(JobStoreSupport.java:2802)
	at org.quartz.core.QuartzSchedulerThread.run(QuartzSchedulerThread.java:287)
Caused by: com.mysql.cj.exceptions.ConnectionIsClosedException: No operations allowed after connection closed.
	at sun.reflect.NativeConstructorAccessorImpl.newInstance0(Native Method)
	at sun.reflect.NativeConstructorAccessorImpl.newInstance(NativeConstructorAccessorImpl.java:62)
	at sun.reflect.DelegatingConstructorAccessorImpl.newInstance(DelegatingConstructorAccessorImpl.java:45)
	at java.lang.reflect.Constructor.newInstance(Constructor.java:423)
	at com.mysql.cj.exceptions.ExceptionFactory.createException(ExceptionFactory.java:61)
	at com.mysql.cj.exceptions.ExceptionFactory.createException(ExceptionFactory.java:105)
	at com.mysql.cj.exceptions.ExceptionFactory.createException(ExceptionFactory.java:151)
	at com.mysql.cj.NativeSession.checkClosed(NativeSession.java:1171)
	at com.mysql.cj.jdbc.ConnectionImpl.checkClosed(ConnectionImpl.java:576)
	at com.mysql.cj.jdbc.ConnectionImpl.rollback(ConnectionImpl.java:1811)
	... 11 common frames omitted
Caused by: com.mysql.cj.exceptions.CJCommunicationsException: The last packet successfully received from the server was 1,445,285 milliseconds ago. The last packet sent successfully to the server was 1,445,285 milliseconds ago. is longer than the server configured value of 'wait_timeout'. You should consider either expiring and/or testing connection validity before use in your application, increasing the server configured values for client timeouts, or using the Connector/J connection property 'autoReconnect=true' to avoid this problem.
	at sun.reflect.NativeConstructorAccessorImpl.newInstance0(Native Method)
	at sun.reflect.NativeConstructorAccessorImpl.newInstance(NativeConstructorAccessorImpl.java:62)
	at sun.reflect.DelegatingConstructorAccessorImpl.newInstance(DelegatingConstructorAccessorImpl.java:45)
	at java.lang.reflect.Constructor.newInstance(Constructor.java:423)
	at com.mysql.cj.exceptions.ExceptionFactory.createException(ExceptionFactory.java:61)
	at com.mysql.cj.exceptions.ExceptionFactory.createException(ExceptionFactory.java:105)
	at com.mysql.cj.exceptions.ExceptionFactory.createException(ExceptionFactory.java:151)
	at com.mysql.cj.exceptions.ExceptionFactory.createCommunicationsException(ExceptionFactory.java:167)
	at com.mysql.cj.protocol.a.NativeProtocol.readMessage(NativeProtocol.java:539)
	at com.mysql.cj.protocol.a.NativeProtocol.checkErrorMessage(NativeProtocol.java:703)
	at com.mysql.cj.protocol.a.NativeProtocol.sendCommand(NativeProtocol.java:642)
	at com.mysql.cj.protocol.a.NativeProtocol.sendQueryPacket(NativeProtocol.java:941)
	at com.mysql.cj.protocol.a.NativeProtocol.sendQueryString(NativeProtocol.java:887)
	at com.mysql.cj.NativeSession.execSQL(NativeSession.java:1073)
	at com.mysql.cj.jdbc.ConnectionImpl.setAutoCommit(ConnectionImpl.java:2046)
	at com.mchange.v2.c3p0.impl.NewProxyConnection.setAutoCommit(NewProxyConnection.java:1059)
	at org.quartz.impl.jdbcjobstore.AttributeRestoringConnectionInvocationHandler.setAutoCommit(AttributeRestoringConnectionInvocationHandler.java:98)
	at org.quartz.impl.jdbcjobstore.AttributeRestoringConnectionInvocationHandler.invoke(AttributeRestoringConnectionInvocationHandler.java:66)
	at com.sun.proxy.$Proxy112.setAutoCommit(Unknown Source)
	at org.quartz.impl.jdbcjobstore.JobStoreSupport.getConnection(JobStoreSupport.java:804)
	at org.quartz.impl.jdbcjobstore.JobStoreTX.getNonManagedTXConnection(JobStoreTX.java:71)
	at org.quartz.impl.jdbcjobstore.JobStoreSupport.executeInNonManagedTXLock(JobStoreSupport.java:3861)
	... 2 common frames omitted
Caused by: java.io.EOFException: Can not read response from server. Expected to read 4 bytes, read 0 bytes before connection was unexpectedly lost.
	at com.mysql.cj.protocol.FullReadInputStream.readFully(FullReadInputStream.java:67)
	at com.mysql.cj.protocol.a.SimplePacketReader.readHeader(SimplePacketReader.java:63)
	at com.mysql.cj.protocol.a.SimplePacketReader.readHeader(SimplePacketReader.java:45)
	at com.mysql.cj.protocol.a.TimeTrackingPacketReader.readHeader(TimeTrackingPacketReader.java:52)
	at com.mysql.cj.protocol.a.TimeTrackingPacketReader.readHeader(TimeTrackingPacketReader.java:41)
	at com.mysql.cj.protocol.a.MultiPacketReader.readHeader(MultiPacketReader.java:54)
	at com.mysql.cj.protocol.a.MultiPacketReader.readHeader(MultiPacketReader.java:44)
	at com.mysql.cj.protocol.a.NativeProtocol.readMessage(NativeProtocol.java:533)
	... 15 common frames omitted
2021-01-16 22:42:19.511 [QuartzScheduler_QuartzSchedulerThread] ERROR org.quartz.core.ErrorLogger - An error occurred while scanning for the next triggers to fire.
org.quartz.JobPersistenceException: Couldn't acquire next trigger: No operations allowed after statement closed.
	at org.quartz.impl.jdbcjobstore.JobStoreSupport.acquireNextTrigger(JobStoreSupport.java:2923)
	at org.quartz.impl.jdbcjobstore.JobStoreSupport$41.execute(JobStoreSupport.java:2805)
	at org.quartz.impl.jdbcjobstore.JobStoreSupport$41.execute(JobStoreSupport.java:2803)
	at org.quartz.impl.jdbcjobstore.JobStoreSupport.executeInNonManagedTXLock(JobStoreSupport.java:3864)
	at org.quartz.impl.jdbcjobstore.JobStoreSupport.acquireNextTriggers(JobStoreSupport.java:2802)
	at org.quartz.core.QuartzSchedulerThread.run(QuartzSchedulerThread.java:287)
Caused by: java.sql.SQLException: No operations allowed after statement closed.
	at com.mysql.cj.jdbc.exceptions.SQLError.createSQLException(SQLError.java:129)
	at com.mysql.cj.jdbc.exceptions.SQLError.createSQLException(SQLError.java:97)
	at com.mysql.cj.jdbc.exceptions.SQLError.createSQLException(SQLError.java:89)
	at com.mysql.cj.jdbc.exceptions.SQLError.createSQLException(SQLError.java:63)
	at com.mysql.cj.jdbc.exceptions.SQLError.createSQLException(SQLError.java:73)
	at com.mysql.cj.jdbc.exceptions.SQLExceptionsMapping.translateException(SQLExceptionsMapping.java:82)
	at com.mysql.cj.jdbc.StatementImpl.setLargeMaxRows(StatementImpl.java:2161)
	at com.mysql.cj.jdbc.StatementImpl.setMaxRows(StatementImpl.java:1881)
	at com.mchange.v2.c3p0.impl.NewProxyPreparedStatement.setMaxRows(NewProxyPreparedStatement.java:2071)
	at org.quartz.impl.jdbcjobstore.StdJDBCDelegate.selectTriggerToAcquire(StdJDBCDelegate.java:2604)
	at org.quartz.impl.jdbcjobstore.JobStoreSupport.acquireNextTrigger(JobStoreSupport.java:2844)
	... 5 common frames omitted
Caused by: com.mysql.cj.exceptions.StatementIsClosedException: No operations allowed after statement closed.
	at sun.reflect.NativeConstructorAccessorImpl.newInstance0(Native Method)
	at sun.reflect.NativeConstructorAccessorImpl.newInstance(NativeConstructorAccessorImpl.java:62)
	at sun.reflect.DelegatingConstructorAccessorImpl.newInstance(DelegatingConstructorAccessorImpl.java:45)
	at java.lang.reflect.Constructor.newInstance(Constructor.java:423)
	at com.mysql.cj.exceptions.ExceptionFactory.createException(ExceptionFactory.java:61)
	at com.mysql.cj.exceptions.ExceptionFactory.createException(ExceptionFactory.java:85)
	at com.mysql.cj.jdbc.StatementImpl.checkClosed(StatementImpl.java:340)
	at com.mysql.cj.jdbc.StatementImpl.setLargeMaxRows(StatementImpl.java:2149)
	... 9 common frames omitted
2021-01-16 22:58:01.956 [http-nio-9090-exec-2] ERROR c.e.s.common.exception.MyGlobalExceptionHandler - 
org.quartz.JobPersistenceException: Couldn't update misfired trigger '2.com.example.springbootdemo.common.quartz.componment.HelloJob': Couldn't store trigger '2.com.example.springbootdemo.common.quartz.componment.HelloJob' for '2.com.example.springbootdemo.common.quartz.componment.HelloJob' job:Couldn't retrieve job because the BLOB couldn't be deserialized: invalid stream header: EFBFBDEF
	at org.quartz.impl.jdbcjobstore.JobStoreSupport.updateMisfiredTrigger(JobStoreSupport.java:1022)
	at org.quartz.impl.jdbcjobstore.JobStoreSupport.resumeTrigger(JobStoreSupport.java:2393)
	at org.quartz.impl.jdbcjobstore.JobStoreSupport$34.executeVoid(JobStoreSupport.java:2434)
	at org.quartz.impl.jdbcjobstore.JobStoreSupport$VoidTransactionCallback.execute(JobStoreSupport.java:3780)
	at org.quartz.impl.jdbcjobstore.JobStoreSupport$VoidTransactionCallback.execute(JobStoreSupport.java:3778)
	at org.quartz.impl.jdbcjobstore.JobStoreSupport.executeInNonManagedTXLock(JobStoreSupport.java:3864)
	at org.quartz.impl.jdbcjobstore.JobStoreTX.executeInLock(JobStoreTX.java:93)
	at org.quartz.impl.jdbcjobstore.JobStoreSupport.resumeJob(JobStoreSupport.java:2428)
	at org.quartz.core.QuartzScheduler.resumeJob(QuartzScheduler.java:1336)
	at org.quartz.impl.StdScheduler.resumeJob(StdScheduler.java:415)
	at com.example.springbootdemo.controller.JobController.jobresume(JobController.java:91)
	at com.example.springbootdemo.controller.JobController.resumejob(JobController.java:87)
	at sun.reflect.NativeMethodAccessorImpl.invoke0(Native Method)
	at sun.reflect.NativeMethodAccessorImpl.invoke(NativeMethodAccessorImpl.java:62)
	at sun.reflect.DelegatingMethodAccessorImpl.invoke(DelegatingMethodAccessorImpl.java:43)
	at java.lang.reflect.Method.invoke(Method.java:498)
	at org.springframework.web.method.support.InvocableHandlerMethod.doInvoke(InvocableHandlerMethod.java:190)
	at org.springframework.web.method.support.InvocableHandlerMethod.invokeForRequest(InvocableHandlerMethod.java:138)
	at org.springframework.web.servlet.mvc.method.annotation.ServletInvocableHandlerMethod.invokeAndHandle(ServletInvocableHandlerMethod.java:106)
	at org.springframework.web.servlet.mvc.method.annotation.RequestMappingHandlerAdapter.invokeHandlerMethod(RequestMappingHandlerAdapter.java:888)
	at org.springframework.web.servlet.mvc.method.annotation.RequestMappingHandlerAdapter.handleInternal(RequestMappingHandlerAdapter.java:793)
	at org.springframework.web.servlet.mvc.method.AbstractHandlerMethodAdapter.handle(AbstractHandlerMethodAdapter.java:87)
	at org.springframework.web.servlet.DispatcherServlet.doDispatch(DispatcherServlet.java:1040)
	at org.springframework.web.servlet.DispatcherServlet.doService(DispatcherServlet.java:943)
	at org.springframework.web.servlet.FrameworkServlet.processRequest(FrameworkServlet.java:1006)
	at org.springframework.web.servlet.FrameworkServlet.doPost(FrameworkServlet.java:909)
	at javax.servlet.http.HttpServlet.service(HttpServlet.java:665)
	at org.springframework.web.servlet.FrameworkServlet.service(FrameworkServlet.java:883)
	at javax.servlet.http.HttpServlet.service(HttpServlet.java:750)
	at org.apache.catalina.core.ApplicationFilterChain.internalDoFilter(ApplicationFilterChain.java:231)
	at org.apache.catalina.core.ApplicationFilterChain.doFilter(ApplicationFilterChain.java:166)
	at org.apache.tomcat.websocket.server.WsFilter.doFilter(WsFilter.java:53)
	at org.apache.catalina.core.ApplicationFilterChain.internalDoFilter(ApplicationFilterChain.java:193)
	at org.apache.catalina.core.ApplicationFilterChain.doFilter(ApplicationFilterChain.java:166)
	at org.springframework.web.servlet.resource.ResourceUrlEncodingFilter.doFilter(ResourceUrlEncodingFilter.java:64)
	at org.apache.catalina.core.ApplicationFilterChain.internalDoFilter(ApplicationFilterChain.java:193)
	at org.apache.catalina.core.ApplicationFilterChain.doFilter(ApplicationFilterChain.java:166)
	at com.alibaba.druid.support.http.WebStatFilter.doFilter(WebStatFilter.java:123)
	at org.apache.catalina.core.ApplicationFilterChain.internalDoFilter(ApplicationFilterChain.java:193)
	at org.apache.catalina.core.ApplicationFilterChain.doFilter(ApplicationFilterChain.java:166)
	at org.springframework.web.filter.RequestContextFilter.doFilterInternal(RequestContextFilter.java:100)
	at org.springframework.web.filter.OncePerRequestFilter.doFilter(OncePerRequestFilter.java:119)
	at org.apache.catalina.core.ApplicationFilterChain.internalDoFilter(ApplicationFilterChain.java:193)
	at org.apache.catalina.core.ApplicationFilterChain.doFilter(ApplicationFilterChain.java:166)
	at org.springframework.web.filter.FormContentFilter.doFilterInternal(FormContentFilter.java:93)
	at org.springframework.web.filter.OncePerRequestFilter.doFilter(OncePerRequestFilter.java:119)
	at org.apache.catalina.core.ApplicationFilterChain.internalDoFilter(ApplicationFilterChain.java:193)
	at org.apache.catalina.core.ApplicationFilterChain.doFilter(ApplicationFilterChain.java:166)
	at org.springframework.web.filter.CharacterEncodingFilter.doFilterInternal(CharacterEncodingFilter.java:201)
	at org.springframework.web.filter.OncePerRequestFilter.doFilter(OncePerRequestFilter.java:119)
	at org.apache.catalina.core.ApplicationFilterChain.internalDoFilter(ApplicationFilterChain.java:193)
	at org.apache.catalina.core.ApplicationFilterChain.doFilter(ApplicationFilterChain.java:166)
	at org.apache.catalina.core.StandardWrapperValve.invoke(StandardWrapperValve.java:202)
	at org.apache.catalina.core.StandardContextValve.invoke(StandardContextValve.java:96)
	at org.apache.catalina.authenticator.AuthenticatorBase.invoke(AuthenticatorBase.java:526)
	at org.apache.catalina.core.StandardHostValve.invoke(StandardHostValve.java:139)
	at org.apache.catalina.valves.ErrorReportValve.invoke(ErrorReportValve.java:92)
	at org.apache.catalina.core.StandardEngineValve.invoke(StandardEngineValve.java:74)
	at org.apache.catalina.connector.CoyoteAdapter.service(CoyoteAdapter.java:343)
	at org.apache.coyote.http11.Http11Processor.service(Http11Processor.java:408)
	at org.apache.coyote.AbstractProcessorLight.process(AbstractProcessorLight.java:66)
	at org.apache.coyote.AbstractProtocol$ConnectionHandler.process(AbstractProtocol.java:861)
	at org.apache.tomcat.util.net.NioEndpoint$SocketProcessor.doRun(NioEndpoint.java:1579)
	at org.apache.tomcat.util.net.SocketProcessorBase.run(SocketProcessorBase.java:49)
	at java.util.concurrent.ThreadPoolExecutor.runWorker(ThreadPoolExecutor.java:1149)
	at java.util.concurrent.ThreadPoolExecutor$Worker.run(ThreadPoolExecutor.java:624)
	at org.apache.tomcat.util.threads.TaskThread$WrappingRunnable.run(TaskThread.java:61)
	at java.lang.Thread.run(Thread.java:748)
Caused by: org.quartz.JobPersistenceException: Couldn't store trigger '2.com.example.springbootdemo.common.quartz.componment.HelloJob' for '2.com.example.springbootdemo.common.quartz.componment.HelloJob' job:Couldn't retrieve job because the BLOB couldn't be deserialized: invalid stream header: EFBFBDEF
	at org.quartz.impl.jdbcjobstore.JobStoreSupport.storeTrigger(JobStoreSupport.java:1228)
	at org.quartz.impl.jdbcjobstore.JobStoreSupport.doUpdateOfMisfiredTrigger(JobStoreSupport.java:1042)
	at org.quartz.impl.jdbcjobstore.JobStoreSupport.updateMisfiredTrigger(JobStoreSupport.java:1017)
	... 67 common frames omitted
Caused by: org.quartz.JobPersistenceException: Couldn't retrieve job because the BLOB couldn't be deserialized: invalid stream header: EFBFBDEF
	at org.quartz.impl.jdbcjobstore.JobStoreSupport.retrieveJob(JobStoreSupport.java:1397)
	at org.quartz.impl.jdbcjobstore.JobStoreSupport.storeTrigger(JobStoreSupport.java:1210)
	... 69 common frames omitted
Caused by: java.io.StreamCorruptedException: invalid stream header: EFBFBDEF
	at java.io.ObjectInputStream.readStreamHeader(ObjectInputStream.java:866)
	at java.io.ObjectInputStream.<init>(ObjectInputStream.java:358)
	at org.quartz.impl.jdbcjobstore.StdJDBCDelegate.getObjectFromBlob(StdJDBCDelegate.java:3199)
	at org.quartz.impl.jdbcjobstore.StdJDBCDelegate.selectJobDetail(StdJDBCDelegate.java:860)
	at org.quartz.impl.jdbcjobstore.JobStoreSupport.retrieveJob(JobStoreSupport.java:1390)
	... 70 common frames omitted
2021-01-16 23:31:50.229 [http-nio-9090-exec-2] ERROR c.e.s.common.exception.MyGlobalExceptionHandler - 
java.lang.RuntimeException: CronExpression '0/1 * * * *' is invalid.
	at org.quartz.CronScheduleBuilder.cronSchedule(CronScheduleBuilder.java:111)
	at com.example.springbootdemo.controller.JobController.addJob(JobController.java:60)
	at com.example.springbootdemo.controller.JobController.addjob(JobController.java:48)
	at sun.reflect.NativeMethodAccessorImpl.invoke0(Native Method)
	at sun.reflect.NativeMethodAccessorImpl.invoke(NativeMethodAccessorImpl.java:62)
	at sun.reflect.DelegatingMethodAccessorImpl.invoke(DelegatingMethodAccessorImpl.java:43)
	at java.lang.reflect.Method.invoke(Method.java:498)
	at org.springframework.web.method.support.InvocableHandlerMethod.doInvoke(InvocableHandlerMethod.java:190)
	at org.springframework.web.method.support.InvocableHandlerMethod.invokeForRequest(InvocableHandlerMethod.java:138)
	at org.springframework.web.servlet.mvc.method.annotation.ServletInvocableHandlerMethod.invokeAndHandle(ServletInvocableHandlerMethod.java:106)
	at org.springframework.web.servlet.mvc.method.annotation.RequestMappingHandlerAdapter.invokeHandlerMethod(RequestMappingHandlerAdapter.java:888)
	at org.springframework.web.servlet.mvc.method.annotation.RequestMappingHandlerAdapter.handleInternal(RequestMappingHandlerAdapter.java:793)
	at org.springframework.web.servlet.mvc.method.AbstractHandlerMethodAdapter.handle(AbstractHandlerMethodAdapter.java:87)
	at org.springframework.web.servlet.DispatcherServlet.doDispatch(DispatcherServlet.java:1040)
	at org.springframework.web.servlet.DispatcherServlet.doService(DispatcherServlet.java:943)
	at org.springframework.web.servlet.FrameworkServlet.processRequest(FrameworkServlet.java:1006)
	at org.springframework.web.servlet.FrameworkServlet.doPost(FrameworkServlet.java:909)
	at javax.servlet.http.HttpServlet.service(HttpServlet.java:665)
	at org.springframework.web.servlet.FrameworkServlet.service(FrameworkServlet.java:883)
	at javax.servlet.http.HttpServlet.service(HttpServlet.java:750)
	at org.apache.catalina.core.ApplicationFilterChain.internalDoFilter(ApplicationFilterChain.java:231)
	at org.apache.catalina.core.ApplicationFilterChain.doFilter(ApplicationFilterChain.java:166)
	at org.apache.tomcat.websocket.server.WsFilter.doFilter(WsFilter.java:53)
	at org.apache.catalina.core.ApplicationFilterChain.internalDoFilter(ApplicationFilterChain.java:193)
	at org.apache.catalina.core.ApplicationFilterChain.doFilter(ApplicationFilterChain.java:166)
	at org.springframework.web.servlet.resource.ResourceUrlEncodingFilter.doFilter(ResourceUrlEncodingFilter.java:64)
	at org.apache.catalina.core.ApplicationFilterChain.internalDoFilter(ApplicationFilterChain.java:193)
	at org.apache.catalina.core.ApplicationFilterChain.doFilter(ApplicationFilterChain.java:166)
	at com.alibaba.druid.support.http.WebStatFilter.doFilter(WebStatFilter.java:123)
	at org.apache.catalina.core.ApplicationFilterChain.internalDoFilter(ApplicationFilterChain.java:193)
	at org.apache.catalina.core.ApplicationFilterChain.doFilter(ApplicationFilterChain.java:166)
	at org.springframework.web.filter.RequestContextFilter.doFilterInternal(RequestContextFilter.java:100)
	at org.springframework.web.filter.OncePerRequestFilter.doFilter(OncePerRequestFilter.java:119)
	at org.apache.catalina.core.ApplicationFilterChain.internalDoFilter(ApplicationFilterChain.java:193)
	at org.apache.catalina.core.ApplicationFilterChain.doFilter(ApplicationFilterChain.java:166)
	at org.springframework.web.filter.FormContentFilter.doFilterInternal(FormContentFilter.java:93)
	at org.springframework.web.filter.OncePerRequestFilter.doFilter(OncePerRequestFilter.java:119)
	at org.apache.catalina.core.ApplicationFilterChain.internalDoFilter(ApplicationFilterChain.java:193)
	at org.apache.catalina.core.ApplicationFilterChain.doFilter(ApplicationFilterChain.java:166)
	at org.springframework.web.filter.CharacterEncodingFilter.doFilterInternal(CharacterEncodingFilter.java:201)
	at org.springframework.web.filter.OncePerRequestFilter.doFilter(OncePerRequestFilter.java:119)
	at org.apache.catalina.core.ApplicationFilterChain.internalDoFilter(ApplicationFilterChain.java:193)
	at org.apache.catalina.core.ApplicationFilterChain.doFilter(ApplicationFilterChain.java:166)
	at org.apache.catalina.core.StandardWrapperValve.invoke(StandardWrapperValve.java:202)
	at org.apache.catalina.core.StandardContextValve.invoke(StandardContextValve.java:96)
	at org.apache.catalina.authenticator.AuthenticatorBase.invoke(AuthenticatorBase.java:526)
	at org.apache.catalina.core.StandardHostValve.invoke(StandardHostValve.java:139)
	at org.apache.catalina.valves.ErrorReportValve.invoke(ErrorReportValve.java:92)
	at org.apache.catalina.core.StandardEngineValve.invoke(StandardEngineValve.java:74)
	at org.apache.catalina.connector.CoyoteAdapter.service(CoyoteAdapter.java:343)
	at org.apache.coyote.http11.Http11Processor.service(Http11Processor.java:408)
	at org.apache.coyote.AbstractProcessorLight.process(AbstractProcessorLight.java:66)
	at org.apache.coyote.AbstractProtocol$ConnectionHandler.process(AbstractProtocol.java:861)
	at org.apache.tomcat.util.net.NioEndpoint$SocketProcessor.doRun(NioEndpoint.java:1579)
	at org.apache.tomcat.util.net.SocketProcessorBase.run(SocketProcessorBase.java:49)
	at java.util.concurrent.ThreadPoolExecutor.runWorker(ThreadPoolExecutor.java:1149)
	at java.util.concurrent.ThreadPoolExecutor$Worker.run(ThreadPoolExecutor.java:624)
	at org.apache.tomcat.util.threads.TaskThread$WrappingRunnable.run(TaskThread.java:61)
	at java.lang.Thread.run(Thread.java:748)
Caused by: java.text.ParseException: Unexpected end of expression.
	at org.quartz.CronExpression.buildExpression(CronExpression.java:494)
	at org.quartz.CronExpression.<init>(CronExpression.java:276)
	at org.quartz.CronScheduleBuilder.cronSchedule(CronScheduleBuilder.java:107)
	... 58 common frames omitted
2021-01-16 23:32:19.393 [schedulerFactory_Worker-1] ERROR c.e.springbootdemo.common.quartz.componment.NewJob - New Job执行时间: Sat Jan 16 23:32:19 CST 2021
2021-01-16 23:32:20.013 [schedulerFactory_Worker-2] ERROR c.e.springbootdemo.common.quartz.componment.NewJob - New Job执行时间: Sat Jan 16 23:32:20 CST 2021
2021-01-16 23:32:21.014 [schedulerFactory_Worker-3] ERROR c.e.springbootdemo.common.quartz.componment.NewJob - New Job执行时间: Sat Jan 16 23:32:21 CST 2021
2021-01-16 23:32:22.012 [schedulerFactory_Worker-4] ERROR c.e.springbootdemo.common.quartz.componment.NewJob - New Job执行时间: Sat Jan 16 23:32:22 CST 2021
2021-01-16 23:32:23.014 [schedulerFactory_Worker-5] ERROR c.e.springbootdemo.common.quartz.componment.NewJob - New Job执行时间: Sat Jan 16 23:32:23 CST 2021
2021-01-16 23:32:24.015 [schedulerFactory_Worker-1] ERROR c.e.springbootdemo.common.quartz.componment.NewJob - New Job执行时间: Sat Jan 16 23:32:24 CST 2021
2021-01-16 23:32:25.016 [schedulerFactory_Worker-2] ERROR c.e.springbootdemo.common.quartz.componment.NewJob - New Job执行时间: Sat Jan 16 23:32:25 CST 2021
2021-01-16 23:32:26.011 [schedulerFactory_Worker-3] ERROR c.e.springbootdemo.common.quartz.componment.NewJob - New Job执行时间: Sat Jan 16 23:32:26 CST 2021
2021-01-16 23:32:27.013 [schedulerFactory_Worker-4] ERROR c.e.springbootdemo.common.quartz.componment.NewJob - New Job执行时间: Sat Jan 16 23:32:27 CST 2021
2021-01-16 23:32:28.011 [schedulerFactory_Worker-5] ERROR c.e.springbootdemo.common.quartz.componment.NewJob - New Job执行时间: Sat Jan 16 23:32:28 CST 2021
2021-01-16 23:32:29.013 [schedulerFactory_Worker-1] ERROR c.e.springbootdemo.common.quartz.componment.NewJob - New Job执行时间: Sat Jan 16 23:32:29 CST 2021
2021-01-16 23:32:30.012 [schedulerFactory_Worker-2] ERROR c.e.springbootdemo.common.quartz.componment.NewJob - New Job执行时间: Sat Jan 16 23:32:30 CST 2021
2021-01-16 23:32:31.020 [schedulerFactory_Worker-3] ERROR c.e.springbootdemo.common.quartz.componment.NewJob - New Job执行时间: Sat Jan 16 23:32:31 CST 2021
2021-01-16 23:32:32.016 [schedulerFactory_Worker-4] ERROR c.e.springbootdemo.common.quartz.componment.NewJob - New Job执行时间: Sat Jan 16 23:32:32 CST 2021
2021-01-16 23:32:33.017 [schedulerFactory_Worker-5] ERROR c.e.springbootdemo.common.quartz.componment.NewJob - New Job执行时间: Sat Jan 16 23:32:33 CST 2021
2021-01-16 23:32:34.019 [schedulerFactory_Worker-1] ERROR c.e.springbootdemo.common.quartz.componment.NewJob - New Job执行时间: Sat Jan 16 23:32:34 CST 2021
2021-01-16 23:32:35.017 [schedulerFactory_Worker-2] ERROR c.e.springbootdemo.common.quartz.componment.NewJob - New Job执行时间: Sat Jan 16 23:32:35 CST 2021
2021-01-16 23:32:36.011 [schedulerFactory_Worker-3] ERROR c.e.springbootdemo.common.quartz.componment.NewJob - New Job执行时间: Sat Jan 16 23:32:36 CST 2021
2021-01-16 23:32:37.013 [schedulerFactory_Worker-4] ERROR c.e.springbootdemo.common.quartz.componment.NewJob - New Job执行时间: Sat Jan 16 23:32:37 CST 2021
2021-01-16 23:32:38.011 [schedulerFactory_Worker-5] ERROR c.e.springbootdemo.common.quartz.componment.NewJob - New Job执行时间: Sat Jan 16 23:32:38 CST 2021
2021-01-16 23:32:39.013 [schedulerFactory_Worker-1] ERROR c.e.springbootdemo.common.quartz.componment.NewJob - New Job执行时间: Sat Jan 16 23:32:39 CST 2021
2021-01-16 23:32:40.021 [schedulerFactory_Worker-2] ERROR c.e.springbootdemo.common.quartz.componment.NewJob - New Job执行时间: Sat Jan 16 23:32:40 CST 2021
2021-01-16 23:32:41.016 [schedulerFactory_Worker-3] ERROR c.e.springbootdemo.common.quartz.componment.NewJob - New Job执行时间: Sat Jan 16 23:32:41 CST 2021
2021-01-16 23:32:42.013 [schedulerFactory_Worker-4] ERROR c.e.springbootdemo.common.quartz.componment.NewJob - New Job执行时间: Sat Jan 16 23:32:42 CST 2021
2021-01-16 23:32:43.016 [schedulerFactory_Worker-5] ERROR c.e.springbootdemo.common.quartz.componment.NewJob - New Job执行时间: Sat Jan 16 23:32:43 CST 2021
2021-01-16 23:32:44.013 [schedulerFactory_Worker-1] ERROR c.e.springbootdemo.common.quartz.componment.NewJob - New Job执行时间: Sat Jan 16 23:32:44 CST 2021
2021-01-16 23:33:33.556 [schedulerFactory_Worker-2] ERROR c.e.springbootdemo.common.quartz.componment.NewJob - New Job执行时间: Sat Jan 16 23:33:33 CST 2021
2021-01-16 23:33:34.015 [schedulerFactory_Worker-3] ERROR c.e.springbootdemo.common.quartz.componment.NewJob - New Job执行时间: Sat Jan 16 23:33:34 CST 2021
2021-01-16 23:33:35.021 [schedulerFactory_Worker-4] ERROR c.e.springbootdemo.common.quartz.componment.NewJob - New Job执行时间: Sat Jan 16 23:33:35 CST 2021
2021-01-16 23:33:36.014 [schedulerFactory_Worker-5] ERROR c.e.springbootdemo.common.quartz.componment.NewJob - New Job执行时间: Sat Jan 16 23:33:36 CST 2021
2021-01-16 23:33:37.012 [schedulerFactory_Worker-1] ERROR c.e.springbootdemo.common.quartz.componment.NewJob - New Job执行时间: Sat Jan 16 23:33:37 CST 2021
2021-01-16 23:33:38.014 [schedulerFactory_Worker-2] ERROR c.e.springbootdemo.common.quartz.componment.NewJob - New Job执行时间: Sat Jan 16 23:33:38 CST 2021
2021-01-16 23:33:39.016 [schedulerFactory_Worker-3] ERROR c.e.springbootdemo.common.quartz.componment.NewJob - New Job执行时间: Sat Jan 16 23:33:39 CST 2021
2021-01-16 23:33:40.014 [schedulerFactory_Worker-4] ERROR c.e.springbootdemo.common.quartz.componment.NewJob - New Job执行时间: Sat Jan 16 23:33:40 CST 2021
2021-01-16 23:33:41.013 [schedulerFactory_Worker-5] ERROR c.e.springbootdemo.common.quartz.componment.NewJob - New Job执行时间: Sat Jan 16 23:33:41 CST 2021
2021-01-16 23:33:42.012 [schedulerFactory_Worker-1] ERROR c.e.springbootdemo.common.quartz.componment.NewJob - New Job执行时间: Sat Jan 16 23:33:42 CST 2021
2021-01-16 23:33:43.013 [schedulerFactory_Worker-2] ERROR c.e.springbootdemo.common.quartz.componment.NewJob - New Job执行时间: Sat Jan 16 23:33:43 CST 2021
2021-01-16 23:33:44.015 [schedulerFactory_Worker-3] ERROR c.e.springbootdemo.common.quartz.componment.NewJob - New Job执行时间: Sat Jan 16 23:33:44 CST 2021
2021-01-16 23:33:45.013 [schedulerFactory_Worker-4] ERROR c.e.springbootdemo.common.quartz.componment.NewJob - New Job执行时间: Sat Jan 16 23:33:45 CST 2021
2021-01-16 23:33:46.016 [schedulerFactory_Worker-5] ERROR c.e.springbootdemo.common.quartz.componment.NewJob - New Job执行时间: Sat Jan 16 23:33:46 CST 2021
2021-01-16 23:35:20.479 [schedulerFactory_Worker-1] ERROR c.e.springbootdemo.common.quartz.componment.NewJob - New Job执行时间: Sat Jan 16 23:35:20 CST 2021
2021-01-16 23:35:21.009 [schedulerFactory_Worker-2] ERROR c.e.springbootdemo.common.quartz.componment.NewJob - New Job执行时间: Sat Jan 16 23:35:21 CST 2021
2021-01-16 23:35:22.020 [schedulerFactory_Worker-3] ERROR c.e.springbootdemo.common.quartz.componment.NewJob - New Job执行时间: Sat Jan 16 23:35:22 CST 2021
2021-01-16 23:35:23.014 [schedulerFactory_Worker-4] ERROR c.e.springbootdemo.common.quartz.componment.NewJob - New Job执行时间: Sat Jan 16 23:35:23 CST 2021
2021-01-16 23:35:24.009 [schedulerFactory_Worker-5] ERROR c.e.springbootdemo.common.quartz.componment.NewJob - New Job执行时间: Sat Jan 16 23:35:24 CST 2021
2021-01-16 23:35:25.015 [schedulerFactory_Worker-1] ERROR c.e.springbootdemo.common.quartz.componment.NewJob - New Job执行时间: Sat Jan 16 23:35:25 CST 2021
2021-01-16 23:35:26.011 [schedulerFactory_Worker-2] ERROR c.e.springbootdemo.common.quartz.componment.NewJob - New Job执行时间: Sat Jan 16 23:35:26 CST 2021
2021-01-16 23:35:27.012 [schedulerFactory_Worker-3] ERROR c.e.springbootdemo.common.quartz.componment.NewJob - New Job执行时间: Sat Jan 16 23:35:27 CST 2021
2021-01-16 23:35:28.015 [schedulerFactory_Worker-4] ERROR c.e.springbootdemo.common.quartz.componment.NewJob - New Job执行时间: Sat Jan 16 23:35:28 CST 2021
2021-01-16 23:35:29.013 [schedulerFactory_Worker-5] ERROR c.e.springbootdemo.common.quartz.componment.NewJob - New Job执行时间: Sat Jan 16 23:35:29 CST 2021
2021-01-16 23:35:30.013 [schedulerFactory_Worker-1] ERROR c.e.springbootdemo.common.quartz.componment.NewJob - New Job执行时间: Sat Jan 16 23:35:30 CST 2021
2021-01-16 23:35:31.011 [schedulerFactory_Worker-2] ERROR c.e.springbootdemo.common.quartz.componment.NewJob - New Job执行时间: Sat Jan 16 23:35:31 CST 2021
2021-01-16 23:35:32.014 [schedulerFactory_Worker-3] ERROR c.e.springbootdemo.common.quartz.componment.NewJob - New Job执行时间: Sat Jan 16 23:35:32 CST 2021
2021-01-16 23:35:33.011 [schedulerFactory_Worker-4] ERROR c.e.springbootdemo.common.quartz.componment.NewJob - New Job执行时间: Sat Jan 16 23:35:33 CST 2021
2021-01-16 23:35:34.012 [schedulerFactory_Worker-5] ERROR c.e.springbootdemo.common.quartz.componment.NewJob - New Job执行时间: Sat Jan 16 23:35:34 CST 2021
2021-01-16 23:35:35.011 [schedulerFactory_Worker-1] ERROR c.e.springbootdemo.common.quartz.componment.NewJob - New Job执行时间: Sat Jan 16 23:35:35 CST 2021
2021-01-16 23:35:36.014 [schedulerFactory_Worker-2] ERROR c.e.springbootdemo.common.quartz.componment.NewJob - New Job执行时间: Sat Jan 16 23:35:36 CST 2021
2021-01-16 23:35:37.013 [schedulerFactory_Worker-3] ERROR c.e.springbootdemo.common.quartz.componment.NewJob - New Job执行时间: Sat Jan 16 23:35:37 CST 2021
2021-01-16 23:35:38.014 [schedulerFactory_Worker-4] ERROR c.e.springbootdemo.common.quartz.componment.NewJob - New Job执行时间: Sat Jan 16 23:35:38 CST 2021
2021-01-16 23:35:39.014 [schedulerFactory_Worker-5] ERROR c.e.springbootdemo.common.quartz.componment.NewJob - New Job执行时间: Sat Jan 16 23:35:39 CST 2021
2021-01-16 23:48:49.437 [QuartzScheduler_QuartzScheduler-NON_CLUSTERED_MisfireHandler] ERROR org.quartz.impl.jdbcjobstore.JobStoreTX - MisfireHandler: Error handling misfires: Failed to obtain DB connection from data source 'qzDS': java.sql.SQLException: com.mchange.v2.c3p0.ComboPooledDataSource[ identityToken -> 1hge2niaf3aoxmu6hnxyt|45716cb4, dataSourceName -> 1hge2niaf3aoxmu6hnxyt|45716cb4 ] has been closed() -- you can no longer use it.
org.quartz.JobPersistenceException: Failed to obtain DB connection from data source 'qzDS': java.sql.SQLException: com.mchange.v2.c3p0.ComboPooledDataSource[ identityToken -> 1hge2niaf3aoxmu6hnxyt|45716cb4, dataSourceName -> 1hge2niaf3aoxmu6hnxyt|45716cb4 ] has been closed() -- you can no longer use it.
	at org.quartz.impl.jdbcjobstore.JobStoreSupport.getConnection(JobStoreSupport.java:783)
	at org.quartz.impl.jdbcjobstore.JobStoreTX.getNonManagedTXConnection(JobStoreTX.java:71)
	at org.quartz.impl.jdbcjobstore.JobStoreSupport.doRecoverMisfires(JobStoreSupport.java:3246)
	at org.quartz.impl.jdbcjobstore.JobStoreSupport$MisfireHandler.manage(JobStoreSupport.java:4012)
	at org.quartz.impl.jdbcjobstore.JobStoreSupport$MisfireHandler.run(JobStoreSupport.java:4033)
Caused by: java.sql.SQLException: com.mchange.v2.c3p0.ComboPooledDataSource[ identityToken -> 1hge2niaf3aoxmu6hnxyt|45716cb4, dataSourceName -> 1hge2niaf3aoxmu6hnxyt|45716cb4 ] has been closed() -- you can no longer use it.
	at com.mchange.v2.c3p0.impl.AbstractPoolBackedDataSource.assertCpds(AbstractPoolBackedDataSource.java:512)
	at com.mchange.v2.c3p0.impl.AbstractPoolBackedDataSource.getPoolManager(AbstractPoolBackedDataSource.java:524)
	at com.mchange.v2.c3p0.impl.AbstractPoolBackedDataSource.getConnection(AbstractPoolBackedDataSource.java:140)
	at org.quartz.utils.C3p0PoolingConnectionProvider.getConnection(C3p0PoolingConnectionProvider.java:223)
	at org.quartz.utils.DBConnectionManager.getConnection(DBConnectionManager.java:108)
	at org.quartz.impl.jdbcjobstore.JobStoreSupport.getConnection(JobStoreSupport.java:780)
	... 4 common frames omitted
2021-01-16 23:51:05.291 [restartedMain] ERROR org.springframework.boot.SpringApplication - Application run failed
org.springframework.beans.factory.BeanDefinitionStoreException: Invalid bean definition with name 'org.springframework.web.servlet.handler.MappedInterceptor#1' defined in null: Could not resolve placeholder 'userNumber' in value "${userNumber}"; nested exception is java.lang.IllegalArgumentException: Could not resolve placeholder 'userNumber' in value "${userNumber}"
	at org.springframework.beans.factory.config.PlaceholderConfigurerSupport.doProcessProperties(PlaceholderConfigurerSupport.java:228)
	at org.springframework.context.support.PropertySourcesPlaceholderConfigurer.processProperties(PropertySourcesPlaceholderConfigurer.java:182)
	at org.springframework.context.support.PropertySourcesPlaceholderConfigurer.postProcessBeanFactory(PropertySourcesPlaceholderConfigurer.java:157)
	at org.springframework.context.support.PostProcessorRegistrationDelegate.invokeBeanFactoryPostProcessors(PostProcessorRegistrationDelegate.java:286)
	at org.springframework.context.support.PostProcessorRegistrationDelegate.invokeBeanFactoryPostProcessors(PostProcessorRegistrationDelegate.java:166)
	at org.springframework.context.support.AbstractApplicationContext.invokeBeanFactoryPostProcessors(AbstractApplicationContext.java:706)
	at org.springframework.context.support.AbstractApplicationContext.refresh(AbstractApplicationContext.java:532)
	at org.springframework.boot.web.servlet.context.ServletWebServerApplicationContext.refresh(ServletWebServerApplicationContext.java:141)
	at org.springframework.boot.SpringApplication.refresh(SpringApplication.java:747)
	at org.springframework.boot.SpringApplication.refreshContext(SpringApplication.java:397)
	at org.springframework.boot.SpringApplication.run(SpringApplication.java:315)
	at org.springframework.boot.SpringApplication.run(SpringApplication.java:1226)
	at org.springframework.boot.SpringApplication.run(SpringApplication.java:1215)
	at com.example.springbootdemo.SpringbootDemoApplication.main(SpringbootDemoApplication.java:30)
	at sun.reflect.NativeMethodAccessorImpl.invoke0(Native Method)
	at sun.reflect.NativeMethodAccessorImpl.invoke(NativeMethodAccessorImpl.java:62)
	at sun.reflect.DelegatingMethodAccessorImpl.invoke(DelegatingMethodAccessorImpl.java:43)
	at java.lang.reflect.Method.invoke(Method.java:498)
	at org.springframework.boot.devtools.restart.RestartLauncher.run(RestartLauncher.java:49)
Caused by: java.lang.IllegalArgumentException: Could not resolve placeholder 'userNumber' in value "${userNumber}"
	at org.springframework.util.PropertyPlaceholderHelper.parseStringValue(PropertyPlaceholderHelper.java:178)
	at org.springframework.util.PropertyPlaceholderHelper.replacePlaceholders(PropertyPlaceholderHelper.java:124)
	at org.springframework.core.env.AbstractPropertyResolver.doResolvePlaceholders(AbstractPropertyResolver.java:236)
	at org.springframework.core.env.AbstractPropertyResolver.resolveRequiredPlaceholders(AbstractPropertyResolver.java:210)
	at org.springframework.context.support.PropertySourcesPlaceholderConfigurer.lambda$processProperties$0(PropertySourcesPlaceholderConfigurer.java:175)
	at org.springframework.beans.factory.config.BeanDefinitionVisitor.resolveStringValue(BeanDefinitionVisitor.java:296)
	at org.springframework.beans.factory.config.BeanDefinitionVisitor.resolveValue(BeanDefinitionVisitor.java:217)
	at org.springframework.beans.factory.config.BeanDefinitionVisitor.visitPropertyValues(BeanDefinitionVisitor.java:147)
	at org.springframework.beans.factory.config.BeanDefinitionVisitor.visitBeanDefinition(BeanDefinitionVisitor.java:85)
	at org.springframework.beans.factory.config.BeanDefinitionVisitor.resolveValue(BeanDefinitionVisitor.java:179)
	at org.springframework.beans.factory.config.BeanDefinitionVisitor.visitIndexedArgumentValues(BeanDefinitionVisitor.java:156)
	at org.springframework.beans.factory.config.BeanDefinitionVisitor.visitBeanDefinition(BeanDefinitionVisitor.java:89)
	at org.springframework.beans.factory.config.PlaceholderConfigurerSupport.doProcessProperties(PlaceholderConfigurerSupport.java:225)
	... 18 common frames omitted
2021-01-16 23:59:47.993 [restartedMain] ERROR org.springframework.boot.SpringApplication - Application run failed
org.springframework.beans.factory.UnsatisfiedDependencyException: Error creating bean with name 'documentationPluginsBootstrapper' defined in URL [jar:file:/Users/youxuehu/.m2/repository/io/springfox/springfox-spring-web/2.9.2/springfox-spring-web-2.9.2.jar!/springfox/documentation/spring/web/plugins/DocumentationPluginsBootstrapper.class]: Unsatisfied dependency expressed through constructor parameter 1; nested exception is org.springframework.beans.factory.UnsatisfiedDependencyException: Error creating bean with name 'webMvcRequestHandlerProvider' defined in URL [jar:file:/Users/youxuehu/.m2/repository/io/springfox/springfox-spring-web/2.9.2/springfox-spring-web-2.9.2.jar!/springfox/documentation/spring/web/plugins/WebMvcRequestHandlerProvider.class]: Unsatisfied dependency expressed through constructor parameter 1; nested exception is org.springframework.beans.factory.BeanCreationException: Error creating bean with name 'requestMappingHandlerMapping' defined in class path resource [org/springframework/boot/autoconfigure/web/servlet/WebMvcAutoConfiguration$EnableWebMvcConfiguration.class]: Initialization of bean failed; nested exception is org.springframework.beans.factory.BeanCreationException: Error creating bean with name 'org.springframework.web.servlet.handler.MappedInterceptor#1': Cannot create inner bean 'com.example.springbootdemo.interceptor.AdminInterceptor#0' of type [com.example.springbootdemo.interceptor.AdminInterceptor] while setting constructor argument; nested exception is org.springframework.beans.factory.BeanCreationException: Error creating bean with name 'com.example.springbootdemo.interceptor.AdminInterceptor#0': Injection of autowired dependencies failed; nested exception is java.lang.IllegalArgumentException: Could not resolve placeholder 'admin.userNumber' in value "${admin.userNumber}"
	at org.springframework.beans.factory.support.ConstructorResolver.createArgumentArray(ConstructorResolver.java:787)
	at org.springframework.beans.factory.support.ConstructorResolver.autowireConstructor(ConstructorResolver.java:226)
	at org.springframework.beans.factory.support.AbstractAutowireCapableBeanFactory.autowireConstructor(AbstractAutowireCapableBeanFactory.java:1358)
	at org.springframework.beans.factory.support.AbstractAutowireCapableBeanFactory.createBeanInstance(AbstractAutowireCapableBeanFactory.java:1204)
	at org.springframework.beans.factory.support.AbstractAutowireCapableBeanFactory.doCreateBean(AbstractAutowireCapableBeanFactory.java:557)
	at org.springframework.beans.factory.support.AbstractAutowireCapableBeanFactory.createBean(AbstractAutowireCapableBeanFactory.java:517)
	at org.springframework.beans.factory.support.AbstractBeanFactory.lambda$doGetBean$0(AbstractBeanFactory.java:323)
	at org.springframework.beans.factory.support.DefaultSingletonBeanRegistry.getSingleton(DefaultSingletonBeanRegistry.java:222)
	at org.springframework.beans.factory.support.AbstractBeanFactory.doGetBean(AbstractBeanFactory.java:321)
	at org.springframework.beans.factory.support.AbstractBeanFactory.getBean(AbstractBeanFactory.java:202)
	at org.springframework.beans.factory.support.DefaultListableBeanFactory.preInstantiateSingletons(DefaultListableBeanFactory.java:879)
	at org.springframework.context.support.AbstractApplicationContext.finishBeanFactoryInitialization(AbstractApplicationContext.java:878)
	at org.springframework.context.support.AbstractApplicationContext.refresh(AbstractApplicationContext.java:550)
	at org.springframework.boot.web.servlet.context.ServletWebServerApplicationContext.refresh(ServletWebServerApplicationContext.java:141)
	at org.springframework.boot.SpringApplication.refresh(SpringApplication.java:747)
	at org.springframework.boot.SpringApplication.refreshContext(SpringApplication.java:397)
	at org.springframework.boot.SpringApplication.run(SpringApplication.java:315)
	at org.springframework.boot.SpringApplication.run(SpringApplication.java:1226)
	at org.springframework.boot.SpringApplication.run(SpringApplication.java:1215)
	at com.example.springbootdemo.SpringbootDemoApplication.main(SpringbootDemoApplication.java:30)
	at sun.reflect.NativeMethodAccessorImpl.invoke0(Native Method)
	at sun.reflect.NativeMethodAccessorImpl.invoke(NativeMethodAccessorImpl.java:62)
	at sun.reflect.DelegatingMethodAccessorImpl.invoke(DelegatingMethodAccessorImpl.java:43)
	at java.lang.reflect.Method.invoke(Method.java:498)
	at org.springframework.boot.devtools.restart.RestartLauncher.run(RestartLauncher.java:49)
Caused by: org.springframework.beans.factory.UnsatisfiedDependencyException: Error creating bean with name 'webMvcRequestHandlerProvider' defined in URL [jar:file:/Users/youxuehu/.m2/repository/io/springfox/springfox-spring-web/2.9.2/springfox-spring-web-2.9.2.jar!/springfox/documentation/spring/web/plugins/WebMvcRequestHandlerProvider.class]: Unsatisfied dependency expressed through constructor parameter 1; nested exception is org.springframework.beans.factory.BeanCreationException: Error creating bean with name 'requestMappingHandlerMapping' defined in class path resource [org/springframework/boot/autoconfigure/web/servlet/WebMvcAutoConfiguration$EnableWebMvcConfiguration.class]: Initialization of bean failed; nested exception is org.springframework.beans.factory.BeanCreationException: Error creating bean with name 'org.springframework.web.servlet.handler.MappedInterceptor#1': Cannot create inner bean 'com.example.springbootdemo.interceptor.AdminInterceptor#0' of type [com.example.springbootdemo.interceptor.AdminInterceptor] while setting constructor argument; nested exception is org.springframework.beans.factory.BeanCreationException: Error creating bean with name 'com.example.springbootdemo.interceptor.AdminInterceptor#0': Injection of autowired dependencies failed; nested exception is java.lang.IllegalArgumentException: Could not resolve placeholder 'admin.userNumber' in value "${admin.userNumber}"
	at org.springframework.beans.factory.support.ConstructorResolver.createArgumentArray(ConstructorResolver.java:787)
	at org.springframework.beans.factory.support.ConstructorResolver.autowireConstructor(ConstructorResolver.java:226)
	at org.springframework.beans.factory.support.AbstractAutowireCapableBeanFactory.autowireConstructor(AbstractAutowireCapableBeanFactory.java:1358)
	at org.springframework.beans.factory.support.AbstractAutowireCapableBeanFactory.createBeanInstance(AbstractAutowireCapableBeanFactory.java:1204)
	at org.springframework.beans.factory.support.AbstractAutowireCapableBeanFactory.doCreateBean(AbstractAutowireCapableBeanFactory.java:557)
	at org.springframework.beans.factory.support.AbstractAutowireCapableBeanFactory.createBean(AbstractAutowireCapableBeanFactory.java:517)
	at org.springframework.beans.factory.support.AbstractBeanFactory.lambda$doGetBean$0(AbstractBeanFactory.java:323)
	at org.springframework.beans.factory.support.DefaultSingletonBeanRegistry.getSingleton(DefaultSingletonBeanRegistry.java:222)
	at org.springframework.beans.factory.support.AbstractBeanFactory.doGetBean(AbstractBeanFactory.java:321)
	at org.springframework.beans.factory.support.AbstractBeanFactory.getBean(AbstractBeanFactory.java:202)
	at org.springframework.beans.factory.config.DependencyDescriptor.resolveCandidate(DependencyDescriptor.java:276)
	at org.springframework.beans.factory.support.DefaultListableBeanFactory.addCandidateEntry(DefaultListableBeanFactory.java:1503)
	at org.springframework.beans.factory.support.DefaultListableBeanFactory.findAutowireCandidates(DefaultListableBeanFactory.java:1467)
	at org.springframework.beans.factory.support.DefaultListableBeanFactory.resolveMultipleBeans(DefaultListableBeanFactory.java:1358)
	at org.springframework.beans.factory.support.DefaultListableBeanFactory.doResolveDependency(DefaultListableBeanFactory.java:1245)
	at org.springframework.beans.factory.support.DefaultListableBeanFactory.resolveDependency(DefaultListableBeanFactory.java:1207)
	at org.springframework.beans.factory.support.ConstructorResolver.resolveAutowiredArgument(ConstructorResolver.java:874)
	at org.springframework.beans.factory.support.ConstructorResolver.createArgumentArray(ConstructorResolver.java:778)
	... 24 common frames omitted
Caused by: org.springframework.beans.factory.BeanCreationException: Error creating bean with name 'requestMappingHandlerMapping' defined in class path resource [org/springframework/boot/autoconfigure/web/servlet/WebMvcAutoConfiguration$EnableWebMvcConfiguration.class]: Initialization of bean failed; nested exception is org.springframework.beans.factory.BeanCreationException: Error creating bean with name 'org.springframework.web.servlet.handler.MappedInterceptor#1': Cannot create inner bean 'com.example.springbootdemo.interceptor.AdminInterceptor#0' of type [com.example.springbootdemo.interceptor.AdminInterceptor] while setting constructor argument; nested exception is org.springframework.beans.factory.BeanCreationException: Error creating bean with name 'com.example.springbootdemo.interceptor.AdminInterceptor#0': Injection of autowired dependencies failed; nested exception is java.lang.IllegalArgumentException: Could not resolve placeholder 'admin.userNumber' in value "${admin.userNumber}"
	at org.springframework.beans.factory.support.AbstractAutowireCapableBeanFactory.doCreateBean(AbstractAutowireCapableBeanFactory.java:603)
	at org.springframework.beans.factory.support.AbstractAutowireCapableBeanFactory.createBean(AbstractAutowireCapableBeanFactory.java:517)
	at org.springframework.beans.factory.support.AbstractBeanFactory.lambda$doGetBean$0(AbstractBeanFactory.java:323)
	at org.springframework.beans.factory.support.DefaultSingletonBeanRegistry.getSingleton(DefaultSingletonBeanRegistry.java:222)
	at org.springframework.beans.factory.support.AbstractBeanFactory.doGetBean(AbstractBeanFactory.java:321)
	at org.springframework.beans.factory.support.AbstractBeanFactory.getBean(AbstractBeanFactory.java:202)
	at org.springframework.beans.factory.config.DependencyDescriptor.resolveCandidate(DependencyDescriptor.java:276)
	at org.springframework.beans.factory.support.DefaultListableBeanFactory.addCandidateEntry(DefaultListableBeanFactory.java:1503)
	at org.springframework.beans.factory.support.DefaultListableBeanFactory.findAutowireCandidates(DefaultListableBeanFactory.java:1467)
	at org.springframework.beans.factory.support.DefaultListableBeanFactory.resolveMultipleBeans(DefaultListableBeanFactory.java:1358)
	at org.springframework.beans.factory.support.DefaultListableBeanFactory.doResolveDependency(DefaultListableBeanFactory.java:1245)
	at org.springframework.beans.factory.support.DefaultListableBeanFactory.resolveDependency(DefaultListableBeanFactory.java:1207)
	at org.springframework.beans.factory.support.ConstructorResolver.resolveAutowiredArgument(ConstructorResolver.java:874)
	at org.springframework.beans.factory.support.ConstructorResolver.createArgumentArray(ConstructorResolver.java:778)
	... 41 common frames omitted
Caused by: org.springframework.beans.factory.BeanCreationException: Error creating bean with name 'org.springframework.web.servlet.handler.MappedInterceptor#1': Cannot create inner bean 'com.example.springbootdemo.interceptor.AdminInterceptor#0' of type [com.example.springbootdemo.interceptor.AdminInterceptor] while setting constructor argument; nested exception is org.springframework.beans.factory.BeanCreationException: Error creating bean with name 'com.example.springbootdemo.interceptor.AdminInterceptor#0': Injection of autowired dependencies failed; nested exception is java.lang.IllegalArgumentException: Could not resolve placeholder 'admin.userNumber' in value "${admin.userNumber}"
	at org.springframework.beans.factory.support.BeanDefinitionValueResolver.resolveInnerBean(BeanDefinitionValueResolver.java:389)
	at org.springframework.beans.factory.support.BeanDefinitionValueResolver.resolveValueIfNecessary(BeanDefinitionValueResolver.java:127)
	at org.springframework.beans.factory.support.ConstructorResolver.resolveConstructorArguments(ConstructorResolver.java:680)
	at org.springframework.beans.factory.support.ConstructorResolver.autowireConstructor(ConstructorResolver.java:196)
	at org.springframework.beans.factory.support.AbstractAutowireCapableBeanFactory.autowireConstructor(AbstractAutowireCapableBeanFactory.java:1358)
	at org.springframework.beans.factory.support.AbstractAutowireCapableBeanFactory.createBeanInstance(AbstractAutowireCapableBeanFactory.java:1204)
	at org.springframework.beans.factory.support.AbstractAutowireCapableBeanFactory.doCreateBean(AbstractAutowireCapableBeanFactory.java:557)
	at org.springframework.beans.factory.support.AbstractAutowireCapableBeanFactory.createBean(AbstractAutowireCapableBeanFactory.java:517)
	at org.springframework.beans.factory.support.AbstractBeanFactory.lambda$doGetBean$0(AbstractBeanFactory.java:323)
	at org.springframework.beans.factory.support.DefaultSingletonBeanRegistry.getSingleton(DefaultSingletonBeanRegistry.java:222)
	at org.springframework.beans.factory.support.AbstractBeanFactory.doGetBean(AbstractBeanFactory.java:321)
	at org.springframework.beans.factory.support.AbstractBeanFactory.getBean(AbstractBeanFactory.java:202)
	at org.springframework.beans.factory.support.DefaultListableBeanFactory.getBeansOfType(DefaultListableBeanFactory.java:617)
	at org.springframework.context.support.AbstractApplicationContext.getBeansOfType(AbstractApplicationContext.java:1250)
	at org.springframework.beans.factory.BeanFactoryUtils.beansOfTypeIncludingAncestors(BeanFactoryUtils.java:378)
	at org.springframework.web.servlet.handler.AbstractHandlerMapping.detectMappedInterceptors(AbstractHandlerMapping.java:310)
	at org.springframework.web.servlet.handler.AbstractHandlerMapping.initApplicationContext(AbstractHandlerMapping.java:285)
	at org.springframework.context.support.ApplicationObjectSupport.initApplicationContext(ApplicationObjectSupport.java:124)
	at org.springframework.web.context.support.WebApplicationObjectSupport.initApplicationContext(WebApplicationObjectSupport.java:78)
	at org.springframework.context.support.ApplicationObjectSupport.setApplicationContext(ApplicationObjectSupport.java:78)
	at org.springframework.context.support.ApplicationContextAwareProcessor.invokeAwareInterfaces(ApplicationContextAwareProcessor.java:123)
	at org.springframework.context.support.ApplicationContextAwareProcessor.postProcessBeforeInitialization(ApplicationContextAwareProcessor.java:100)
	at org.springframework.beans.factory.support.AbstractAutowireCapableBeanFactory.applyBeanPostProcessorsBeforeInitialization(AbstractAutowireCapableBeanFactory.java:416)
	at org.springframework.beans.factory.support.AbstractAutowireCapableBeanFactory.initializeBean(AbstractAutowireCapableBeanFactory.java:1795)
	at org.springframework.beans.factory.support.AbstractAutowireCapableBeanFactory.doCreateBean(AbstractAutowireCapableBeanFactory.java:595)
	... 54 common frames omitted
Caused by: org.springframework.beans.factory.BeanCreationException: Error creating bean with name 'com.example.springbootdemo.interceptor.AdminInterceptor#0': Injection of autowired dependencies failed; nested exception is java.lang.IllegalArgumentException: Could not resolve placeholder 'admin.userNumber' in value "${admin.userNumber}"
	at org.springframework.beans.factory.annotation.AutowiredAnnotationBeanPostProcessor.postProcessProperties(AutowiredAnnotationBeanPostProcessor.java:403)
	at org.springframework.beans.factory.support.AbstractAutowireCapableBeanFactory.populateBean(AbstractAutowireCapableBeanFactory.java:1429)
	at org.springframework.beans.factory.support.AbstractAutowireCapableBeanFactory.doCreateBean(AbstractAutowireCapableBeanFactory.java:594)
	at org.springframework.beans.factory.support.AbstractAutowireCapableBeanFactory.createBean(AbstractAutowireCapableBeanFactory.java:517)
	at org.springframework.beans.factory.support.BeanDefinitionValueResolver.resolveInnerBean(BeanDefinitionValueResolver.java:374)
	... 78 common frames omitted
Caused by: java.lang.IllegalArgumentException: Could not resolve placeholder 'admin.userNumber' in value "${admin.userNumber}"
	at org.springframework.util.PropertyPlaceholderHelper.parseStringValue(PropertyPlaceholderHelper.java:178)
	at org.springframework.util.PropertyPlaceholderHelper.replacePlaceholders(PropertyPlaceholderHelper.java:124)
	at org.springframework.core.env.AbstractPropertyResolver.doResolvePlaceholders(AbstractPropertyResolver.java:236)
	at org.springframework.core.env.AbstractPropertyResolver.resolveRequiredPlaceholders(AbstractPropertyResolver.java:210)
	at org.springframework.context.support.PropertySourcesPlaceholderConfigurer.lambda$processProperties$0(PropertySourcesPlaceholderConfigurer.java:175)
	at org.springframework.beans.factory.support.AbstractBeanFactory.resolveEmbeddedValue(AbstractBeanFactory.java:908)
	at org.springframework.beans.factory.support.DefaultListableBeanFactory.doResolveDependency(DefaultListableBeanFactory.java:1228)
	at org.springframework.beans.factory.support.DefaultListableBeanFactory.resolveDependency(DefaultListableBeanFactory.java:1207)
	at org.springframework.beans.factory.annotation.AutowiredAnnotationBeanPostProcessor$AutowiredFieldElement.inject(AutowiredAnnotationBeanPostProcessor.java:636)
	at org.springframework.beans.factory.annotation.InjectionMetadata.inject(InjectionMetadata.java:116)
	at org.springframework.beans.factory.annotation.AutowiredAnnotationBeanPostProcessor.postProcessProperties(AutowiredAnnotationBeanPostProcessor.java:397)
	... 82 common frames omitted
